<html>
<head>
<title>TestNG:  App Test Cases</title>
<link href="../testng.css" rel="stylesheet" type="text/css" />
<link href="../my-testng.css" rel="stylesheet" type="text/css" />

<style type="text/css">
.log { display: none;} 
.stack-trace { display: none;} 
</style>
<script type="text/javascript">
<!--
function flip(e) {
  current = e.style.display;
  if (current == 'block') {
    e.style.display = 'none';
    return 0;
  }
  else {
    e.style.display = 'block';
    return 1;
  }
}

function toggleBox(szDivId, elem, msg1, msg2)
{
  var res = -1;  if (document.getElementById) {
    res = flip(document.getElementById(szDivId));
  }
  else if (document.all) {
    // this is the way old msie versions work
    res = flip(document.all[szDivId]);
  }
  if(elem) {
    if(res == 0) elem.innerHTML = msg1; else elem.innerHTML = msg2;
  }

}

function toggleAllBoxes() {
  if (document.getElementsByTagName) {
    d = document.getElementsByTagName('div');
    for (i = 0; i < d.length; i++) {
      if (d[i].className == 'log') {
        flip(d[i]);
      }
    }
  }
}

// -->
</script>

</head>
<body>
<h2 align='center'>App Test Cases</h2><table border='1' align="center">
<tr>
<td>Tests passed/Failed/Skipped:</td><td>30/2/0</td>
</tr><tr>
<td>Started on:</td><td>Sun Nov 17 19:27:38 IST 2019</td>
</tr>
<tr><td>Total time:</td><td>643 seconds (643325 ms)</td>
</tr><tr>
<td>Included groups:</td><td></td>
</tr><tr>
<td>Excluded groups:</td><td></td>
</tr>
</table><p/>
<small><i>(Hover the method name to see the test class name)</i></small><p/>
<table width='100%' border='1' class='invocation-failed'>
<tr><td colspan='4' align='center'><b>FAILED TESTS</b></td></tr>
<tr><td><b>Test method</b></td>
<td width="30%"><b>Exception</b></td>
<td width="10%"><b>Time (seconds)</b></td>
<td><b>Instance</b></td>
</tr>
<tr>
<td title='com.psc.testcases.T_5_PaymentShippingTest$T_4_OrdersPageTest.ValidatAdminCarriersTest()'><b>ValidatAdminCarriersTest</b><br>Test class: com.psc.testcases.T_5_PaymentShippingTest$T_4_OrdersPageTest</td>
<td><div><pre>org.openqa.selenium.InvalidSelectorException: invalid selector: Unable to locate an element with the xpath expression //*[@id=\&quot;maintab-AdminParentShipping\&quot;]/a because of the following error:
SyntaxError: Failed to execute &apos;evaluate&apos; on &apos;Document&apos;: The string &apos;//*[@id=\&quot;maintab-AdminParentShipping\&quot;]/a&apos; is not a valid XPath expression.
  (Session info: chrome=78.0.3904.97)
  (Driver info: chromedriver=78.0.3904.70 (edb9c9f3de0247fd912a77b7f6cae7447f6d3ad5-refs/branch-heads/3904@{#800}),platform=Windows NT 10.0.18362 x86_64) (WARNING: The server did not provide any stacktrace information)
Command duration or timeout: 63 milliseconds
For documentation on this error, please visit: http://seleniumhq.org/exceptions/invalid_selector_exception.html
Build info: version: &apos;2.52.0&apos;, revision: &apos;4c2593cfc3689a7fcd7be52549167e5ccc93ad28&apos;, time: &apos;2016-02-11 11:22:43&apos;
System info: host: &apos;DESKTOP-U9QO90T&apos;, ip: &apos;192.168.0.105&apos;, os.name: &apos;Windows 10&apos;, os.arch: &apos;amd64&apos;, os.version: &apos;10.0&apos;, java.version: &apos;1.8.0_121&apos;
Driver info: org.openqa.selenium.chrome.ChromeDriver
Capabilities [{mobileEmulationEnabled=false, timeouts={implicit=0, pageLoad=300000, script=30000}, hasTouchScreen=false, platform=XP, acceptSslCerts=false, goog:chromeOptions={debuggerAddress=localhost:55937}, acceptInsecureCerts=false, webStorageEnabled=true, browserName=chrome, takesScreenshot=true, javascriptEnabled=true, setWindowRect=true, unexpectedAlertBehaviour=ignore, applicationCacheEnabled=false, rotatable=false, networkConnectionEnabled=false, chrome={chromedriverVersion=78.0.3904.70 (edb9c9f3de0247fd912a77b7f6cae7447f6d3ad5-refs/branch-heads/3904@{#800}), userDataDir=C:\Users\SHUBHA~1\AppData\Local\Temp\scoped_dir13880_2037082683}, takesHeapSnapshot=true, pageLoadStrategy=normal, strictFileInteractability=false, databaseEnabled=false, handlesAlerts=true, version=78.0.3904.97, browserConnectionEnabled=false, proxy={}, nativeEvents=true, locationContextEnabled=true, cssSelectorsEnabled=true}]
Session ID: bc3704d08dfa03f36af3feff9b80dc38
*** Element info: {Using=xpath, value=//*[@id=\&quot;maintab-AdminParentShipping\&quot;]/a}
	at org.openqa.selenium.remote.ErrorHandler.createThrowable(ErrorHandler.java:206)
	at org.openqa.selenium.remote.ErrorHandler.throwIfResponseFailed(ErrorHandler.java:158)
	at org.openqa.selenium.remote.RemoteWebDriver.execute(RemoteWebDriver.java:678)
	at org.openqa.selenium.remote.RemoteWebDriver.findElement(RemoteWebDriver.java:363)
	at org.openqa.selenium.remote.RemoteWebDriver.findElementByXPath(RemoteWebDriver.java:500)
	at org.openqa.selenium.By$ByXPath.findElement(By.java:361)
	at org.openqa.selenium.remote.RemoteWebDriver.findElement(RemoteWebDriver.java:355)
	at org.openqa.selenium.support.pagefactory.DefaultElementLocator.findElement(DefaultElementLocator.java:69)
	at org.openqa.selenium.support.pagefactory.internal.LocatingElementHandler.invoke(LocatingElementHandler.java:38)
	at com.sun.proxy.$Proxy7.getCoordinates(Unknown Source)
	at org.openqa.selenium.interactions.internal.MouseAction.getActionLocation(MouseAction.java:51)
	at org.openqa.selenium.interactions.MoveMouseAction.perform(MoveMouseAction.java:39)
	at org.openqa.selenium.interactions.CompositeAction.perform(CompositeAction.java:50)
	at com.psc.Pages.P_5_Payment_Shipping.VerifyAdminCarriers(P_5_Payment_Shipping.java:67)
	at com.psc.testcases.T_5_PaymentShippingTest$T_4_OrdersPageTest.ValidatAdminCarriersTest(T_5_PaymentShippingTest.java:66)
	at java.util.ArrayList.forEach(ArrayList.java:1249)
... Removed 31 stack frames</pre></div><a href='#' onClick='toggleBox("stack-trace1052212904", this, "Click to show all stack frames", "Click to hide stack frames")'>Click to show all stack frames</a>
<div class='stack-trace' id='stack-trace1052212904'><pre>org.openqa.selenium.InvalidSelectorException: invalid selector: Unable to locate an element with the xpath expression //*[@id=\&quot;maintab-AdminParentShipping\&quot;]/a because of the following error:
SyntaxError: Failed to execute &apos;evaluate&apos; on &apos;Document&apos;: The string &apos;//*[@id=\&quot;maintab-AdminParentShipping\&quot;]/a&apos; is not a valid XPath expression.
  (Session info: chrome=78.0.3904.97)
  (Driver info: chromedriver=78.0.3904.70 (edb9c9f3de0247fd912a77b7f6cae7447f6d3ad5-refs/branch-heads/3904@{#800}),platform=Windows NT 10.0.18362 x86_64) (WARNING: The server did not provide any stacktrace information)
Command duration or timeout: 63 milliseconds
For documentation on this error, please visit: http://seleniumhq.org/exceptions/invalid_selector_exception.html
Build info: version: &apos;2.52.0&apos;, revision: &apos;4c2593cfc3689a7fcd7be52549167e5ccc93ad28&apos;, time: &apos;2016-02-11 11:22:43&apos;
System info: host: &apos;DESKTOP-U9QO90T&apos;, ip: &apos;192.168.0.105&apos;, os.name: &apos;Windows 10&apos;, os.arch: &apos;amd64&apos;, os.version: &apos;10.0&apos;, java.version: &apos;1.8.0_121&apos;
Driver info: org.openqa.selenium.chrome.ChromeDriver
Capabilities [{mobileEmulationEnabled=false, timeouts={implicit=0, pageLoad=300000, script=30000}, hasTouchScreen=false, platform=XP, acceptSslCerts=false, goog:chromeOptions={debuggerAddress=localhost:55937}, acceptInsecureCerts=false, webStorageEnabled=true, browserName=chrome, takesScreenshot=true, javascriptEnabled=true, setWindowRect=true, unexpectedAlertBehaviour=ignore, applicationCacheEnabled=false, rotatable=false, networkConnectionEnabled=false, chrome={chromedriverVersion=78.0.3904.70 (edb9c9f3de0247fd912a77b7f6cae7447f6d3ad5-refs/branch-heads/3904@{#800}), userDataDir=C:\Users\SHUBHA~1\AppData\Local\Temp\scoped_dir13880_2037082683}, takesHeapSnapshot=true, pageLoadStrategy=normal, strictFileInteractability=false, databaseEnabled=false, handlesAlerts=true, version=78.0.3904.97, browserConnectionEnabled=false, proxy={}, nativeEvents=true, locationContextEnabled=true, cssSelectorsEnabled=true}]
Session ID: bc3704d08dfa03f36af3feff9b80dc38
*** Element info: {Using=xpath, value=//*[@id=\&quot;maintab-AdminParentShipping\&quot;]/a}
	at sun.reflect.NativeConstructorAccessorImpl.newInstance0(Native Method)
	at sun.reflect.NativeConstructorAccessorImpl.newInstance(NativeConstructorAccessorImpl.java:62)
	at sun.reflect.DelegatingConstructorAccessorImpl.newInstance(DelegatingConstructorAccessorImpl.java:45)
	at java.lang.reflect.Constructor.newInstance(Constructor.java:423)
	at org.openqa.selenium.remote.ErrorHandler.createThrowable(ErrorHandler.java:206)
	at org.openqa.selenium.remote.ErrorHandler.throwIfResponseFailed(ErrorHandler.java:158)
	at org.openqa.selenium.remote.RemoteWebDriver.execute(RemoteWebDriver.java:678)
	at org.openqa.selenium.remote.RemoteWebDriver.findElement(RemoteWebDriver.java:363)
	at org.openqa.selenium.remote.RemoteWebDriver.findElementByXPath(RemoteWebDriver.java:500)
	at org.openqa.selenium.By$ByXPath.findElement(By.java:361)
	at org.openqa.selenium.remote.RemoteWebDriver.findElement(RemoteWebDriver.java:355)
	at org.openqa.selenium.support.pagefactory.DefaultElementLocator.findElement(DefaultElementLocator.java:69)
	at org.openqa.selenium.support.pagefactory.internal.LocatingElementHandler.invoke(LocatingElementHandler.java:38)
	at com.sun.proxy.$Proxy7.getCoordinates(Unknown Source)
	at org.openqa.selenium.interactions.internal.MouseAction.getActionLocation(MouseAction.java:51)
	at org.openqa.selenium.interactions.MoveMouseAction.perform(MoveMouseAction.java:39)
	at org.openqa.selenium.interactions.CompositeAction.perform(CompositeAction.java:50)
	at com.psc.Pages.P_5_Payment_Shipping.VerifyAdminCarriers(P_5_Payment_Shipping.java:67)
	at com.psc.testcases.T_5_PaymentShippingTest$T_4_OrdersPageTest.ValidatAdminCarriersTest(T_5_PaymentShippingTest.java:66)
	at sun.reflect.NativeMethodAccessorImpl.invoke0(Native Method)
	at sun.reflect.NativeMethodAccessorImpl.invoke(NativeMethodAccessorImpl.java:62)
	at sun.reflect.DelegatingMethodAccessorImpl.invoke(DelegatingMethodAccessorImpl.java:43)
	at java.lang.reflect.Method.invoke(Method.java:498)
	at org.testng.internal.MethodInvocationHelper.invokeMethod(MethodInvocationHelper.java:133)
	at org.testng.internal.TestInvoker.invokeMethod(TestInvoker.java:584)
	at org.testng.internal.TestInvoker.invokeTestMethod(TestInvoker.java:172)
	at org.testng.internal.MethodRunner.runInSequence(MethodRunner.java:46)
	at org.testng.internal.TestInvoker$MethodInvocationAgent.invoke(TestInvoker.java:804)
	at org.testng.internal.TestInvoker.invokeTestMethods(TestInvoker.java:145)
	at org.testng.internal.TestMethodWorker.invokeTestMethods(TestMethodWorker.java:146)
	at org.testng.internal.TestMethodWorker.run(TestMethodWorker.java:128)
	at java.util.ArrayList.forEach(ArrayList.java:1249)
	at org.testng.TestRunner.privateRun(TestRunner.java:770)
	at org.testng.TestRunner.run(TestRunner.java:591)
	at org.testng.SuiteRunner.runTest(SuiteRunner.java:402)
	at org.testng.SuiteRunner.runSequentially(SuiteRunner.java:396)
	at org.testng.SuiteRunner.privateRun(SuiteRunner.java:355)
	at org.testng.SuiteRunner.run(SuiteRunner.java:304)
	at org.testng.SuiteRunnerWorker.runSuite(SuiteRunnerWorker.java:53)
	at org.testng.SuiteRunnerWorker.run(SuiteRunnerWorker.java:96)
	at org.testng.TestNG.runSuitesSequentially(TestNG.java:1180)
	at org.testng.TestNG.runSuitesLocally(TestNG.java:1102)
	at org.testng.TestNG.runSuites(TestNG.java:1032)
	at org.testng.TestNG.run(TestNG.java:1000)
	at org.testng.remote.AbstractRemoteTestNG.run(AbstractRemoteTestNG.java:115)
	at org.testng.remote.RemoteTestNG.initAndRun(RemoteTestNG.java:251)
	at org.testng.remote.RemoteTestNG.main(RemoteTestNG.java:77)
</pre></div></td>
<td>0</td>
<td>com.psc.testcases.T_5_PaymentShippingTest$T_4_OrdersPageTest@3bd94634</td></tr>
<tr>
<td title='com.psc.testcases.T_5_PaymentShippingTest$T_4_OrdersPageTest.ValidatPreferencesTest()'><b>ValidatPreferencesTest</b><br>Test class: com.psc.testcases.T_5_PaymentShippingTest$T_4_OrdersPageTest</td>
<td><div><pre>org.openqa.selenium.InvalidSelectorException: invalid selector: Unable to locate an element with the xpath expression //*[@id=\&quot;maintab-AdminParentShipping\&quot;]/a because of the following error:
SyntaxError: Failed to execute &apos;evaluate&apos; on &apos;Document&apos;: The string &apos;//*[@id=\&quot;maintab-AdminParentShipping\&quot;]/a&apos; is not a valid XPath expression.
  (Session info: chrome=78.0.3904.97)
  (Driver info: chromedriver=78.0.3904.70 (edb9c9f3de0247fd912a77b7f6cae7447f6d3ad5-refs/branch-heads/3904@{#800}),platform=Windows NT 10.0.18362 x86_64) (WARNING: The server did not provide any stacktrace information)
Command duration or timeout: 63 milliseconds
For documentation on this error, please visit: http://seleniumhq.org/exceptions/invalid_selector_exception.html
Build info: version: &apos;2.52.0&apos;, revision: &apos;4c2593cfc3689a7fcd7be52549167e5ccc93ad28&apos;, time: &apos;2016-02-11 11:22:43&apos;
System info: host: &apos;DESKTOP-U9QO90T&apos;, ip: &apos;192.168.0.105&apos;, os.name: &apos;Windows 10&apos;, os.arch: &apos;amd64&apos;, os.version: &apos;10.0&apos;, java.version: &apos;1.8.0_121&apos;
Driver info: org.openqa.selenium.chrome.ChromeDriver
Capabilities [{mobileEmulationEnabled=false, timeouts={implicit=0, pageLoad=300000, script=30000}, hasTouchScreen=false, platform=XP, acceptSslCerts=false, goog:chromeOptions={debuggerAddress=localhost:56035}, acceptInsecureCerts=false, webStorageEnabled=true, browserName=chrome, takesScreenshot=true, javascriptEnabled=true, setWindowRect=true, unexpectedAlertBehaviour=ignore, applicationCacheEnabled=false, rotatable=false, networkConnectionEnabled=false, chrome={chromedriverVersion=78.0.3904.70 (edb9c9f3de0247fd912a77b7f6cae7447f6d3ad5-refs/branch-heads/3904@{#800}), userDataDir=C:\Users\SHUBHA~1\AppData\Local\Temp\scoped_dir3484_828794503}, takesHeapSnapshot=true, pageLoadStrategy=normal, strictFileInteractability=false, databaseEnabled=false, handlesAlerts=true, version=78.0.3904.97, browserConnectionEnabled=false, proxy={}, nativeEvents=true, locationContextEnabled=true, cssSelectorsEnabled=true}]
Session ID: 70ff595a46a4d440d43152207537299b
*** Element info: {Using=xpath, value=//*[@id=\&quot;maintab-AdminParentShipping\&quot;]/a}
	at org.openqa.selenium.remote.ErrorHandler.createThrowable(ErrorHandler.java:206)
	at org.openqa.selenium.remote.ErrorHandler.throwIfResponseFailed(ErrorHandler.java:158)
	at org.openqa.selenium.remote.RemoteWebDriver.execute(RemoteWebDriver.java:678)
	at org.openqa.selenium.remote.RemoteWebDriver.findElement(RemoteWebDriver.java:363)
	at org.openqa.selenium.remote.RemoteWebDriver.findElementByXPath(RemoteWebDriver.java:500)
	at org.openqa.selenium.By$ByXPath.findElement(By.java:361)
	at org.openqa.selenium.remote.RemoteWebDriver.findElement(RemoteWebDriver.java:355)
	at org.openqa.selenium.support.pagefactory.DefaultElementLocator.findElement(DefaultElementLocator.java:69)
	at org.openqa.selenium.support.pagefactory.internal.LocatingElementHandler.invoke(LocatingElementHandler.java:38)
	at com.sun.proxy.$Proxy7.getCoordinates(Unknown Source)
	at org.openqa.selenium.interactions.internal.MouseAction.getActionLocation(MouseAction.java:51)
	at org.openqa.selenium.interactions.MoveMouseAction.perform(MoveMouseAction.java:39)
	at org.openqa.selenium.interactions.CompositeAction.perform(CompositeAction.java:50)
	at com.psc.Pages.P_5_Payment_Shipping.VerifyPreferences(P_5_Payment_Shipping.java:75)
	at com.psc.testcases.T_5_PaymentShippingTest$T_4_OrdersPageTest.ValidatPreferencesTest(T_5_PaymentShippingTest.java:72)
	at java.util.ArrayList.forEach(ArrayList.java:1249)
... Removed 31 stack frames</pre></div><a href='#' onClick='toggleBox("stack-trace1201466784", this, "Click to show all stack frames", "Click to hide stack frames")'>Click to show all stack frames</a>
<div class='stack-trace' id='stack-trace1201466784'><pre>org.openqa.selenium.InvalidSelectorException: invalid selector: Unable to locate an element with the xpath expression //*[@id=\&quot;maintab-AdminParentShipping\&quot;]/a because of the following error:
SyntaxError: Failed to execute &apos;evaluate&apos; on &apos;Document&apos;: The string &apos;//*[@id=\&quot;maintab-AdminParentShipping\&quot;]/a&apos; is not a valid XPath expression.
  (Session info: chrome=78.0.3904.97)
  (Driver info: chromedriver=78.0.3904.70 (edb9c9f3de0247fd912a77b7f6cae7447f6d3ad5-refs/branch-heads/3904@{#800}),platform=Windows NT 10.0.18362 x86_64) (WARNING: The server did not provide any stacktrace information)
Command duration or timeout: 63 milliseconds
For documentation on this error, please visit: http://seleniumhq.org/exceptions/invalid_selector_exception.html
Build info: version: &apos;2.52.0&apos;, revision: &apos;4c2593cfc3689a7fcd7be52549167e5ccc93ad28&apos;, time: &apos;2016-02-11 11:22:43&apos;
System info: host: &apos;DESKTOP-U9QO90T&apos;, ip: &apos;192.168.0.105&apos;, os.name: &apos;Windows 10&apos;, os.arch: &apos;amd64&apos;, os.version: &apos;10.0&apos;, java.version: &apos;1.8.0_121&apos;
Driver info: org.openqa.selenium.chrome.ChromeDriver
Capabilities [{mobileEmulationEnabled=false, timeouts={implicit=0, pageLoad=300000, script=30000}, hasTouchScreen=false, platform=XP, acceptSslCerts=false, goog:chromeOptions={debuggerAddress=localhost:56035}, acceptInsecureCerts=false, webStorageEnabled=true, browserName=chrome, takesScreenshot=true, javascriptEnabled=true, setWindowRect=true, unexpectedAlertBehaviour=ignore, applicationCacheEnabled=false, rotatable=false, networkConnectionEnabled=false, chrome={chromedriverVersion=78.0.3904.70 (edb9c9f3de0247fd912a77b7f6cae7447f6d3ad5-refs/branch-heads/3904@{#800}), userDataDir=C:\Users\SHUBHA~1\AppData\Local\Temp\scoped_dir3484_828794503}, takesHeapSnapshot=true, pageLoadStrategy=normal, strictFileInteractability=false, databaseEnabled=false, handlesAlerts=true, version=78.0.3904.97, browserConnectionEnabled=false, proxy={}, nativeEvents=true, locationContextEnabled=true, cssSelectorsEnabled=true}]
Session ID: 70ff595a46a4d440d43152207537299b
*** Element info: {Using=xpath, value=//*[@id=\&quot;maintab-AdminParentShipping\&quot;]/a}
	at sun.reflect.NativeConstructorAccessorImpl.newInstance0(Native Method)
	at sun.reflect.NativeConstructorAccessorImpl.newInstance(NativeConstructorAccessorImpl.java:62)
	at sun.reflect.DelegatingConstructorAccessorImpl.newInstance(DelegatingConstructorAccessorImpl.java:45)
	at java.lang.reflect.Constructor.newInstance(Constructor.java:423)
	at org.openqa.selenium.remote.ErrorHandler.createThrowable(ErrorHandler.java:206)
	at org.openqa.selenium.remote.ErrorHandler.throwIfResponseFailed(ErrorHandler.java:158)
	at org.openqa.selenium.remote.RemoteWebDriver.execute(RemoteWebDriver.java:678)
	at org.openqa.selenium.remote.RemoteWebDriver.findElement(RemoteWebDriver.java:363)
	at org.openqa.selenium.remote.RemoteWebDriver.findElementByXPath(RemoteWebDriver.java:500)
	at org.openqa.selenium.By$ByXPath.findElement(By.java:361)
	at org.openqa.selenium.remote.RemoteWebDriver.findElement(RemoteWebDriver.java:355)
	at org.openqa.selenium.support.pagefactory.DefaultElementLocator.findElement(DefaultElementLocator.java:69)
	at org.openqa.selenium.support.pagefactory.internal.LocatingElementHandler.invoke(LocatingElementHandler.java:38)
	at com.sun.proxy.$Proxy7.getCoordinates(Unknown Source)
	at org.openqa.selenium.interactions.internal.MouseAction.getActionLocation(MouseAction.java:51)
	at org.openqa.selenium.interactions.MoveMouseAction.perform(MoveMouseAction.java:39)
	at org.openqa.selenium.interactions.CompositeAction.perform(CompositeAction.java:50)
	at com.psc.Pages.P_5_Payment_Shipping.VerifyPreferences(P_5_Payment_Shipping.java:75)
	at com.psc.testcases.T_5_PaymentShippingTest$T_4_OrdersPageTest.ValidatPreferencesTest(T_5_PaymentShippingTest.java:72)
	at sun.reflect.NativeMethodAccessorImpl.invoke0(Native Method)
	at sun.reflect.NativeMethodAccessorImpl.invoke(NativeMethodAccessorImpl.java:62)
	at sun.reflect.DelegatingMethodAccessorImpl.invoke(DelegatingMethodAccessorImpl.java:43)
	at java.lang.reflect.Method.invoke(Method.java:498)
	at org.testng.internal.MethodInvocationHelper.invokeMethod(MethodInvocationHelper.java:133)
	at org.testng.internal.TestInvoker.invokeMethod(TestInvoker.java:584)
	at org.testng.internal.TestInvoker.invokeTestMethod(TestInvoker.java:172)
	at org.testng.internal.MethodRunner.runInSequence(MethodRunner.java:46)
	at org.testng.internal.TestInvoker$MethodInvocationAgent.invoke(TestInvoker.java:804)
	at org.testng.internal.TestInvoker.invokeTestMethods(TestInvoker.java:145)
	at org.testng.internal.TestMethodWorker.invokeTestMethods(TestMethodWorker.java:146)
	at org.testng.internal.TestMethodWorker.run(TestMethodWorker.java:128)
	at java.util.ArrayList.forEach(ArrayList.java:1249)
	at org.testng.TestRunner.privateRun(TestRunner.java:770)
	at org.testng.TestRunner.run(TestRunner.java:591)
	at org.testng.SuiteRunner.runTest(SuiteRunner.java:402)
	at org.testng.SuiteRunner.runSequentially(SuiteRunner.java:396)
	at org.testng.SuiteRunner.privateRun(SuiteRunner.java:355)
	at org.testng.SuiteRunner.run(SuiteRunner.java:304)
	at org.testng.SuiteRunnerWorker.runSuite(SuiteRunnerWorker.java:53)
	at org.testng.SuiteRunnerWorker.run(SuiteRunnerWorker.java:96)
	at org.testng.TestNG.runSuitesSequentially(TestNG.java:1180)
	at org.testng.TestNG.runSuitesLocally(TestNG.java:1102)
	at org.testng.TestNG.runSuites(TestNG.java:1032)
	at org.testng.TestNG.run(TestNG.java:1000)
	at org.testng.remote.AbstractRemoteTestNG.run(AbstractRemoteTestNG.java:115)
	at org.testng.remote.RemoteTestNG.initAndRun(RemoteTestNG.java:251)
	at org.testng.remote.RemoteTestNG.main(RemoteTestNG.java:77)
</pre></div></td>
<td>0</td>
<td>com.psc.testcases.T_5_PaymentShippingTest$T_4_OrdersPageTest@3bd94634</td></tr>
</table><p>
<table width='100%' border='1' class='invocation-passed'>
<tr><td colspan='4' align='center'><b>PASSED TESTS</b></td></tr>
<tr><td><b>Test method</b></td>
<td width="30%"><b>Exception</b></td>
<td width="10%"><b>Time (seconds)</b></td>
<td><b>Instance</b></td>
</tr>
<tr>
<td title='com.psc.testcases.T_3_CustomerPageTest.ValidatAddressesTest()'><b>ValidatAddressesTest</b><br>Test class: com.psc.testcases.T_3_CustomerPageTest</td>
<td></td>
<td>5</td>
<td>com.psc.testcases.T_3_CustomerPageTest@2a40cd94</td></tr>
<tr>
<td title='com.psc.testcases.T_3_CustomerPageTest.ValidatContactsTest()'><b>ValidatContactsTest</b><br>Test class: com.psc.testcases.T_3_CustomerPageTest</td>
<td></td>
<td>4</td>
<td>com.psc.testcases.T_3_CustomerPageTest@2a40cd94</td></tr>
<tr>
<td title='com.psc.testcases.T_4_OrdersPageTest.ValidatCreditSlipsTest()'><b>ValidatCreditSlipsTest</b><br>Test class: com.psc.testcases.T_4_OrdersPageTest</td>
<td></td>
<td>4</td>
<td>com.psc.testcases.T_4_OrdersPageTest@f4168b8</td></tr>
<tr>
<td title='com.psc.testcases.T_3_CustomerPageTest.ValidatCustomerServicesTest()'><b>ValidatCustomerServicesTest</b><br>Test class: com.psc.testcases.T_3_CustomerPageTest</td>
<td></td>
<td>5</td>
<td>com.psc.testcases.T_3_CustomerPageTest@2a40cd94</td></tr>
<tr>
<td title='com.psc.testcases.T_3_CustomerPageTest.ValidatCustomerTest()'><b>ValidatCustomerTest</b><br>Test class: com.psc.testcases.T_3_CustomerPageTest</td>
<td></td>
<td>4</td>
<td>com.psc.testcases.T_3_CustomerPageTest@2a40cd94</td></tr>
<tr>
<td title='com.psc.testcases.T_4_OrdersPageTest.ValidatDeliverySlipsTest()'><b>ValidatDeliverySlipsTest</b><br>Test class: com.psc.testcases.T_4_OrdersPageTest</td>
<td></td>
<td>4</td>
<td>com.psc.testcases.T_4_OrdersPageTest@f4168b8</td></tr>
<tr>
<td title='com.psc.testcases.T_3_CustomerPageTest.ValidatGroupsTest()'><b>ValidatGroupsTest</b><br>Test class: com.psc.testcases.T_3_CustomerPageTest</td>
<td></td>
<td>15</td>
<td>com.psc.testcases.T_3_CustomerPageTest@2a40cd94</td></tr>
<tr>
<td title='com.psc.testcases.T_2_HomePageTest.ValidatHomeHomePageTitleTest()'><b>ValidatHomeHomePageTitleTest</b><br>Test class: com.psc.testcases.T_2_HomePageTest</td>
<td></td>
<td>0</td>
<td>com.psc.testcases.T_2_HomePageTest@530612ba</td></tr>
<tr>
<td title='com.psc.testcases.T_4_OrdersPageTest.ValidatInvoicesTest()'><b>ValidatInvoicesTest</b><br>Test class: com.psc.testcases.T_4_OrdersPageTest</td>
<td></td>
<td>4</td>
<td>com.psc.testcases.T_4_OrdersPageTest@f4168b8</td></tr>
<tr>
<td title='com.psc.testcases.T_2_HomePageTest.ValidatManufacturersTest()'><b>ValidatManufacturersTest</b><br>Test class: com.psc.testcases.T_2_HomePageTest</td>
<td></td>
<td>5</td>
<td>com.psc.testcases.T_2_HomePageTest@530612ba</td></tr>
<tr>
<td title='com.psc.testcases.T_4_OrdersPageTest.ValidatMerchandiseReturnsTest()'><b>ValidatMerchandiseReturnsTest</b><br>Test class: com.psc.testcases.T_4_OrdersPageTest</td>
<td></td>
<td>4</td>
<td>com.psc.testcases.T_4_OrdersPageTest@f4168b8</td></tr>
<tr>
<td title='com.psc.testcases.T_5_PaymentShippingTest$T_4_OrdersPageTest.ValidatModulesServicesTest()'><b>ValidatModulesServicesTest</b><br>Test class: com.psc.testcases.T_5_PaymentShippingTest$T_4_OrdersPageTest</td>
<td></td>
<td>11</td>
<td>com.psc.testcases.T_5_PaymentShippingTest$T_4_OrdersPageTest@3bd94634</td></tr>
<tr>
<td title='com.psc.testcases.T_5_PaymentShippingTest$T_4_OrdersPageTest.ValidatModules_ThemesCatalogTest()'><b>ValidatModules_ThemesCatalogTest</b><br>Test class: com.psc.testcases.T_5_PaymentShippingTest$T_4_OrdersPageTest</td>
<td></td>
<td>10</td>
<td>com.psc.testcases.T_5_PaymentShippingTest$T_4_OrdersPageTest@3bd94634</td></tr>
<tr>
<td title='com.psc.testcases.T_2_HomePageTest.ValidatMonitoring()'><b>ValidatMonitoring</b><br>Test class: com.psc.testcases.T_2_HomePageTest</td>
<td></td>
<td>5</td>
<td>com.psc.testcases.T_2_HomePageTest@530612ba</td></tr>
<tr>
<td title='com.psc.testcases.T_4_OrdersPageTest.ValidatOrderMessagesTest()'><b>ValidatOrderMessagesTest</b><br>Test class: com.psc.testcases.T_4_OrdersPageTest</td>
<td></td>
<td>4</td>
<td>com.psc.testcases.T_4_OrdersPageTest@f4168b8</td></tr>
<tr>
<td title='com.psc.testcases.T_4_OrdersPageTest.ValidatOrdersTest()'><b>ValidatOrdersTest</b><br>Test class: com.psc.testcases.T_4_OrdersPageTest</td>
<td></td>
<td>4</td>
<td>com.psc.testcases.T_4_OrdersPageTest@f4168b8</td></tr>
<tr>
<td title='com.psc.testcases.T_5_PaymentShippingTest$T_4_OrdersPageTest.ValidatPaymentTest()'><b>ValidatPaymentTest</b><br>Test class: com.psc.testcases.T_5_PaymentShippingTest$T_4_OrdersPageTest</td>
<td></td>
<td>7</td>
<td>com.psc.testcases.T_5_PaymentShippingTest$T_4_OrdersPageTest@3bd94634</td></tr>
<tr>
<td title='com.psc.testcases.T_5_PaymentShippingTest$T_4_OrdersPageTest.ValidatPositionsTest()'><b>ValidatPositionsTest</b><br>Test class: com.psc.testcases.T_5_PaymentShippingTest$T_4_OrdersPageTest</td>
<td></td>
<td>6</td>
<td>com.psc.testcases.T_5_PaymentShippingTest$T_4_OrdersPageTest@3bd94634</td></tr>
<tr>
<td title='com.psc.testcases.T_2_HomePageTest.ValidatProductAttributesTest()'><b>ValidatProductAttributesTest</b><br>Test class: com.psc.testcases.T_2_HomePageTest</td>
<td></td>
<td>6</td>
<td>com.psc.testcases.T_2_HomePageTest@530612ba</td></tr>
<tr>
<td title='com.psc.testcases.T_2_HomePageTest.ValidatProductCategories()'><b>ValidatProductCategories</b><br>Test class: com.psc.testcases.T_2_HomePageTest</td>
<td></td>
<td>5</td>
<td>com.psc.testcases.T_2_HomePageTest@530612ba</td></tr>
<tr>
<td title='com.psc.testcases.T_2_HomePageTest.ValidatProductFeaturesTest()'><b>ValidatProductFeaturesTest</b><br>Test class: com.psc.testcases.T_2_HomePageTest</td>
<td></td>
<td>4</td>
<td>com.psc.testcases.T_2_HomePageTest@530612ba</td></tr>
<tr>
<td title='com.psc.testcases.T_2_HomePageTest.ValidatProducts()'><b>ValidatProducts</b><br>Test class: com.psc.testcases.T_2_HomePageTest</td>
<td></td>
<td>5</td>
<td>com.psc.testcases.T_2_HomePageTest@530612ba</td></tr>
<tr>
<td title='com.psc.testcases.T_3_CustomerPageTest.ValidatShippingCartsTest()'><b>ValidatShippingCartsTest</b><br>Test class: com.psc.testcases.T_3_CustomerPageTest</td>
<td></td>
<td>17</td>
<td>com.psc.testcases.T_3_CustomerPageTest@2a40cd94</td></tr>
<tr>
<td title='com.psc.testcases.T_4_OrdersPageTest.ValidatStatusesTest()'><b>ValidatStatusesTest</b><br>Test class: com.psc.testcases.T_4_OrdersPageTest</td>
<td></td>
<td>5</td>
<td>com.psc.testcases.T_4_OrdersPageTest@f4168b8</td></tr>
<tr>
<td title='com.psc.testcases.T_3_CustomerPageTest.VerifyHomePageCustomer()'><b>VerifyHomePageCustomer</b><br>Test class: com.psc.testcases.T_3_CustomerPageTest</td>
<td></td>
<td>0</td>
<td>com.psc.testcases.T_3_CustomerPageTest@2a40cd94</td></tr>
<tr>
<td title='com.psc.testcases.T_1_LoginPageTest.crmLogoImageTest()'><b>crmLogoImageTest</b><br>Test class: com.psc.testcases.T_1_LoginPageTest</td>
<td></td>
<td>0</td>
<td>com.psc.testcases.T_1_LoginPageTest@2df32bf7</td></tr>
<tr>
<td title='com.psc.testcases.T_1_LoginPageTest.loginPageTitleTest()'><b>loginPageTitleTest</b><br>Test class: com.psc.testcases.T_1_LoginPageTest</td>
<td></td>
<td>0</td>
<td>com.psc.testcases.T_1_LoginPageTest@2df32bf7</td></tr>
<tr>
<td title='com.psc.testcases.T_1_LoginPageTest.loginTest()'><b>loginTest</b><br>Test class: com.psc.testcases.T_1_LoginPageTest</td>
<td></td>
<td>0</td>
<td>com.psc.testcases.T_1_LoginPageTest@2df32bf7</td></tr>
<tr>
<td title='com.psc.testcases.T_2_HomePageTest.validatDashBoardTest()'><b>validatDashBoardTest</b><br>Test class: com.psc.testcases.T_2_HomePageTest</td>
<td></td>
<td>6</td>
<td>com.psc.testcases.T_2_HomePageTest@530612ba</td></tr>
<tr>
<td title='com.psc.testcases.T_3_CustomerPageTest.validatTittlesTest()'><b>validatTittlesTest</b><br>Test class: com.psc.testcases.T_3_CustomerPageTest</td>
<td></td>
<td>6</td>
<td>com.psc.testcases.T_3_CustomerPageTest@2a40cd94</td></tr>
</table><p>
</body>
</html>