<?xml version="1.0" encoding="UTF-8"?>
<!-- Generated by org.testng.reporters.JUnitXMLReporter -->
<testsuite hostname="DESKTOP-U9QO90T" ignored="0" name="App Test Cases" tests="32" failures="2" timestamp="2019-11-17T19:38:23 IST" time="643.325" errors="0">
  <testcase name="ValidatModulesServicesTest" time="11.016" classname="com.psc.testcases.T_5_PaymentShippingTest$T_4_OrdersPageTest"/>
  <testcase name="ValidatModules_ThemesCatalogTest" time="10.177" classname="com.psc.testcases.T_5_PaymentShippingTest$T_4_OrdersPageTest"/>
  <testcase name="loginPageTitleTest" time="0.047" classname="com.psc.testcases.T_1_LoginPageTest"/>
  <testcase name="ValidatPositionsTest" time="6.78" classname="com.psc.testcases.T_5_PaymentShippingTest$T_4_OrdersPageTest"/>
  <testcase name="crmLogoImageTest" time="0.065" classname="com.psc.testcases.T_1_LoginPageTest"/>
  <testcase name="ValidatPaymentTest" time="7.199" classname="com.psc.testcases.T_5_PaymentShippingTest$T_4_OrdersPageTest"/>
  <testcase name="loginTest" time="0.642" classname="com.psc.testcases.T_1_LoginPageTest"/>
  <testcase name="validatDashBoardTest" time="6.968" classname="com.psc.testcases.T_2_HomePageTest"/>
  <testcase name="ValidatHomeHomePageTitleTest" time="0.028" classname="com.psc.testcases.T_2_HomePageTest"/>
  <testcase name="ValidatProducts" time="5.332" classname="com.psc.testcases.T_2_HomePageTest"/>
  <testcase name="ValidatProductCategories" time="5.742" classname="com.psc.testcases.T_2_HomePageTest"/>
  <testcase name="ValidatAdminCarriersTest" time="0.567" classname="com.psc.testcases.T_5_PaymentShippingTest$T_4_OrdersPageTest">
    <failure type="org.openqa.selenium.InvalidSelectorException" message="invalid selector: Unable to locate an element with the xpath expression //*[@id=\&amp;quot;maintab-AdminParentShipping\&amp;quot;]/a because of the following error:
SyntaxError: Failed to execute &amp;apos;evaluate&amp;apos; on &amp;apos;Document&amp;apos;: The string &amp;apos;//*[@id=\&amp;quot;maintab-AdminParentShipping\&amp;quot;]/a&amp;apos; is not a valid XPath expression.
  (Session info: chrome=78.0.3904.97)
  (Driver info: chromedriver=78.0.3904.70 (edb9c9f3de0247fd912a77b7f6cae7447f6d3ad5-refs/branch-heads/3904@{#800}),platform=Windows NT 10.0.18362 x86_64) (WARNING: The server did not provide any stacktrace information)
Command duration or timeout: 63 milliseconds
For documentation on this error, please visit: http://seleniumhq.org/exceptions/invalid_selector_exception.html
Build info: version: &amp;apos;2.52.0&amp;apos;, revision: &amp;apos;4c2593cfc3689a7fcd7be52549167e5ccc93ad28&amp;apos;, time: &amp;apos;2016-02-11 11:22:43&amp;apos;
System info: host: &amp;apos;DESKTOP-U9QO90T&amp;apos;, ip: &amp;apos;192.168.0.105&amp;apos;, os.name: &amp;apos;Windows 10&amp;apos;, os.arch: &amp;apos;amd64&amp;apos;, os.version: &amp;apos;10.0&amp;apos;, java.version: &amp;apos;1.8.0_121&amp;apos;
Driver info: org.openqa.selenium.chrome.ChromeDriver
Capabilities [{mobileEmulationEnabled=false, timeouts={implicit=0, pageLoad=300000, script=30000}, hasTouchScreen=false, platform=XP, acceptSslCerts=false, goog:chromeOptions={debuggerAddress=localhost:55937}, acceptInsecureCerts=false, webStorageEnabled=true, browserName=chrome, takesScreenshot=true, javascriptEnabled=true, setWindowRect=true, unexpectedAlertBehaviour=ignore, applicationCacheEnabled=false, rotatable=false, networkConnectionEnabled=false, chrome={chromedriverVersion=78.0.3904.70 (edb9c9f3de0247fd912a77b7f6cae7447f6d3ad5-refs/branch-heads/3904@{#800}), userDataDir=C:\Users\SHUBHA~1\AppData\Local\Temp\scoped_dir13880_2037082683}, takesHeapSnapshot=true, pageLoadStrategy=normal, strictFileInteractability=false, databaseEnabled=false, handlesAlerts=true, version=78.0.3904.97, browserConnectionEnabled=false, proxy={}, nativeEvents=true, locationContextEnabled=true, cssSelectorsEnabled=true}]
Session ID: bc3704d08dfa03f36af3feff9b80dc38
*** Element info: {Using=xpath, value=//*[@id=\&amp;quot;maintab-AdminParentShipping\&amp;quot;]/a}">
      <![CDATA[org.openqa.selenium.InvalidSelectorException: invalid selector: Unable to locate an element with the xpath expression //*[@id=\"maintab-AdminParentShipping\"]/a because of the following error:
SyntaxError: Failed to execute 'evaluate' on 'Document': The string '//*[@id=\"maintab-AdminParentShipping\"]/a' is not a valid XPath expression.
  (Session info: chrome=78.0.3904.97)
  (Driver info: chromedriver=78.0.3904.70 (edb9c9f3de0247fd912a77b7f6cae7447f6d3ad5-refs/branch-heads/3904@{#800}),platform=Windows NT 10.0.18362 x86_64) (WARNING: The server did not provide any stacktrace information)
Command duration or timeout: 63 milliseconds
For documentation on this error, please visit: http://seleniumhq.org/exceptions/invalid_selector_exception.html
Build info: version: '2.52.0', revision: '4c2593cfc3689a7fcd7be52549167e5ccc93ad28', time: '2016-02-11 11:22:43'
System info: host: 'DESKTOP-U9QO90T', ip: '192.168.0.105', os.name: 'Windows 10', os.arch: 'amd64', os.version: '10.0', java.version: '1.8.0_121'
Driver info: org.openqa.selenium.chrome.ChromeDriver
Capabilities [{mobileEmulationEnabled=false, timeouts={implicit=0, pageLoad=300000, script=30000}, hasTouchScreen=false, platform=XP, acceptSslCerts=false, goog:chromeOptions={debuggerAddress=localhost:55937}, acceptInsecureCerts=false, webStorageEnabled=true, browserName=chrome, takesScreenshot=true, javascriptEnabled=true, setWindowRect=true, unexpectedAlertBehaviour=ignore, applicationCacheEnabled=false, rotatable=false, networkConnectionEnabled=false, chrome={chromedriverVersion=78.0.3904.70 (edb9c9f3de0247fd912a77b7f6cae7447f6d3ad5-refs/branch-heads/3904@{#800}), userDataDir=C:\Users\SHUBHA~1\AppData\Local\Temp\scoped_dir13880_2037082683}, takesHeapSnapshot=true, pageLoadStrategy=normal, strictFileInteractability=false, databaseEnabled=false, handlesAlerts=true, version=78.0.3904.97, browserConnectionEnabled=false, proxy={}, nativeEvents=true, locationContextEnabled=true, cssSelectorsEnabled=true}]
Session ID: bc3704d08dfa03f36af3feff9b80dc38
*** Element info: {Using=xpath, value=//*[@id=\"maintab-AdminParentShipping\"]/a}
at org.openqa.selenium.remote.ErrorHandler.createThrowable(ErrorHandler.java:206)
at org.openqa.selenium.remote.ErrorHandler.throwIfResponseFailed(ErrorHandler.java:158)
at org.openqa.selenium.remote.RemoteWebDriver.execute(RemoteWebDriver.java:678)
at org.openqa.selenium.remote.RemoteWebDriver.findElement(RemoteWebDriver.java:363)
at org.openqa.selenium.remote.RemoteWebDriver.findElementByXPath(RemoteWebDriver.java:500)
at org.openqa.selenium.By$ByXPath.findElement(By.java:361)
at org.openqa.selenium.remote.RemoteWebDriver.findElement(RemoteWebDriver.java:355)
at org.openqa.selenium.support.pagefactory.DefaultElementLocator.findElement(DefaultElementLocator.java:69)
at org.openqa.selenium.support.pagefactory.internal.LocatingElementHandler.invoke(LocatingElementHandler.java:38)
at com.sun.proxy.$Proxy7.getCoordinates(Unknown Source)
at org.openqa.selenium.interactions.internal.MouseAction.getActionLocation(MouseAction.java:51)
at org.openqa.selenium.interactions.MoveMouseAction.perform(MoveMouseAction.java:39)
at org.openqa.selenium.interactions.CompositeAction.perform(CompositeAction.java:50)
at com.psc.Pages.P_5_Payment_Shipping.VerifyAdminCarriers(P_5_Payment_Shipping.java:67)
at com.psc.testcases.T_5_PaymentShippingTest$T_4_OrdersPageTest.ValidatAdminCarriersTest(T_5_PaymentShippingTest.java:66)
at java.util.ArrayList.forEach(ArrayList.java:1249)
... Removed 31 stack frames]]>
    </failure>
  </testcase> <!-- ValidatAdminCarriersTest -->
  <testcase name="ValidatMonitoring" time="5.676" classname="com.psc.testcases.T_2_HomePageTest"/>
  <testcase name="ValidatPreferencesTest" time="0.065" classname="com.psc.testcases.T_5_PaymentShippingTest$T_4_OrdersPageTest">
    <failure type="org.openqa.selenium.InvalidSelectorException" message="invalid selector: Unable to locate an element with the xpath expression //*[@id=\&amp;quot;maintab-AdminParentShipping\&amp;quot;]/a because of the following error:
SyntaxError: Failed to execute &amp;apos;evaluate&amp;apos; on &amp;apos;Document&amp;apos;: The string &amp;apos;//*[@id=\&amp;quot;maintab-AdminParentShipping\&amp;quot;]/a&amp;apos; is not a valid XPath expression.
  (Session info: chrome=78.0.3904.97)
  (Driver info: chromedriver=78.0.3904.70 (edb9c9f3de0247fd912a77b7f6cae7447f6d3ad5-refs/branch-heads/3904@{#800}),platform=Windows NT 10.0.18362 x86_64) (WARNING: The server did not provide any stacktrace information)
Command duration or timeout: 63 milliseconds
For documentation on this error, please visit: http://seleniumhq.org/exceptions/invalid_selector_exception.html
Build info: version: &amp;apos;2.52.0&amp;apos;, revision: &amp;apos;4c2593cfc3689a7fcd7be52549167e5ccc93ad28&amp;apos;, time: &amp;apos;2016-02-11 11:22:43&amp;apos;
System info: host: &amp;apos;DESKTOP-U9QO90T&amp;apos;, ip: &amp;apos;192.168.0.105&amp;apos;, os.name: &amp;apos;Windows 10&amp;apos;, os.arch: &amp;apos;amd64&amp;apos;, os.version: &amp;apos;10.0&amp;apos;, java.version: &amp;apos;1.8.0_121&amp;apos;
Driver info: org.openqa.selenium.chrome.ChromeDriver
Capabilities [{mobileEmulationEnabled=false, timeouts={implicit=0, pageLoad=300000, script=30000}, hasTouchScreen=false, platform=XP, acceptSslCerts=false, goog:chromeOptions={debuggerAddress=localhost:56035}, acceptInsecureCerts=false, webStorageEnabled=true, browserName=chrome, takesScreenshot=true, javascriptEnabled=true, setWindowRect=true, unexpectedAlertBehaviour=ignore, applicationCacheEnabled=false, rotatable=false, networkConnectionEnabled=false, chrome={chromedriverVersion=78.0.3904.70 (edb9c9f3de0247fd912a77b7f6cae7447f6d3ad5-refs/branch-heads/3904@{#800}), userDataDir=C:\Users\SHUBHA~1\AppData\Local\Temp\scoped_dir3484_828794503}, takesHeapSnapshot=true, pageLoadStrategy=normal, strictFileInteractability=false, databaseEnabled=false, handlesAlerts=true, version=78.0.3904.97, browserConnectionEnabled=false, proxy={}, nativeEvents=true, locationContextEnabled=true, cssSelectorsEnabled=true}]
Session ID: 70ff595a46a4d440d43152207537299b
*** Element info: {Using=xpath, value=//*[@id=\&amp;quot;maintab-AdminParentShipping\&amp;quot;]/a}">
      <![CDATA[org.openqa.selenium.InvalidSelectorException: invalid selector: Unable to locate an element with the xpath expression //*[@id=\"maintab-AdminParentShipping\"]/a because of the following error:
SyntaxError: Failed to execute 'evaluate' on 'Document': The string '//*[@id=\"maintab-AdminParentShipping\"]/a' is not a valid XPath expression.
  (Session info: chrome=78.0.3904.97)
  (Driver info: chromedriver=78.0.3904.70 (edb9c9f3de0247fd912a77b7f6cae7447f6d3ad5-refs/branch-heads/3904@{#800}),platform=Windows NT 10.0.18362 x86_64) (WARNING: The server did not provide any stacktrace information)
Command duration or timeout: 63 milliseconds
For documentation on this error, please visit: http://seleniumhq.org/exceptions/invalid_selector_exception.html
Build info: version: '2.52.0', revision: '4c2593cfc3689a7fcd7be52549167e5ccc93ad28', time: '2016-02-11 11:22:43'
System info: host: 'DESKTOP-U9QO90T', ip: '192.168.0.105', os.name: 'Windows 10', os.arch: 'amd64', os.version: '10.0', java.version: '1.8.0_121'
Driver info: org.openqa.selenium.chrome.ChromeDriver
Capabilities [{mobileEmulationEnabled=false, timeouts={implicit=0, pageLoad=300000, script=30000}, hasTouchScreen=false, platform=XP, acceptSslCerts=false, goog:chromeOptions={debuggerAddress=localhost:56035}, acceptInsecureCerts=false, webStorageEnabled=true, browserName=chrome, takesScreenshot=true, javascriptEnabled=true, setWindowRect=true, unexpectedAlertBehaviour=ignore, applicationCacheEnabled=false, rotatable=false, networkConnectionEnabled=false, chrome={chromedriverVersion=78.0.3904.70 (edb9c9f3de0247fd912a77b7f6cae7447f6d3ad5-refs/branch-heads/3904@{#800}), userDataDir=C:\Users\SHUBHA~1\AppData\Local\Temp\scoped_dir3484_828794503}, takesHeapSnapshot=true, pageLoadStrategy=normal, strictFileInteractability=false, databaseEnabled=false, handlesAlerts=true, version=78.0.3904.97, browserConnectionEnabled=false, proxy={}, nativeEvents=true, locationContextEnabled=true, cssSelectorsEnabled=true}]
Session ID: 70ff595a46a4d440d43152207537299b
*** Element info: {Using=xpath, value=//*[@id=\"maintab-AdminParentShipping\"]/a}
at org.openqa.selenium.remote.ErrorHandler.createThrowable(ErrorHandler.java:206)
at org.openqa.selenium.remote.ErrorHandler.throwIfResponseFailed(ErrorHandler.java:158)
at org.openqa.selenium.remote.RemoteWebDriver.execute(RemoteWebDriver.java:678)
at org.openqa.selenium.remote.RemoteWebDriver.findElement(RemoteWebDriver.java:363)
at org.openqa.selenium.remote.RemoteWebDriver.findElementByXPath(RemoteWebDriver.java:500)
at org.openqa.selenium.By$ByXPath.findElement(By.java:361)
at org.openqa.selenium.remote.RemoteWebDriver.findElement(RemoteWebDriver.java:355)
at org.openqa.selenium.support.pagefactory.DefaultElementLocator.findElement(DefaultElementLocator.java:69)
at org.openqa.selenium.support.pagefactory.internal.LocatingElementHandler.invoke(LocatingElementHandler.java:38)
at com.sun.proxy.$Proxy7.getCoordinates(Unknown Source)
at org.openqa.selenium.interactions.internal.MouseAction.getActionLocation(MouseAction.java:51)
at org.openqa.selenium.interactions.MoveMouseAction.perform(MoveMouseAction.java:39)
at org.openqa.selenium.interactions.CompositeAction.perform(CompositeAction.java:50)
at com.psc.Pages.P_5_Payment_Shipping.VerifyPreferences(P_5_Payment_Shipping.java:75)
at com.psc.testcases.T_5_PaymentShippingTest$T_4_OrdersPageTest.ValidatPreferencesTest(T_5_PaymentShippingTest.java:72)
at java.util.ArrayList.forEach(ArrayList.java:1249)
... Removed 31 stack frames]]>
    </failure>
  </testcase> <!-- ValidatPreferencesTest -->
  <testcase name="ValidatProductAttributesTest" time="6.914" classname="com.psc.testcases.T_2_HomePageTest"/>
  <testcase name="ValidatProductFeaturesTest" time="4.925" classname="com.psc.testcases.T_2_HomePageTest"/>
  <testcase name="ValidatManufacturersTest" time="5.689" classname="com.psc.testcases.T_2_HomePageTest"/>
  <testcase name="VerifyHomePageCustomer" time="0.016" classname="com.psc.testcases.T_3_CustomerPageTest"/>
  <testcase name="ValidatCustomerTest" time="4.978" classname="com.psc.testcases.T_3_CustomerPageTest"/>
  <testcase name="ValidatAddressesTest" time="5.661" classname="com.psc.testcases.T_3_CustomerPageTest"/>
  <testcase name="ValidatGroupsTest" time="15.394" classname="com.psc.testcases.T_3_CustomerPageTest"/>
  <testcase name="ValidatShippingCartsTest" time="17.918" classname="com.psc.testcases.T_3_CustomerPageTest"/>
  <testcase name="ValidatCustomerServicesTest" time="5.462" classname="com.psc.testcases.T_3_CustomerPageTest"/>
  <testcase name="ValidatContactsTest" time="4.659" classname="com.psc.testcases.T_3_CustomerPageTest"/>
  <testcase name="validatTittlesTest" time="6.103" classname="com.psc.testcases.T_3_CustomerPageTest"/>
  <testcase name="ValidatOrdersTest" time="4.9" classname="com.psc.testcases.T_4_OrdersPageTest"/>
  <testcase name="ValidatInvoicesTest" time="4.949" classname="com.psc.testcases.T_4_OrdersPageTest"/>
  <testcase name="ValidatMerchandiseReturnsTest" time="4.565" classname="com.psc.testcases.T_4_OrdersPageTest"/>
  <testcase name="ValidatDeliverySlipsTest" time="4.685" classname="com.psc.testcases.T_4_OrdersPageTest"/>
  <testcase name="ValidatCreditSlipsTest" time="4.179" classname="com.psc.testcases.T_4_OrdersPageTest"/>
  <testcase name="ValidatStatusesTest" time="5.375" classname="com.psc.testcases.T_4_OrdersPageTest"/>
  <testcase name="ValidatOrderMessagesTest" time="4.551" classname="com.psc.testcases.T_4_OrdersPageTest"/>
</testsuite> <!-- App Test Cases -->
