<!DOCTYPE html PUBLIC "-//W3C//DTD XHTML 1.1//EN" "http://www.w3.org/TR/xhtml11/DTD/xhtml11.dtd">
<html xmlns="http://www.w3.org/1999/xhtml">
<head>
<meta http-equiv="content-type" content="text/html; charset=UTF-8"/>
<title>TestNG Report</title>
<style type="text/css">table {margin-bottom:10px;border-collapse:collapse;empty-cells:show}th,td {border:1px solid #009;padding:.25em .5em}th {vertical-align:bottom}td {vertical-align:top}table a {font-weight:bold}.stripe td {background-color: #E6EBF9}.num {text-align:right}.passedodd td {background-color: #3F3}.passedeven td {background-color: #0A0}.skippedodd td {background-color: #DDD}.skippedeven td {background-color: #CCC}.failedodd td,.attn {background-color: #F33}.failedeven td,.stripe .attn {background-color: #D00}.stacktrace {white-space:pre;font-family:monospace}.totop {font-size:85%;text-align:center;border-bottom:2px solid #000}.invisible {display:none}</style>
</head>
<body>
<table>
<tr><th>Test</th><th># Passed</th><th># Skipped</th><th># Retried</th><th># Failed</th><th>Time (ms)</th><th>Included Groups</th><th>Excluded Groups</th></tr>
<tr><th colspan="7">PrestaShop Application Automation Test For Suite Test </th></tr>
<tr><td><a href="#t0">PrestaShop Application Test</a></td><td class="num">39</td><td class="num">0</td><td class="num">0</td><td class="num attn">4</td><td class="num">1,353,265</td><td></td><td></td></tr>
</table>
<table id='summary'><thead><tr><th>Class</th><th>Method</th><th>Start</th><th>Time (ms)</th></tr></thead><tbody><tr><th colspan="4">PrestaShop Application Automation Test For Suite Test </th></tr></tbody><tbody id="t0"><tr><th colspan="4">PrestaShop Application Test &#8212; failed</th></tr><tr class="failedeven"><td rowspan="1">com.psc.testcases.T_1_LoginPageTest</td><td><a href="#m0">PSC_LogoImageTest</a></td><td rowspan="1">1576668901375</td><td rowspan="1">50194</td></tr><tr class="failedodd"><td rowspan="1">com.psc.testcases.T_2_HomePageTest</td><td><a href="#m1">ValidatProductsTest</a></td><td rowspan="1">1576669143111</td><td rowspan="1">81606</td></tr><tr class="failedeven"><td rowspan="1">com.psc.testcases.T_3_CustomerPageTest</td><td><a href="#m2">ValidatCustomerTest</a></td><td rowspan="1">1576669455114</td><td rowspan="1">74108</td></tr><tr class="failedodd"><td rowspan="1">com.psc.testcases.T_4_OrdersPageTest</td><td><a href="#m3">ValidatDeliverySlipsTest</a></td><td rowspan="1">1576669831927</td><td rowspan="1">50083</td></tr><tr><th colspan="4">PrestaShop Application Test &#8212; passed</th></tr><tr class="passedeven"><td rowspan="3">com.psc.testcases.T_1_LoginPageTest</td><td><a href="#m4">HomePage</a></td><td rowspan="1">1576668997599</td><td rowspan="1">192</td></tr><tr class="passedeven"><td><a href="#m5">LoginTest</a></td><td rowspan="1">1576668979960</td><td rowspan="1">965</td></tr><tr class="passedeven"><td><a href="#m6">loginPageTitleTest</a></td><td rowspan="1">1576668884093</td><td rowspan="1">35</td></tr><tr class="passedodd"><td rowspan="11">com.psc.testcases.T_2_HomePageTest</td><td><a href="#m7">CustomerPage</a></td><td rowspan="1">1576669390071</td><td rowspan="1">1</td></tr><tr class="passedodd"><td><a href="#m8">ValidatHomePageTitleTest</a></td><td rowspan="1">1576669038868</td><td rowspan="1">51</td></tr><tr class="passedodd"><td><a href="#m9">ValidatManufacturersTest</a></td><td rowspan="1">1576669370204</td><td rowspan="1">5267</td></tr><tr class="passedodd"><td><a href="#m10">ValidatMonitoringTest</a></td><td rowspan="1">1576669274687</td><td rowspan="1">8278</td></tr><tr class="passedodd"><td><a href="#m11">ValidatProductAttributesTest</a></td><td rowspan="1">1576669301481</td><td rowspan="1">9009</td></tr><tr class="passedodd"><td><a href="#m12">ValidatProductCategoriesTest</a></td><td rowspan="1">1576669247410</td><td rowspan="1">11050</td></tr><tr class="passedodd"><td><a href="#m13">ValidatProductFeaturesTest</a></td><td rowspan="1">1576669337669</td><td rowspan="1">7247</td></tr><tr class="passedodd"><td><a href="#m14">ValidatProductsTest</a></td><td rowspan="3">1576669089368</td><td rowspan="3">11327</td></tr><tr class="passedodd"><td><a href="#m15">ValidatProductsTest</a></td></tr><tr class="passedodd"><td><a href="#m16">ValidatProductsTest</a></td></tr><tr class="passedodd"><td><a href="#m17">validatDashBoardTest</a></td><td rowspan="1">1576669012014</td><td rowspan="1">10568</td></tr><tr class="passedeven"><td rowspan="10">com.psc.testcases.T_3_CustomerPageTest</td><td><a href="#m18">OrdersPage</a></td><td rowspan="1">1576669725033</td><td rowspan="1">1</td></tr><tr class="passedeven"><td><a href="#m19">ValidatAddressesTest</a></td><td rowspan="1">1576669574560</td><td rowspan="1">5634</td></tr><tr class="passedeven"><td><a href="#m20">ValidatContactsTest</a></td><td rowspan="1">1576669672405</td><td rowspan="1">10090</td></tr><tr class="passedeven"><td><a href="#m21">ValidatCustomerServicesTest</a></td><td rowspan="1">1576669646500</td><td rowspan="1">9632</td></tr><tr class="passedeven"><td><a href="#m22">ValidatCustomerTest</a></td><td rowspan="2">1576669429116</td><td rowspan="2">8789</td></tr><tr class="passedeven"><td><a href="#m23">ValidatCustomerTest</a></td></tr><tr class="passedeven"><td><a href="#m24">ValidatGroupsTest</a></td><td rowspan="1">1576669594618</td><td rowspan="1">11160</td></tr><tr class="passedeven"><td><a href="#m25">ValidatShippingCartsTest</a></td><td rowspan="1">1576669623488</td><td rowspan="1">8740</td></tr><tr class="passedeven"><td><a href="#m26">VerifyHomePageCustomer</a></td><td rowspan="1">1576669403360</td><td rowspan="1">22</td></tr><tr class="passedeven"><td><a href="#m27">validatTittlesTest</a></td><td rowspan="1">1576669699124</td><td rowspan="1">8912</td></tr><tr class="passedodd"><td rowspan="7">com.psc.testcases.T_4_OrdersPageTest</td><td><a href="#m28">Payment_Shipping_Page</a></td><td rowspan="1">1576669981610</td><td rowspan="1">2</td></tr><tr class="passedodd"><td><a href="#m29">ValidatCreditSlipsTest</a></td><td rowspan="1">1576669900760</td><td rowspan="1">9743</td></tr><tr class="passedodd"><td><a href="#m30">ValidatInvoicesTest</a></td><td rowspan="1">1576669768822</td><td rowspan="1">7144</td></tr><tr class="passedodd"><td><a href="#m31">ValidatMerchandiseReturnsTest</a></td><td rowspan="1">1576669791999</td><td rowspan="1">7735</td></tr><tr class="passedodd"><td><a href="#m32">ValidatOrderMessagesTest</a></td><td rowspan="1">1576669958035</td><td rowspan="1">7497</td></tr><tr class="passedodd"><td><a href="#m33">ValidatOrdersTest</a></td><td rowspan="1">1576669740529</td><td rowspan="1">12396</td></tr><tr class="passedodd"><td><a href="#m34">ValidatStatusesTest</a></td><td rowspan="1">1576669929359</td><td rowspan="1">11950</td></tr><tr class="passedeven"><td rowspan="8">com.psc.testcases.T_5_PaymentShippingTest</td><td><a href="#m35">CalenderPage</a></td><td rowspan="1">1576670213237</td><td rowspan="1">66</td></tr><tr class="passedeven"><td><a href="#m36">ValidatAdminCarriersTest</a></td><td rowspan="1">1576670150497</td><td rowspan="1">6101</td></tr><tr class="passedeven"><td><a href="#m37">ValidatModulesServicesTest</a></td><td rowspan="1">1576669995788</td><td rowspan="1">11458</td></tr><tr class="passedeven"><td><a href="#m38">ValidatModules_ThemesCatalogTest</a></td><td rowspan="1">1576670022205</td><td rowspan="1">35366</td></tr><tr class="passedeven"><td><a href="#m39">ValidatMyshop</a></td><td rowspan="1">1576670195502</td><td rowspan="1">4897</td></tr><tr class="passedeven"><td><a href="#m40">ValidatPaymentTest</a></td><td rowspan="1">1576670128513</td><td rowspan="1">7575</td></tr><tr class="passedeven"><td><a href="#m41">ValidatPositionsTest</a></td><td rowspan="1">1576670085700</td><td rowspan="1">26174</td></tr><tr class="passedeven"><td><a href="#m42">ValidatPreferences</a></td><td rowspan="1">1576670169608</td><td rowspan="1">10403</td></tr></tbody>
</table>
<h2>PrestaShop Application Test</h2><h3 id="m0">com.psc.testcases.T_1_LoginPageTest#PSC_LogoImageTest</h3><table class="result"><tr><th>Exception</th></tr><tr><td><div class="stacktrace">org.openqa.selenium.NoSuchElementException: no such element: Unable to locate element: {&quot;method&quot;:&quot;id&quot;,&quot;selector&quot;:&quot;sho-img&quot;}
  (Session info: chrome=78.0.3904.108)
  (Driver info: chromedriver=78.0.3904.70 (edb9c9f3de0247fd912a77b7f6cae7447f6d3ad5-refs/branch-heads/3904@{#800}),platform=Windows NT 10.0.18362 x86_64) (WARNING: The server did not provide any stacktrace information)
Command duration or timeout: 50.12 seconds
For documentation on this error, please visit: http://seleniumhq.org/exceptions/no_such_element.html
Build info: version: &apos;2.52.0&apos;, revision: &apos;4c2593cfc3689a7fcd7be52549167e5ccc93ad28&apos;, time: &apos;2016-02-11 11:22:43&apos;
System info: host: &apos;DESKTOP-U9QO90T&apos;, ip: &apos;192.168.1.224&apos;, os.name: &apos;Windows 10&apos;, os.arch: &apos;amd64&apos;, os.version: &apos;10.0&apos;, java.version: &apos;1.8.0_121&apos;
Driver info: org.openqa.selenium.chrome.ChromeDriver
Capabilities [{mobileEmulationEnabled=false, timeouts={implicit=0, pageLoad=300000, script=30000}, hasTouchScreen=false, platform=XP, acceptSslCerts=false, goog:chromeOptions={debuggerAddress=localhost:64006}, acceptInsecureCerts=false, webStorageEnabled=true, browserName=chrome, takesScreenshot=true, javascriptEnabled=true, setWindowRect=true, unexpectedAlertBehaviour=ignore, applicationCacheEnabled=false, rotatable=false, networkConnectionEnabled=false, chrome={chromedriverVersion=78.0.3904.70 (edb9c9f3de0247fd912a77b7f6cae7447f6d3ad5-refs/branch-heads/3904@{#800}), userDataDir=C:\Users\SHUBHA~1\AppData\Local\Temp\scoped_dir8968_663525486}, takesHeapSnapshot=true, pageLoadStrategy=normal, strictFileInteractability=false, databaseEnabled=false, handlesAlerts=true, version=78.0.3904.108, browserConnectionEnabled=false, proxy={}, nativeEvents=true, locationContextEnabled=true, cssSelectorsEnabled=true}]
Session ID: f1620b531f5cbbee819d210176d05297
*** Element info: {Using=id, value=sho-img}
	at org.openqa.selenium.remote.ErrorHandler.createThrowable(ErrorHandler.java:206)
	at org.openqa.selenium.remote.ErrorHandler.throwIfResponseFailed(ErrorHandler.java:158)
	at org.openqa.selenium.remote.RemoteWebDriver.execute(RemoteWebDriver.java:678)
	at org.openqa.selenium.remote.RemoteWebDriver.findElement(RemoteWebDriver.java:363)
	at org.openqa.selenium.remote.RemoteWebDriver.findElementById(RemoteWebDriver.java:413)
	at org.openqa.selenium.By$ById.findElement(By.java:218)
	at org.openqa.selenium.remote.RemoteWebDriver.findElement(RemoteWebDriver.java:355)
	at org.openqa.selenium.support.pagefactory.DefaultElementLocator.findElement(DefaultElementLocator.java:69)
	at org.openqa.selenium.support.pagefactory.internal.LocatingElementHandler.invoke(LocatingElementHandler.java:38)
	at com.sun.proxy.$Proxy7.isDisplayed(Unknown Source)
	at com.psc.Pages.P_1_LoginPage.validatepscImage(P_1_LoginPage.java:43)
	at com.psc.testcases.T_1_LoginPageTest.PSC_LogoImageTest(T_1_LoginPageTest.java:52)
	at java.util.ArrayList.forEach(ArrayList.java:1249)
... Removed 34 stack frames</div></td></tr></table><p class="totop"><a href="#summary">back to summary</a></p>
<h3 id="m1">com.psc.testcases.T_2_HomePageTest#ValidatProductsTest</h3><table class="result"><tr class="param"><th>Parameter #1</th><th>Parameter #2</th><th>Parameter #3</th><th>Parameter #4</th><th>Parameter #5</th></tr><tr class="param stripe"><td>Everywhere</td><td>Nidhi</td><td>56326.0</td><td>556666.0</td><td>188855.0</td></tr><tr><th colspan="5">Exception</th></tr><tr><td colspan="5"><div class="stacktrace">org.openqa.selenium.NoSuchElementException: no such element: Unable to locate element: {&quot;method&quot;:&quot;xpath&quot;,&quot;selector&quot;:&quot;//input[@id=&apos;virtual_product&apos;]&quot;}
  (Session info: chrome=78.0.3904.108)
  (Driver info: chromedriver=78.0.3904.70 (edb9c9f3de0247fd912a77b7f6cae7447f6d3ad5-refs/branch-heads/3904@{#800}),platform=Windows NT 10.0.18362 x86_64) (WARNING: The server did not provide any stacktrace information)
Command duration or timeout: 50.10 seconds
For documentation on this error, please visit: http://seleniumhq.org/exceptions/no_such_element.html
Build info: version: &apos;2.52.0&apos;, revision: &apos;4c2593cfc3689a7fcd7be52549167e5ccc93ad28&apos;, time: &apos;2016-02-11 11:22:43&apos;
System info: host: &apos;DESKTOP-U9QO90T&apos;, ip: &apos;192.168.1.224&apos;, os.name: &apos;Windows 10&apos;, os.arch: &apos;amd64&apos;, os.version: &apos;10.0&apos;, java.version: &apos;1.8.0_121&apos;
Driver info: org.openqa.selenium.chrome.ChromeDriver
Capabilities [{mobileEmulationEnabled=false, timeouts={implicit=0, pageLoad=300000, script=30000}, hasTouchScreen=false, platform=XP, acceptSslCerts=false, goog:chromeOptions={debuggerAddress=localhost:64409}, acceptInsecureCerts=false, webStorageEnabled=true, browserName=chrome, takesScreenshot=true, javascriptEnabled=true, setWindowRect=true, unexpectedAlertBehaviour=ignore, applicationCacheEnabled=false, rotatable=false, networkConnectionEnabled=false, chrome={chromedriverVersion=78.0.3904.70 (edb9c9f3de0247fd912a77b7f6cae7447f6d3ad5-refs/branch-heads/3904@{#800}), userDataDir=C:\Users\SHUBHA~1\AppData\Local\Temp\scoped_dir13332_263166827}, takesHeapSnapshot=true, pageLoadStrategy=normal, strictFileInteractability=false, databaseEnabled=false, handlesAlerts=true, version=78.0.3904.108, browserConnectionEnabled=false, proxy={}, nativeEvents=true, locationContextEnabled=true, cssSelectorsEnabled=true}]
Session ID: c0367be027707aa0f9cf12ca12691179
*** Element info: {Using=xpath, value=//input[@id=&apos;virtual_product&apos;]}
	at org.openqa.selenium.remote.ErrorHandler.createThrowable(ErrorHandler.java:206)
	at org.openqa.selenium.remote.ErrorHandler.throwIfResponseFailed(ErrorHandler.java:158)
	at org.openqa.selenium.remote.RemoteWebDriver.execute(RemoteWebDriver.java:678)
	at org.openqa.selenium.remote.RemoteWebDriver.findElement(RemoteWebDriver.java:363)
	at org.openqa.selenium.remote.RemoteWebDriver.findElementByXPath(RemoteWebDriver.java:500)
	at org.openqa.selenium.By$ByXPath.findElement(By.java:361)
	at org.openqa.selenium.remote.RemoteWebDriver.findElement(RemoteWebDriver.java:355)
	at org.openqa.selenium.support.pagefactory.DefaultElementLocator.findElement(DefaultElementLocator.java:69)
	at org.openqa.selenium.support.pagefactory.internal.LocatingElementHandler.invoke(LocatingElementHandler.java:38)
	at com.sun.proxy.$Proxy7.click(Unknown Source)
	at com.psc.Pages.P_2_HomePage.VerifyProducts(P_2_HomePage.java:87)
	at com.psc.testcases.T_2_HomePageTest.ValidatProductsTest(T_2_HomePageTest.java:75)
	at java.util.ArrayList.forEach(ArrayList.java:1249)
... Removed 34 stack frames</div></td></tr></table><p class="totop"><a href="#summary">back to summary</a></p>
<h3 id="m2">com.psc.testcases.T_3_CustomerPageTest#ValidatCustomerTest</h3><table class="result"><tr class="param"><th>Parameter #1</th><th>Parameter #2</th><th>Parameter #3</th></tr><tr class="param stripe"><td>Shubham</td><td>Giri</td><td>Guest</td></tr><tr><th colspan="3">Exception</th></tr><tr><td colspan="3"><div class="stacktrace">org.openqa.selenium.NoSuchElementException: no such element: Unable to locate element: {&quot;method&quot;:&quot;id&quot;,&quot;selector&quot;:&quot;gender_1&quot;}
  (Session info: chrome=78.0.3904.108)
  (Driver info: chromedriver=78.0.3904.70 (edb9c9f3de0247fd912a77b7f6cae7447f6d3ad5-refs/branch-heads/3904@{#800}),platform=Windows NT 10.0.18362 x86_64) (WARNING: The server did not provide any stacktrace information)
Command duration or timeout: 50.05 seconds
For documentation on this error, please visit: http://seleniumhq.org/exceptions/no_such_element.html
Build info: version: &apos;2.52.0&apos;, revision: &apos;4c2593cfc3689a7fcd7be52549167e5ccc93ad28&apos;, time: &apos;2016-02-11 11:22:43&apos;
System info: host: &apos;DESKTOP-U9QO90T&apos;, ip: &apos;192.168.1.224&apos;, os.name: &apos;Windows 10&apos;, os.arch: &apos;amd64&apos;, os.version: &apos;10.0&apos;, java.version: &apos;1.8.0_121&apos;
Driver info: org.openqa.selenium.chrome.ChromeDriver
Capabilities [{mobileEmulationEnabled=false, timeouts={implicit=0, pageLoad=300000, script=30000}, hasTouchScreen=false, platform=XP, acceptSslCerts=false, goog:chromeOptions={debuggerAddress=localhost:64901}, acceptInsecureCerts=false, webStorageEnabled=true, browserName=chrome, takesScreenshot=true, javascriptEnabled=true, setWindowRect=true, unexpectedAlertBehaviour=ignore, applicationCacheEnabled=false, rotatable=false, networkConnectionEnabled=false, chrome={chromedriverVersion=78.0.3904.70 (edb9c9f3de0247fd912a77b7f6cae7447f6d3ad5-refs/branch-heads/3904@{#800}), userDataDir=C:\Users\SHUBHA~1\AppData\Local\Temp\scoped_dir2988_803230701}, takesHeapSnapshot=true, pageLoadStrategy=normal, strictFileInteractability=false, databaseEnabled=false, handlesAlerts=true, version=78.0.3904.108, browserConnectionEnabled=false, proxy={}, nativeEvents=true, locationContextEnabled=true, cssSelectorsEnabled=true}]
Session ID: 062bfadd0aea18026d72760c0e937dc5
*** Element info: {Using=id, value=gender_1}
	at org.openqa.selenium.remote.ErrorHandler.createThrowable(ErrorHandler.java:206)
	at org.openqa.selenium.remote.ErrorHandler.throwIfResponseFailed(ErrorHandler.java:158)
	at org.openqa.selenium.remote.RemoteWebDriver.execute(RemoteWebDriver.java:678)
	at org.openqa.selenium.remote.RemoteWebDriver.findElement(RemoteWebDriver.java:363)
	at org.openqa.selenium.remote.RemoteWebDriver.findElementById(RemoteWebDriver.java:413)
	at org.openqa.selenium.By$ById.findElement(By.java:218)
	at org.openqa.selenium.remote.RemoteWebDriver.findElement(RemoteWebDriver.java:355)
	at com.psc.Pages.P_3_CustomerPage.VerifyCustomer(P_3_CustomerPage.java:43)
	at com.psc.testcases.T_3_CustomerPageTest.ValidatCustomerTest(T_3_CustomerPageTest.java:64)
	at java.util.ArrayList.forEach(ArrayList.java:1249)
... Removed 34 stack frames</div></td></tr></table><p class="totop"><a href="#summary">back to summary</a></p>
<h3 id="m3">com.psc.testcases.T_4_OrdersPageTest#ValidatDeliverySlipsTest</h3><table class="result"><tr><th>Exception</th></tr><tr><td><div class="stacktrace">org.openqa.selenium.NoSuchElementException: no such element: Unable to locate element: {&quot;method&quot;:&quot;xpath&quot;,&quot;selector&quot;:&quot;//*[@id=&quot;maintab-AdminParentOrders&quot;]/a/span&quot;}
  (Session info: chrome=78.0.3904.108)
  (Driver info: chromedriver=78.0.3904.70 (edb9c9f3de0247fd912a77b7f6cae7447f6d3ad5-refs/branch-heads/3904@{#800}),platform=Windows NT 10.0.18362 x86_64) (WARNING: The server did not provide any stacktrace information)
Command duration or timeout: 50.08 seconds
For documentation on this error, please visit: http://seleniumhq.org/exceptions/no_such_element.html
Build info: version: &apos;2.52.0&apos;, revision: &apos;4c2593cfc3689a7fcd7be52549167e5ccc93ad28&apos;, time: &apos;2016-02-11 11:22:43&apos;
System info: host: &apos;DESKTOP-U9QO90T&apos;, ip: &apos;192.168.1.224&apos;, os.name: &apos;Windows 10&apos;, os.arch: &apos;amd64&apos;, os.version: &apos;10.0&apos;, java.version: &apos;1.8.0_121&apos;
Driver info: org.openqa.selenium.chrome.ChromeDriver
Capabilities [{mobileEmulationEnabled=false, timeouts={implicit=0, pageLoad=300000, script=30000}, hasTouchScreen=false, platform=XP, acceptSslCerts=false, goog:chromeOptions={debuggerAddress=localhost:65489}, acceptInsecureCerts=false, webStorageEnabled=true, browserName=chrome, takesScreenshot=true, javascriptEnabled=true, setWindowRect=true, unexpectedAlertBehaviour=ignore, applicationCacheEnabled=false, rotatable=false, networkConnectionEnabled=false, chrome={chromedriverVersion=78.0.3904.70 (edb9c9f3de0247fd912a77b7f6cae7447f6d3ad5-refs/branch-heads/3904@{#800}), userDataDir=C:\Users\SHUBHA~1\AppData\Local\Temp\scoped_dir7200_1900174422}, takesHeapSnapshot=true, pageLoadStrategy=normal, strictFileInteractability=false, databaseEnabled=false, handlesAlerts=true, version=78.0.3904.108, browserConnectionEnabled=false, proxy={}, nativeEvents=true, locationContextEnabled=true, cssSelectorsEnabled=true}]
Session ID: f28c0852f12a6336ad590ab2a41e796e
*** Element info: {Using=xpath, value=//*[@id=&quot;maintab-AdminParentOrders&quot;]/a/span}
	at org.openqa.selenium.remote.ErrorHandler.createThrowable(ErrorHandler.java:206)
	at org.openqa.selenium.remote.ErrorHandler.throwIfResponseFailed(ErrorHandler.java:158)
	at org.openqa.selenium.remote.RemoteWebDriver.execute(RemoteWebDriver.java:678)
	at org.openqa.selenium.remote.RemoteWebDriver.findElement(RemoteWebDriver.java:363)
	at org.openqa.selenium.remote.RemoteWebDriver.findElementByXPath(RemoteWebDriver.java:500)
	at org.openqa.selenium.By$ByXPath.findElement(By.java:361)
	at org.openqa.selenium.remote.RemoteWebDriver.findElement(RemoteWebDriver.java:355)
	at org.openqa.selenium.support.pagefactory.DefaultElementLocator.findElement(DefaultElementLocator.java:69)
	at org.openqa.selenium.support.pagefactory.internal.LocatingElementHandler.invoke(LocatingElementHandler.java:38)
	at com.sun.proxy.$Proxy7.getCoordinates(Unknown Source)
	at org.openqa.selenium.interactions.internal.MouseAction.getActionLocation(MouseAction.java:51)
	at org.openqa.selenium.interactions.MoveMouseAction.perform(MoveMouseAction.java:39)
	at org.openqa.selenium.interactions.CompositeAction.perform(CompositeAction.java:50)
	at com.psc.Pages.P_4_OrdersPage.VerifyDeliverySlips(P_4_OrdersPage.java:59)
	at com.psc.testcases.T_4_OrdersPageTest.ValidatDeliverySlipsTest(T_4_OrdersPageTest.java:62)
	at java.util.ArrayList.forEach(ArrayList.java:1249)
... Removed 34 stack frames</div></td></tr></table><p class="totop"><a href="#summary">back to summary</a></p>
<h3 id="m4">com.psc.testcases.T_1_LoginPageTest#HomePage</h3><table class="result"><tr><th class="invisible"/></tr></table><p class="totop"><a href="#summary">back to summary</a></p>
<h3 id="m5">com.psc.testcases.T_1_LoginPageTest#LoginTest</h3><table class="result"><tr class="param"><th>Parameter #1</th><th>Parameter #2</th></tr><tr class="param stripe"><td>admin@javaclassesinpune.com</td><td>password</td></tr></table><p class="totop"><a href="#summary">back to summary</a></p>
<h3 id="m6">com.psc.testcases.T_1_LoginPageTest#loginPageTitleTest</h3><table class="result"><tr><th class="invisible"/></tr></table><p class="totop"><a href="#summary">back to summary</a></p>
<h3 id="m7">com.psc.testcases.T_2_HomePageTest#CustomerPage</h3><table class="result"><tr><th class="invisible"/></tr></table><p class="totop"><a href="#summary">back to summary</a></p>
<h3 id="m8">com.psc.testcases.T_2_HomePageTest#ValidatHomePageTitleTest</h3><table class="result"><tr><th class="invisible"/></tr></table><p class="totop"><a href="#summary">back to summary</a></p>
<h3 id="m9">com.psc.testcases.T_2_HomePageTest#ValidatManufacturersTest</h3><table class="result"><tr><th class="invisible"/></tr></table><p class="totop"><a href="#summary">back to summary</a></p>
<h3 id="m10">com.psc.testcases.T_2_HomePageTest#ValidatMonitoringTest</h3><table class="result"><tr><th class="invisible"/></tr></table><p class="totop"><a href="#summary">back to summary</a></p>
<h3 id="m11">com.psc.testcases.T_2_HomePageTest#ValidatProductAttributesTest</h3><table class="result"><tr><th class="invisible"/></tr></table><p class="totop"><a href="#summary">back to summary</a></p>
<h3 id="m12">com.psc.testcases.T_2_HomePageTest#ValidatProductCategoriesTest</h3><table class="result"><tr><th class="invisible"/></tr></table><p class="totop"><a href="#summary">back to summary</a></p>
<h3 id="m13">com.psc.testcases.T_2_HomePageTest#ValidatProductFeaturesTest</h3><table class="result"><tr><th class="invisible"/></tr></table><p class="totop"><a href="#summary">back to summary</a></p>
<h3 id="m14">com.psc.testcases.T_2_HomePageTest#ValidatProductsTest</h3><table class="result"><tr class="param"><th>Parameter #1</th><th>Parameter #2</th><th>Parameter #3</th><th>Parameter #4</th><th>Parameter #5</th></tr><tr class="param stripe"><td>Search only</td><td>shubhm</td><td>54321.0</td><td>654321.0</td><td>654321.0</td></tr></table><p class="totop"><a href="#summary">back to summary</a></p>
<h3 id="m15">com.psc.testcases.T_2_HomePageTest#ValidatProductsTest</h3><table class="result"><tr class="param"><th>Parameter #1</th><th>Parameter #2</th><th>Parameter #3</th><th>Parameter #4</th><th>Parameter #5</th></tr><tr class="param stripe"><td>Catalog only</td><td>kiran</td><td>12345.0</td><td>123456.0</td><td>123467.0</td></tr></table><p class="totop"><a href="#summary">back to summary</a></p>
<h3 id="m16">com.psc.testcases.T_2_HomePageTest#ValidatProductsTest</h3><table class="result"><tr class="param"><th>Parameter #1</th><th>Parameter #2</th><th>Parameter #3</th><th>Parameter #4</th><th>Parameter #5</th></tr><tr class="param stripe"><td>Nowhere</td><td>ashish</td><td>44325.0</td><td>345621.0</td><td>654231.0</td></tr></table><p class="totop"><a href="#summary">back to summary</a></p>
<h3 id="m17">com.psc.testcases.T_2_HomePageTest#validatDashBoardTest</h3><table class="result"><tr><th class="invisible"/></tr></table><p class="totop"><a href="#summary">back to summary</a></p>
<h3 id="m18">com.psc.testcases.T_3_CustomerPageTest#OrdersPage</h3><table class="result"><tr><th class="invisible"/></tr></table><p class="totop"><a href="#summary">back to summary</a></p>
<h3 id="m19">com.psc.testcases.T_3_CustomerPageTest#ValidatAddressesTest</h3><table class="result"><tr><th class="invisible"/></tr></table><p class="totop"><a href="#summary">back to summary</a></p>
<h3 id="m20">com.psc.testcases.T_3_CustomerPageTest#ValidatContactsTest</h3><table class="result"><tr><th class="invisible"/></tr></table><p class="totop"><a href="#summary">back to summary</a></p>
<h3 id="m21">com.psc.testcases.T_3_CustomerPageTest#ValidatCustomerServicesTest</h3><table class="result"><tr><th class="invisible"/></tr></table><p class="totop"><a href="#summary">back to summary</a></p>
<h3 id="m22">com.psc.testcases.T_3_CustomerPageTest#ValidatCustomerTest</h3><table class="result"><tr class="param"><th>Parameter #1</th><th>Parameter #2</th><th>Parameter #3</th></tr><tr class="param stripe"><td>Ashish</td><td>Unhale</td><td>Visitor</td></tr></table><p class="totop"><a href="#summary">back to summary</a></p>
<h3 id="m23">com.psc.testcases.T_3_CustomerPageTest#ValidatCustomerTest</h3><table class="result"><tr class="param"><th>Parameter #1</th><th>Parameter #2</th><th>Parameter #3</th></tr><tr class="param stripe"><td>Pradip</td><td>Dighole</td><td>Customer</td></tr></table><p class="totop"><a href="#summary">back to summary</a></p>
<h3 id="m24">com.psc.testcases.T_3_CustomerPageTest#ValidatGroupsTest</h3><table class="result"><tr><th class="invisible"/></tr></table><p class="totop"><a href="#summary">back to summary</a></p>
<h3 id="m25">com.psc.testcases.T_3_CustomerPageTest#ValidatShippingCartsTest</h3><table class="result"><tr><th class="invisible"/></tr></table><p class="totop"><a href="#summary">back to summary</a></p>
<h3 id="m26">com.psc.testcases.T_3_CustomerPageTest#VerifyHomePageCustomer</h3><table class="result"><tr><th class="invisible"/></tr></table><p class="totop"><a href="#summary">back to summary</a></p>
<h3 id="m27">com.psc.testcases.T_3_CustomerPageTest#validatTittlesTest</h3><table class="result"><tr><th class="invisible"/></tr></table><p class="totop"><a href="#summary">back to summary</a></p>
<h3 id="m28">com.psc.testcases.T_4_OrdersPageTest#Payment_Shipping_Page</h3><table class="result"><tr><th class="invisible"/></tr></table><p class="totop"><a href="#summary">back to summary</a></p>
<h3 id="m29">com.psc.testcases.T_4_OrdersPageTest#ValidatCreditSlipsTest</h3><table class="result"><tr><th class="invisible"/></tr></table><p class="totop"><a href="#summary">back to summary</a></p>
<h3 id="m30">com.psc.testcases.T_4_OrdersPageTest#ValidatInvoicesTest</h3><table class="result"><tr><th class="invisible"/></tr></table><p class="totop"><a href="#summary">back to summary</a></p>
<h3 id="m31">com.psc.testcases.T_4_OrdersPageTest#ValidatMerchandiseReturnsTest</h3><table class="result"><tr><th class="invisible"/></tr></table><p class="totop"><a href="#summary">back to summary</a></p>
<h3 id="m32">com.psc.testcases.T_4_OrdersPageTest#ValidatOrderMessagesTest</h3><table class="result"><tr><th class="invisible"/></tr></table><p class="totop"><a href="#summary">back to summary</a></p>
<h3 id="m33">com.psc.testcases.T_4_OrdersPageTest#ValidatOrdersTest</h3><table class="result"><tr><th class="invisible"/></tr></table><p class="totop"><a href="#summary">back to summary</a></p>
<h3 id="m34">com.psc.testcases.T_4_OrdersPageTest#ValidatStatusesTest</h3><table class="result"><tr><th class="invisible"/></tr></table><p class="totop"><a href="#summary">back to summary</a></p>
<h3 id="m35">com.psc.testcases.T_5_PaymentShippingTest#CalenderPage</h3><table class="result"><tr><th class="invisible"/></tr></table><p class="totop"><a href="#summary">back to summary</a></p>
<h3 id="m36">com.psc.testcases.T_5_PaymentShippingTest#ValidatAdminCarriersTest</h3><table class="result"><tr><th class="invisible"/></tr></table><p class="totop"><a href="#summary">back to summary</a></p>
<h3 id="m37">com.psc.testcases.T_5_PaymentShippingTest#ValidatModulesServicesTest</h3><table class="result"><tr><th class="invisible"/></tr></table><p class="totop"><a href="#summary">back to summary</a></p>
<h3 id="m38">com.psc.testcases.T_5_PaymentShippingTest#ValidatModules_ThemesCatalogTest</h3><table class="result"><tr><th class="invisible"/></tr></table><p class="totop"><a href="#summary">back to summary</a></p>
<h3 id="m39">com.psc.testcases.T_5_PaymentShippingTest#ValidatMyshop</h3><table class="result"><tr><th class="invisible"/></tr></table><p class="totop"><a href="#summary">back to summary</a></p>
<h3 id="m40">com.psc.testcases.T_5_PaymentShippingTest#ValidatPaymentTest</h3><table class="result"><tr><th class="invisible"/></tr></table><p class="totop"><a href="#summary">back to summary</a></p>
<h3 id="m41">com.psc.testcases.T_5_PaymentShippingTest#ValidatPositionsTest</h3><table class="result"><tr><th class="invisible"/></tr></table><p class="totop"><a href="#summary">back to summary</a></p>
<h3 id="m42">com.psc.testcases.T_5_PaymentShippingTest#ValidatPreferences</h3><table class="result"><tr><th class="invisible"/></tr></table><p class="totop"><a href="#summary">back to summary</a></p>
</body>
</html>
