<!DOCTYPE html>

<html>
  <head>
  <meta charset='utf-8'>
  <title>TestNG reports</title>

    <link type="text/css" href="testng-reports.css" rel="stylesheet" />
    <script type="text/javascript" src="jquery-1.7.1.min.js"></script>
    <script type="text/javascript" src="testng-reports.js"></script>
    <script type="text/javascript" src="https://www.google.com/jsapi"></script>
    <script type='text/javascript'>
      google.load('visualization', '1', {packages:['table']});
      google.setOnLoadCallback(drawTable);
      var suiteTableInitFunctions = new Array();
      var suiteTableData = new Array();
    </script>
    <!--
      <script type="text/javascript" src="jquery-ui/js/jquery-ui-1.8.16.custom.min.js"></script>
     -->
  </head>

  <body>
    <div class="top-banner-root">
      <span class="top-banner-title-font">Test results</span>
      <br/>
      <span class="top-banner-font-1">1 suite, 4 failed tests</span>
    </div> <!-- top-banner-root -->
    <div class="navigator-root">
      <div class="navigator-suite-header">
        <span>All suites</span>
        <a href="#" class="collapse-all-link" title="Collapse/expand all the suites">
          <img class="collapse-all-icon" src="collapseall.gif">
          </img> <!-- collapse-all-icon -->
        </a> <!-- collapse-all-link -->
      </div> <!-- navigator-suite-header -->
      <div class="suite">
        <div class="rounded-window">
          <div class="suite-header light-rounded-window-top">
            <a href="#" class="navigator-link" panel-name="suite-PrestaShop_Application_Automation_Test_For_Suite_Test_">
              <span class="suite-name border-failed">PrestaShop Application Automation Test For Suite Test </span>
            </a> <!-- navigator-link -->
          </div> <!-- suite-header light-rounded-window-top -->
          <div class="navigator-suite-content">
            <div class="suite-section-title">
              <span>Info</span>
            </div> <!-- suite-section-title -->
            <div class="suite-section-content">
              <ul>
                <li>
                  <a href="#" class="navigator-link " panel-name="test-xml-PrestaShop_Application_Automation_Test_For_Suite_Test_">
                    <span>D:\Presta_shop\Presta_Shop_Cart\testng.xml</span>
                  </a> <!-- navigator-link  -->
                </li>
                <li>
                  <a href="#" class="navigator-link " panel-name="testlist-PrestaShop_Application_Automation_Test_For_Suite_Test_">
                    <span class="test-stats">1 test</span>
                  </a> <!-- navigator-link  -->
                </li>
                <li>
                  <a href="#" class="navigator-link " panel-name="group-PrestaShop_Application_Automation_Test_For_Suite_Test_">
                    <span>0 groups</span>
                  </a> <!-- navigator-link  -->
                </li>
                <li>
                  <a href="#" class="navigator-link " panel-name="times-PrestaShop_Application_Automation_Test_For_Suite_Test_">
                    <span>Times</span>
                  </a> <!-- navigator-link  -->
                </li>
                <li>
                  <a href="#" class="navigator-link " panel-name="reporter-PrestaShop_Application_Automation_Test_For_Suite_Test_">
                    <span>Reporter output</span>
                  </a> <!-- navigator-link  -->
                </li>
                <li>
                  <a href="#" class="navigator-link " panel-name="ignored-methods-PrestaShop_Application_Automation_Test_For_Suite_Test_">
                    <span>Ignored methods</span>
                  </a> <!-- navigator-link  -->
                </li>
                <li>
                  <a href="#" class="navigator-link " panel-name="chronological-PrestaShop_Application_Automation_Test_For_Suite_Test_">
                    <span>Chronological view</span>
                  </a> <!-- navigator-link  -->
                </li>
              </ul>
            </div> <!-- suite-section-content -->
            <div class="result-section">
              <div class="suite-section-title">
                <span>Results</span>
              </div> <!-- suite-section-title -->
              <div class="suite-section-content">
                <ul>
                  <li>
                    <span class="method-stats">43 methods, 4 failed,   39 passed</span>
                  </li>
                  <li>
                    <span class="method-list-title failed">Failed methods</span>
                    <span class="show-or-hide-methods failed">
                      <a href="#" panel-name="suite-PrestaShop_Application_Automation_Test_For_Suite_Test_" class="hide-methods failed suite-PrestaShop_Application_Automation_Test_For_Suite_Test_"> (hide)</a> <!-- hide-methods failed suite-PrestaShop_Application_Automation_Test_For_Suite_Test_ -->
                      <a href="#" panel-name="suite-PrestaShop_Application_Automation_Test_For_Suite_Test_" class="show-methods failed suite-PrestaShop_Application_Automation_Test_For_Suite_Test_"> (show)</a> <!-- show-methods failed suite-PrestaShop_Application_Automation_Test_For_Suite_Test_ -->
                    </span>
                    <div class="method-list-content failed suite-PrestaShop_Application_Automation_Test_For_Suite_Test_">
                      <span>
                        <img width="3%" src="failed.png"/>
                        <a href="#" class="method navigator-link" panel-name="suite-PrestaShop_Application_Automation_Test_For_Suite_Test_" title="com.psc.testcases.T_1_LoginPageTest" hash-for-method="PSC_LogoImageTest">PSC_LogoImageTest</a> <!-- method navigator-link -->
                      </span>
                      <br/>
                      <span>
                        <img width="3%" src="failed.png"/>
                        <a href="#" class="method navigator-link" panel-name="suite-PrestaShop_Application_Automation_Test_For_Suite_Test_" title="com.psc.testcases.T_3_CustomerPageTest" hash-for-method="ValidatCustomerTest(Shubham, Giri, Guest)">ValidatCustomerTest(Shubham, Giri, Guest)</a> <!-- method navigator-link -->
                      </span>
                      <br/>
                      <span>
                        <img width="3%" src="failed.png"/>
                        <a href="#" class="method navigator-link" panel-name="suite-PrestaShop_Application_Automation_Test_For_Suite_Test_" title="com.psc.testcases.T_4_OrdersPageTest" hash-for-method="ValidatDeliverySlipsTest">ValidatDeliverySlipsTest</a> <!-- method navigator-link -->
                      </span>
                      <br/>
                      <span>
                        <img width="3%" src="failed.png"/>
                        <a href="#" class="method navigator-link" panel-name="suite-PrestaShop_Application_Automation_Test_For_Suite_Test_" title="com.psc.testcases.T_2_HomePageTest" hash-for-method="ValidatProductsTest(Everywhere, Nidhi, 56326.0, 556666.0, 188855.0)">ValidatProductsTest(Everywhere, Nidhi, 56326.0, 556666.0, 188855.0)</a> <!-- method navigator-link -->
                      </span>
                      <br/>
                    </div> <!-- method-list-content failed suite-PrestaShop_Application_Automation_Test_For_Suite_Test_ -->
                  </li>
                  <li>
                    <span class="method-list-title passed">Passed methods</span>
                    <span class="show-or-hide-methods passed">
                      <a href="#" panel-name="suite-PrestaShop_Application_Automation_Test_For_Suite_Test_" class="hide-methods passed suite-PrestaShop_Application_Automation_Test_For_Suite_Test_"> (hide)</a> <!-- hide-methods passed suite-PrestaShop_Application_Automation_Test_For_Suite_Test_ -->
                      <a href="#" panel-name="suite-PrestaShop_Application_Automation_Test_For_Suite_Test_" class="show-methods passed suite-PrestaShop_Application_Automation_Test_For_Suite_Test_"> (show)</a> <!-- show-methods passed suite-PrestaShop_Application_Automation_Test_For_Suite_Test_ -->
                    </span>
                    <div class="method-list-content passed suite-PrestaShop_Application_Automation_Test_For_Suite_Test_">
                      <span>
                        <img width="3%" src="passed.png"/>
                        <a href="#" class="method navigator-link" panel-name="suite-PrestaShop_Application_Automation_Test_For_Suite_Test_" title="com.psc.testcases.T_5_PaymentShippingTest" hash-for-method="CalenderPage">CalenderPage</a> <!-- method navigator-link -->
                      </span>
                      <br/>
                      <span>
                        <img width="3%" src="passed.png"/>
                        <a href="#" class="method navigator-link" panel-name="suite-PrestaShop_Application_Automation_Test_For_Suite_Test_" title="com.psc.testcases.T_2_HomePageTest" hash-for-method="CustomerPage">CustomerPage</a> <!-- method navigator-link -->
                      </span>
                      <br/>
                      <span>
                        <img width="3%" src="passed.png"/>
                        <a href="#" class="method navigator-link" panel-name="suite-PrestaShop_Application_Automation_Test_For_Suite_Test_" title="com.psc.testcases.T_1_LoginPageTest" hash-for-method="HomePage">HomePage</a> <!-- method navigator-link -->
                      </span>
                      <br/>
                      <span>
                        <img width="3%" src="passed.png"/>
                        <a href="#" class="method navigator-link" panel-name="suite-PrestaShop_Application_Automation_Test_For_Suite_Test_" title="com.psc.testcases.T_1_LoginPageTest" hash-for-method="LoginTest(admin@javaclassesinpune.com, password)">LoginTest(admin@javaclassesinpune.com, password)</a> <!-- method navigator-link -->
                      </span>
                      <br/>
                      <span>
                        <img width="3%" src="passed.png"/>
                        <a href="#" class="method navigator-link" panel-name="suite-PrestaShop_Application_Automation_Test_For_Suite_Test_" title="com.psc.testcases.T_3_CustomerPageTest" hash-for-method="OrdersPage">OrdersPage</a> <!-- method navigator-link -->
                      </span>
                      <br/>
                      <span>
                        <img width="3%" src="passed.png"/>
                        <a href="#" class="method navigator-link" panel-name="suite-PrestaShop_Application_Automation_Test_For_Suite_Test_" title="com.psc.testcases.T_4_OrdersPageTest" hash-for-method="Payment_Shipping_Page">Payment_Shipping_Page</a> <!-- method navigator-link -->
                      </span>
                      <br/>
                      <span>
                        <img width="3%" src="passed.png"/>
                        <a href="#" class="method navigator-link" panel-name="suite-PrestaShop_Application_Automation_Test_For_Suite_Test_" title="com.psc.testcases.T_3_CustomerPageTest" hash-for-method="ValidatAddressesTest">ValidatAddressesTest</a> <!-- method navigator-link -->
                      </span>
                      <br/>
                      <span>
                        <img width="3%" src="passed.png"/>
                        <a href="#" class="method navigator-link" panel-name="suite-PrestaShop_Application_Automation_Test_For_Suite_Test_" title="com.psc.testcases.T_5_PaymentShippingTest" hash-for-method="ValidatAdminCarriersTest">ValidatAdminCarriersTest</a> <!-- method navigator-link -->
                      </span>
                      <br/>
                      <span>
                        <img width="3%" src="passed.png"/>
                        <a href="#" class="method navigator-link" panel-name="suite-PrestaShop_Application_Automation_Test_For_Suite_Test_" title="com.psc.testcases.T_3_CustomerPageTest" hash-for-method="ValidatContactsTest">ValidatContactsTest</a> <!-- method navigator-link -->
                      </span>
                      <br/>
                      <span>
                        <img width="3%" src="passed.png"/>
                        <a href="#" class="method navigator-link" panel-name="suite-PrestaShop_Application_Automation_Test_For_Suite_Test_" title="com.psc.testcases.T_4_OrdersPageTest" hash-for-method="ValidatCreditSlipsTest">ValidatCreditSlipsTest</a> <!-- method navigator-link -->
                      </span>
                      <br/>
                      <span>
                        <img width="3%" src="passed.png"/>
                        <a href="#" class="method navigator-link" panel-name="suite-PrestaShop_Application_Automation_Test_For_Suite_Test_" title="com.psc.testcases.T_3_CustomerPageTest" hash-for-method="ValidatCustomerServicesTest">ValidatCustomerServicesTest</a> <!-- method navigator-link -->
                      </span>
                      <br/>
                      <span>
                        <img width="3%" src="passed.png"/>
                        <a href="#" class="method navigator-link" panel-name="suite-PrestaShop_Application_Automation_Test_For_Suite_Test_" title="com.psc.testcases.T_3_CustomerPageTest" hash-for-method="ValidatCustomerTest(Ashish, Unhale, Visitor)">ValidatCustomerTest(Ashish, Unhale, Visitor)</a> <!-- method navigator-link -->
                      </span>
                      <br/>
                      <span>
                        <img width="3%" src="passed.png"/>
                        <a href="#" class="method navigator-link" panel-name="suite-PrestaShop_Application_Automation_Test_For_Suite_Test_" title="com.psc.testcases.T_3_CustomerPageTest" hash-for-method="ValidatCustomerTest(Pradip, Dighole, Customer)">ValidatCustomerTest(Pradip, Dighole, Customer)</a> <!-- method navigator-link -->
                      </span>
                      <br/>
                      <span>
                        <img width="3%" src="passed.png"/>
                        <a href="#" class="method navigator-link" panel-name="suite-PrestaShop_Application_Automation_Test_For_Suite_Test_" title="com.psc.testcases.T_3_CustomerPageTest" hash-for-method="ValidatGroupsTest">ValidatGroupsTest</a> <!-- method navigator-link -->
                      </span>
                      <br/>
                      <span>
                        <img width="3%" src="passed.png"/>
                        <a href="#" class="method navigator-link" panel-name="suite-PrestaShop_Application_Automation_Test_For_Suite_Test_" title="com.psc.testcases.T_2_HomePageTest" hash-for-method="ValidatHomePageTitleTest">ValidatHomePageTitleTest</a> <!-- method navigator-link -->
                      </span>
                      <br/>
                      <span>
                        <img width="3%" src="passed.png"/>
                        <a href="#" class="method navigator-link" panel-name="suite-PrestaShop_Application_Automation_Test_For_Suite_Test_" title="com.psc.testcases.T_4_OrdersPageTest" hash-for-method="ValidatInvoicesTest">ValidatInvoicesTest</a> <!-- method navigator-link -->
                      </span>
                      <br/>
                      <span>
                        <img width="3%" src="passed.png"/>
                        <a href="#" class="method navigator-link" panel-name="suite-PrestaShop_Application_Automation_Test_For_Suite_Test_" title="com.psc.testcases.T_2_HomePageTest" hash-for-method="ValidatManufacturersTest">ValidatManufacturersTest</a> <!-- method navigator-link -->
                      </span>
                      <br/>
                      <span>
                        <img width="3%" src="passed.png"/>
                        <a href="#" class="method navigator-link" panel-name="suite-PrestaShop_Application_Automation_Test_For_Suite_Test_" title="com.psc.testcases.T_4_OrdersPageTest" hash-for-method="ValidatMerchandiseReturnsTest">ValidatMerchandiseReturnsTest</a> <!-- method navigator-link -->
                      </span>
                      <br/>
                      <span>
                        <img width="3%" src="passed.png"/>
                        <a href="#" class="method navigator-link" panel-name="suite-PrestaShop_Application_Automation_Test_For_Suite_Test_" title="com.psc.testcases.T_5_PaymentShippingTest" hash-for-method="ValidatModulesServicesTest">ValidatModulesServicesTest</a> <!-- method navigator-link -->
                      </span>
                      <br/>
                      <span>
                        <img width="3%" src="passed.png"/>
                        <a href="#" class="method navigator-link" panel-name="suite-PrestaShop_Application_Automation_Test_For_Suite_Test_" title="com.psc.testcases.T_5_PaymentShippingTest" hash-for-method="ValidatModules_ThemesCatalogTest">ValidatModules_ThemesCatalogTest</a> <!-- method navigator-link -->
                      </span>
                      <br/>
                      <span>
                        <img width="3%" src="passed.png"/>
                        <a href="#" class="method navigator-link" panel-name="suite-PrestaShop_Application_Automation_Test_For_Suite_Test_" title="com.psc.testcases.T_2_HomePageTest" hash-for-method="ValidatMonitoringTest">ValidatMonitoringTest</a> <!-- method navigator-link -->
                      </span>
                      <br/>
                      <span>
                        <img width="3%" src="passed.png"/>
                        <a href="#" class="method navigator-link" panel-name="suite-PrestaShop_Application_Automation_Test_For_Suite_Test_" title="com.psc.testcases.T_5_PaymentShippingTest" hash-for-method="ValidatMyshop">ValidatMyshop</a> <!-- method navigator-link -->
                      </span>
                      <br/>
                      <span>
                        <img width="3%" src="passed.png"/>
                        <a href="#" class="method navigator-link" panel-name="suite-PrestaShop_Application_Automation_Test_For_Suite_Test_" title="com.psc.testcases.T_4_OrdersPageTest" hash-for-method="ValidatOrderMessagesTest">ValidatOrderMessagesTest</a> <!-- method navigator-link -->
                      </span>
                      <br/>
                      <span>
                        <img width="3%" src="passed.png"/>
                        <a href="#" class="method navigator-link" panel-name="suite-PrestaShop_Application_Automation_Test_For_Suite_Test_" title="com.psc.testcases.T_4_OrdersPageTest" hash-for-method="ValidatOrdersTest">ValidatOrdersTest</a> <!-- method navigator-link -->
                      </span>
                      <br/>
                      <span>
                        <img width="3%" src="passed.png"/>
                        <a href="#" class="method navigator-link" panel-name="suite-PrestaShop_Application_Automation_Test_For_Suite_Test_" title="com.psc.testcases.T_5_PaymentShippingTest" hash-for-method="ValidatPaymentTest">ValidatPaymentTest</a> <!-- method navigator-link -->
                      </span>
                      <br/>
                      <span>
                        <img width="3%" src="passed.png"/>
                        <a href="#" class="method navigator-link" panel-name="suite-PrestaShop_Application_Automation_Test_For_Suite_Test_" title="com.psc.testcases.T_5_PaymentShippingTest" hash-for-method="ValidatPositionsTest">ValidatPositionsTest</a> <!-- method navigator-link -->
                      </span>
                      <br/>
                      <span>
                        <img width="3%" src="passed.png"/>
                        <a href="#" class="method navigator-link" panel-name="suite-PrestaShop_Application_Automation_Test_For_Suite_Test_" title="com.psc.testcases.T_5_PaymentShippingTest" hash-for-method="ValidatPreferences">ValidatPreferences</a> <!-- method navigator-link -->
                      </span>
                      <br/>
                      <span>
                        <img width="3%" src="passed.png"/>
                        <a href="#" class="method navigator-link" panel-name="suite-PrestaShop_Application_Automation_Test_For_Suite_Test_" title="com.psc.testcases.T_2_HomePageTest" hash-for-method="ValidatProductAttributesTest">ValidatProductAttributesTest</a> <!-- method navigator-link -->
                      </span>
                      <br/>
                      <span>
                        <img width="3%" src="passed.png"/>
                        <a href="#" class="method navigator-link" panel-name="suite-PrestaShop_Application_Automation_Test_For_Suite_Test_" title="com.psc.testcases.T_2_HomePageTest" hash-for-method="ValidatProductCategoriesTest">ValidatProductCategoriesTest</a> <!-- method navigator-link -->
                      </span>
                      <br/>
                      <span>
                        <img width="3%" src="passed.png"/>
                        <a href="#" class="method navigator-link" panel-name="suite-PrestaShop_Application_Automation_Test_For_Suite_Test_" title="com.psc.testcases.T_2_HomePageTest" hash-for-method="ValidatProductFeaturesTest">ValidatProductFeaturesTest</a> <!-- method navigator-link -->
                      </span>
                      <br/>
                      <span>
                        <img width="3%" src="passed.png"/>
                        <a href="#" class="method navigator-link" panel-name="suite-PrestaShop_Application_Automation_Test_For_Suite_Test_" title="com.psc.testcases.T_2_HomePageTest" hash-for-method="ValidatProductsTest(Search only, shubhm, 54321.0, 654321.0, 654321.0)">ValidatProductsTest(Search only, shubhm, 54321.0, 654321.0, 654321.0)</a> <!-- method navigator-link -->
                      </span>
                      <br/>
                      <span>
                        <img width="3%" src="passed.png"/>
                        <a href="#" class="method navigator-link" panel-name="suite-PrestaShop_Application_Automation_Test_For_Suite_Test_" title="com.psc.testcases.T_2_HomePageTest" hash-for-method="ValidatProductsTest(Catalog only, kiran, 12345.0, 123456.0, 123467.0)">ValidatProductsTest(Catalog only, kiran, 12345.0, 123456.0, 123467.0)</a> <!-- method navigator-link -->
                      </span>
                      <br/>
                      <span>
                        <img width="3%" src="passed.png"/>
                        <a href="#" class="method navigator-link" panel-name="suite-PrestaShop_Application_Automation_Test_For_Suite_Test_" title="com.psc.testcases.T_2_HomePageTest" hash-for-method="ValidatProductsTest(Nowhere, ashish, 44325.0, 345621.0, 654231.0)">ValidatProductsTest(Nowhere, ashish, 44325.0, 345621.0, 654231.0)</a> <!-- method navigator-link -->
                      </span>
                      <br/>
                      <span>
                        <img width="3%" src="passed.png"/>
                        <a href="#" class="method navigator-link" panel-name="suite-PrestaShop_Application_Automation_Test_For_Suite_Test_" title="com.psc.testcases.T_3_CustomerPageTest" hash-for-method="ValidatShippingCartsTest">ValidatShippingCartsTest</a> <!-- method navigator-link -->
                      </span>
                      <br/>
                      <span>
                        <img width="3%" src="passed.png"/>
                        <a href="#" class="method navigator-link" panel-name="suite-PrestaShop_Application_Automation_Test_For_Suite_Test_" title="com.psc.testcases.T_4_OrdersPageTest" hash-for-method="ValidatStatusesTest">ValidatStatusesTest</a> <!-- method navigator-link -->
                      </span>
                      <br/>
                      <span>
                        <img width="3%" src="passed.png"/>
                        <a href="#" class="method navigator-link" panel-name="suite-PrestaShop_Application_Automation_Test_For_Suite_Test_" title="com.psc.testcases.T_3_CustomerPageTest" hash-for-method="VerifyHomePageCustomer">VerifyHomePageCustomer</a> <!-- method navigator-link -->
                      </span>
                      <br/>
                      <span>
                        <img width="3%" src="passed.png"/>
                        <a href="#" class="method navigator-link" panel-name="suite-PrestaShop_Application_Automation_Test_For_Suite_Test_" title="com.psc.testcases.T_1_LoginPageTest" hash-for-method="loginPageTitleTest">loginPageTitleTest</a> <!-- method navigator-link -->
                      </span>
                      <br/>
                      <span>
                        <img width="3%" src="passed.png"/>
                        <a href="#" class="method navigator-link" panel-name="suite-PrestaShop_Application_Automation_Test_For_Suite_Test_" title="com.psc.testcases.T_2_HomePageTest" hash-for-method="validatDashBoardTest">validatDashBoardTest</a> <!-- method navigator-link -->
                      </span>
                      <br/>
                      <span>
                        <img width="3%" src="passed.png"/>
                        <a href="#" class="method navigator-link" panel-name="suite-PrestaShop_Application_Automation_Test_For_Suite_Test_" title="com.psc.testcases.T_3_CustomerPageTest" hash-for-method="validatTittlesTest">validatTittlesTest</a> <!-- method navigator-link -->
                      </span>
                      <br/>
                    </div> <!-- method-list-content passed suite-PrestaShop_Application_Automation_Test_For_Suite_Test_ -->
                  </li>
                </ul>
              </div> <!-- suite-section-content -->
            </div> <!-- result-section -->
          </div> <!-- navigator-suite-content -->
        </div> <!-- rounded-window -->
      </div> <!-- suite -->
    </div> <!-- navigator-root -->
    <div class="wrapper">
      <div class="main-panel-root">
        <div panel-name="suite-PrestaShop_Application_Automation_Test_For_Suite_Test_" class="panel PrestaShop_Application_Automation_Test_For_Suite_Test_">
          <div class="suite-PrestaShop_Application_Automation_Test_For_Suite_Test_-class-failed">
            <div class="main-panel-header rounded-window-top">
              <img src="failed.png"/>
              <span class="class-name">com.psc.testcases.T_2_HomePageTest</span>
            </div> <!-- main-panel-header rounded-window-top -->
            <div class="main-panel-content rounded-window-bottom">
              <div class="method">
                <div class="method-content">
                  <a name="ValidatProductsTest(Everywhere, Nidhi, 56326.0, 556666.0, 188855.0)">
                  </a> <!-- ValidatProductsTest(Everywhere, Nidhi, 56326.0, 556666.0, 188855.0) -->
                  <span class="method-name">ValidatProductsTest</span>
                  <span class="parameters">(Everywhere, Nidhi, 56326.0, 556666.0, 188855.0)</span>
                  <div class="stack-trace">org.openqa.selenium.NoSuchElementException: no such element: Unable to locate element: {&quot;method&quot;:&quot;xpath&quot;,&quot;selector&quot;:&quot;//input[@id=&apos;virtual_product&apos;]&quot;}
  (Session info: chrome=78.0.3904.108)
  (Driver info: chromedriver=78.0.3904.70 (edb9c9f3de0247fd912a77b7f6cae7447f6d3ad5-refs/branch-heads/3904@{#800}),platform=Windows NT 10.0.18362 x86_64) (WARNING: The server did not provide any stacktrace information)
Command duration or timeout: 50.10 seconds
For documentation on this error, please visit: http://seleniumhq.org/exceptions/no_such_element.html
Build info: version: &apos;2.52.0&apos;, revision: &apos;4c2593cfc3689a7fcd7be52549167e5ccc93ad28&apos;, time: &apos;2016-02-11 11:22:43&apos;
System info: host: &apos;DESKTOP-U9QO90T&apos;, ip: &apos;192.168.1.224&apos;, os.name: &apos;Windows 10&apos;, os.arch: &apos;amd64&apos;, os.version: &apos;10.0&apos;, java.version: &apos;1.8.0_121&apos;
Driver info: org.openqa.selenium.chrome.ChromeDriver
Capabilities [{mobileEmulationEnabled=false, timeouts={implicit=0, pageLoad=300000, script=30000}, hasTouchScreen=false, platform=XP, acceptSslCerts=false, goog:chromeOptions={debuggerAddress=localhost:64409}, acceptInsecureCerts=false, webStorageEnabled=true, browserName=chrome, takesScreenshot=true, javascriptEnabled=true, setWindowRect=true, unexpectedAlertBehaviour=ignore, applicationCacheEnabled=false, rotatable=false, networkConnectionEnabled=false, chrome={chromedriverVersion=78.0.3904.70 (edb9c9f3de0247fd912a77b7f6cae7447f6d3ad5-refs/branch-heads/3904@{#800}), userDataDir=C:\Users\SHUBHA~1\AppData\Local\Temp\scoped_dir13332_263166827}, takesHeapSnapshot=true, pageLoadStrategy=normal, strictFileInteractability=false, databaseEnabled=false, handlesAlerts=true, version=78.0.3904.108, browserConnectionEnabled=false, proxy={}, nativeEvents=true, locationContextEnabled=true, cssSelectorsEnabled=true}]
Session ID: c0367be027707aa0f9cf12ca12691179
*** Element info: {Using=xpath, value=//input[@id=&apos;virtual_product&apos;]}
	at org.openqa.selenium.remote.ErrorHandler.createThrowable(ErrorHandler.java:206)
	at org.openqa.selenium.remote.ErrorHandler.throwIfResponseFailed(ErrorHandler.java:158)
	at org.openqa.selenium.remote.RemoteWebDriver.execute(RemoteWebDriver.java:678)
	at org.openqa.selenium.remote.RemoteWebDriver.findElement(RemoteWebDriver.java:363)
	at org.openqa.selenium.remote.RemoteWebDriver.findElementByXPath(RemoteWebDriver.java:500)
	at org.openqa.selenium.By$ByXPath.findElement(By.java:361)
	at org.openqa.selenium.remote.RemoteWebDriver.findElement(RemoteWebDriver.java:355)
	at org.openqa.selenium.support.pagefactory.DefaultElementLocator.findElement(DefaultElementLocator.java:69)
	at org.openqa.selenium.support.pagefactory.internal.LocatingElementHandler.invoke(LocatingElementHandler.java:38)
	at com.sun.proxy.$Proxy7.click(Unknown Source)
	at com.psc.Pages.P_2_HomePage.VerifyProducts(P_2_HomePage.java:87)
	at com.psc.testcases.T_2_HomePageTest.ValidatProductsTest(T_2_HomePageTest.java:75)
	at java.util.ArrayList.forEach(ArrayList.java:1249)
... Removed 34 stack frames
</div> <!-- stack-trace -->
                </div> <!-- method-content -->
              </div> <!-- method -->
            </div> <!-- main-panel-content rounded-window-bottom -->
          </div> <!-- suite-PrestaShop_Application_Automation_Test_For_Suite_Test_-class-failed -->
          <div class="suite-PrestaShop_Application_Automation_Test_For_Suite_Test_-class-failed">
            <div class="main-panel-header rounded-window-top">
              <img src="failed.png"/>
              <span class="class-name">com.psc.testcases.T_4_OrdersPageTest</span>
            </div> <!-- main-panel-header rounded-window-top -->
            <div class="main-panel-content rounded-window-bottom">
              <div class="method">
                <div class="method-content">
                  <a name="ValidatDeliverySlipsTest">
                  </a> <!-- ValidatDeliverySlipsTest -->
                  <span class="method-name">ValidatDeliverySlipsTest</span>
                  <div class="stack-trace">org.openqa.selenium.NoSuchElementException: no such element: Unable to locate element: {&quot;method&quot;:&quot;xpath&quot;,&quot;selector&quot;:&quot;//*[@id=&quot;maintab-AdminParentOrders&quot;]/a/span&quot;}
  (Session info: chrome=78.0.3904.108)
  (Driver info: chromedriver=78.0.3904.70 (edb9c9f3de0247fd912a77b7f6cae7447f6d3ad5-refs/branch-heads/3904@{#800}),platform=Windows NT 10.0.18362 x86_64) (WARNING: The server did not provide any stacktrace information)
Command duration or timeout: 50.08 seconds
For documentation on this error, please visit: http://seleniumhq.org/exceptions/no_such_element.html
Build info: version: &apos;2.52.0&apos;, revision: &apos;4c2593cfc3689a7fcd7be52549167e5ccc93ad28&apos;, time: &apos;2016-02-11 11:22:43&apos;
System info: host: &apos;DESKTOP-U9QO90T&apos;, ip: &apos;192.168.1.224&apos;, os.name: &apos;Windows 10&apos;, os.arch: &apos;amd64&apos;, os.version: &apos;10.0&apos;, java.version: &apos;1.8.0_121&apos;
Driver info: org.openqa.selenium.chrome.ChromeDriver
Capabilities [{mobileEmulationEnabled=false, timeouts={implicit=0, pageLoad=300000, script=30000}, hasTouchScreen=false, platform=XP, acceptSslCerts=false, goog:chromeOptions={debuggerAddress=localhost:65489}, acceptInsecureCerts=false, webStorageEnabled=true, browserName=chrome, takesScreenshot=true, javascriptEnabled=true, setWindowRect=true, unexpectedAlertBehaviour=ignore, applicationCacheEnabled=false, rotatable=false, networkConnectionEnabled=false, chrome={chromedriverVersion=78.0.3904.70 (edb9c9f3de0247fd912a77b7f6cae7447f6d3ad5-refs/branch-heads/3904@{#800}), userDataDir=C:\Users\SHUBHA~1\AppData\Local\Temp\scoped_dir7200_1900174422}, takesHeapSnapshot=true, pageLoadStrategy=normal, strictFileInteractability=false, databaseEnabled=false, handlesAlerts=true, version=78.0.3904.108, browserConnectionEnabled=false, proxy={}, nativeEvents=true, locationContextEnabled=true, cssSelectorsEnabled=true}]
Session ID: f28c0852f12a6336ad590ab2a41e796e
*** Element info: {Using=xpath, value=//*[@id=&quot;maintab-AdminParentOrders&quot;]/a/span}
	at org.openqa.selenium.remote.ErrorHandler.createThrowable(ErrorHandler.java:206)
	at org.openqa.selenium.remote.ErrorHandler.throwIfResponseFailed(ErrorHandler.java:158)
	at org.openqa.selenium.remote.RemoteWebDriver.execute(RemoteWebDriver.java:678)
	at org.openqa.selenium.remote.RemoteWebDriver.findElement(RemoteWebDriver.java:363)
	at org.openqa.selenium.remote.RemoteWebDriver.findElementByXPath(RemoteWebDriver.java:500)
	at org.openqa.selenium.By$ByXPath.findElement(By.java:361)
	at org.openqa.selenium.remote.RemoteWebDriver.findElement(RemoteWebDriver.java:355)
	at org.openqa.selenium.support.pagefactory.DefaultElementLocator.findElement(DefaultElementLocator.java:69)
	at org.openqa.selenium.support.pagefactory.internal.LocatingElementHandler.invoke(LocatingElementHandler.java:38)
	at com.sun.proxy.$Proxy7.getCoordinates(Unknown Source)
	at org.openqa.selenium.interactions.internal.MouseAction.getActionLocation(MouseAction.java:51)
	at org.openqa.selenium.interactions.MoveMouseAction.perform(MoveMouseAction.java:39)
	at org.openqa.selenium.interactions.CompositeAction.perform(CompositeAction.java:50)
	at com.psc.Pages.P_4_OrdersPage.VerifyDeliverySlips(P_4_OrdersPage.java:59)
	at com.psc.testcases.T_4_OrdersPageTest.ValidatDeliverySlipsTest(T_4_OrdersPageTest.java:62)
	at java.util.ArrayList.forEach(ArrayList.java:1249)
... Removed 34 stack frames
</div> <!-- stack-trace -->
                </div> <!-- method-content -->
              </div> <!-- method -->
            </div> <!-- main-panel-content rounded-window-bottom -->
          </div> <!-- suite-PrestaShop_Application_Automation_Test_For_Suite_Test_-class-failed -->
          <div class="suite-PrestaShop_Application_Automation_Test_For_Suite_Test_-class-failed">
            <div class="main-panel-header rounded-window-top">
              <img src="failed.png"/>
              <span class="class-name">com.psc.testcases.T_3_CustomerPageTest</span>
            </div> <!-- main-panel-header rounded-window-top -->
            <div class="main-panel-content rounded-window-bottom">
              <div class="method">
                <div class="method-content">
                  <a name="ValidatCustomerTest(Shubham, Giri, Guest)">
                  </a> <!-- ValidatCustomerTest(Shubham, Giri, Guest) -->
                  <span class="method-name">ValidatCustomerTest</span>
                  <span class="parameters">(Shubham, Giri, Guest)</span>
                  <div class="stack-trace">org.openqa.selenium.NoSuchElementException: no such element: Unable to locate element: {&quot;method&quot;:&quot;id&quot;,&quot;selector&quot;:&quot;gender_1&quot;}
  (Session info: chrome=78.0.3904.108)
  (Driver info: chromedriver=78.0.3904.70 (edb9c9f3de0247fd912a77b7f6cae7447f6d3ad5-refs/branch-heads/3904@{#800}),platform=Windows NT 10.0.18362 x86_64) (WARNING: The server did not provide any stacktrace information)
Command duration or timeout: 50.05 seconds
For documentation on this error, please visit: http://seleniumhq.org/exceptions/no_such_element.html
Build info: version: &apos;2.52.0&apos;, revision: &apos;4c2593cfc3689a7fcd7be52549167e5ccc93ad28&apos;, time: &apos;2016-02-11 11:22:43&apos;
System info: host: &apos;DESKTOP-U9QO90T&apos;, ip: &apos;192.168.1.224&apos;, os.name: &apos;Windows 10&apos;, os.arch: &apos;amd64&apos;, os.version: &apos;10.0&apos;, java.version: &apos;1.8.0_121&apos;
Driver info: org.openqa.selenium.chrome.ChromeDriver
Capabilities [{mobileEmulationEnabled=false, timeouts={implicit=0, pageLoad=300000, script=30000}, hasTouchScreen=false, platform=XP, acceptSslCerts=false, goog:chromeOptions={debuggerAddress=localhost:64901}, acceptInsecureCerts=false, webStorageEnabled=true, browserName=chrome, takesScreenshot=true, javascriptEnabled=true, setWindowRect=true, unexpectedAlertBehaviour=ignore, applicationCacheEnabled=false, rotatable=false, networkConnectionEnabled=false, chrome={chromedriverVersion=78.0.3904.70 (edb9c9f3de0247fd912a77b7f6cae7447f6d3ad5-refs/branch-heads/3904@{#800}), userDataDir=C:\Users\SHUBHA~1\AppData\Local\Temp\scoped_dir2988_803230701}, takesHeapSnapshot=true, pageLoadStrategy=normal, strictFileInteractability=false, databaseEnabled=false, handlesAlerts=true, version=78.0.3904.108, browserConnectionEnabled=false, proxy={}, nativeEvents=true, locationContextEnabled=true, cssSelectorsEnabled=true}]
Session ID: 062bfadd0aea18026d72760c0e937dc5
*** Element info: {Using=id, value=gender_1}
	at org.openqa.selenium.remote.ErrorHandler.createThrowable(ErrorHandler.java:206)
	at org.openqa.selenium.remote.ErrorHandler.throwIfResponseFailed(ErrorHandler.java:158)
	at org.openqa.selenium.remote.RemoteWebDriver.execute(RemoteWebDriver.java:678)
	at org.openqa.selenium.remote.RemoteWebDriver.findElement(RemoteWebDriver.java:363)
	at org.openqa.selenium.remote.RemoteWebDriver.findElementById(RemoteWebDriver.java:413)
	at org.openqa.selenium.By$ById.findElement(By.java:218)
	at org.openqa.selenium.remote.RemoteWebDriver.findElement(RemoteWebDriver.java:355)
	at com.psc.Pages.P_3_CustomerPage.VerifyCustomer(P_3_CustomerPage.java:43)
	at com.psc.testcases.T_3_CustomerPageTest.ValidatCustomerTest(T_3_CustomerPageTest.java:64)
	at java.util.ArrayList.forEach(ArrayList.java:1249)
... Removed 34 stack frames
</div> <!-- stack-trace -->
                </div> <!-- method-content -->
              </div> <!-- method -->
            </div> <!-- main-panel-content rounded-window-bottom -->
          </div> <!-- suite-PrestaShop_Application_Automation_Test_For_Suite_Test_-class-failed -->
          <div class="suite-PrestaShop_Application_Automation_Test_For_Suite_Test_-class-failed">
            <div class="main-panel-header rounded-window-top">
              <img src="failed.png"/>
              <span class="class-name">com.psc.testcases.T_1_LoginPageTest</span>
            </div> <!-- main-panel-header rounded-window-top -->
            <div class="main-panel-content rounded-window-bottom">
              <div class="method">
                <div class="method-content">
                  <a name="PSC_LogoImageTest">
                  </a> <!-- PSC_LogoImageTest -->
                  <span class="method-name">PSC_LogoImageTest</span>
                  <div class="stack-trace">org.openqa.selenium.NoSuchElementException: no such element: Unable to locate element: {&quot;method&quot;:&quot;id&quot;,&quot;selector&quot;:&quot;sho-img&quot;}
  (Session info: chrome=78.0.3904.108)
  (Driver info: chromedriver=78.0.3904.70 (edb9c9f3de0247fd912a77b7f6cae7447f6d3ad5-refs/branch-heads/3904@{#800}),platform=Windows NT 10.0.18362 x86_64) (WARNING: The server did not provide any stacktrace information)
Command duration or timeout: 50.12 seconds
For documentation on this error, please visit: http://seleniumhq.org/exceptions/no_such_element.html
Build info: version: &apos;2.52.0&apos;, revision: &apos;4c2593cfc3689a7fcd7be52549167e5ccc93ad28&apos;, time: &apos;2016-02-11 11:22:43&apos;
System info: host: &apos;DESKTOP-U9QO90T&apos;, ip: &apos;192.168.1.224&apos;, os.name: &apos;Windows 10&apos;, os.arch: &apos;amd64&apos;, os.version: &apos;10.0&apos;, java.version: &apos;1.8.0_121&apos;
Driver info: org.openqa.selenium.chrome.ChromeDriver
Capabilities [{mobileEmulationEnabled=false, timeouts={implicit=0, pageLoad=300000, script=30000}, hasTouchScreen=false, platform=XP, acceptSslCerts=false, goog:chromeOptions={debuggerAddress=localhost:64006}, acceptInsecureCerts=false, webStorageEnabled=true, browserName=chrome, takesScreenshot=true, javascriptEnabled=true, setWindowRect=true, unexpectedAlertBehaviour=ignore, applicationCacheEnabled=false, rotatable=false, networkConnectionEnabled=false, chrome={chromedriverVersion=78.0.3904.70 (edb9c9f3de0247fd912a77b7f6cae7447f6d3ad5-refs/branch-heads/3904@{#800}), userDataDir=C:\Users\SHUBHA~1\AppData\Local\Temp\scoped_dir8968_663525486}, takesHeapSnapshot=true, pageLoadStrategy=normal, strictFileInteractability=false, databaseEnabled=false, handlesAlerts=true, version=78.0.3904.108, browserConnectionEnabled=false, proxy={}, nativeEvents=true, locationContextEnabled=true, cssSelectorsEnabled=true}]
Session ID: f1620b531f5cbbee819d210176d05297
*** Element info: {Using=id, value=sho-img}
	at org.openqa.selenium.remote.ErrorHandler.createThrowable(ErrorHandler.java:206)
	at org.openqa.selenium.remote.ErrorHandler.throwIfResponseFailed(ErrorHandler.java:158)
	at org.openqa.selenium.remote.RemoteWebDriver.execute(RemoteWebDriver.java:678)
	at org.openqa.selenium.remote.RemoteWebDriver.findElement(RemoteWebDriver.java:363)
	at org.openqa.selenium.remote.RemoteWebDriver.findElementById(RemoteWebDriver.java:413)
	at org.openqa.selenium.By$ById.findElement(By.java:218)
	at org.openqa.selenium.remote.RemoteWebDriver.findElement(RemoteWebDriver.java:355)
	at org.openqa.selenium.support.pagefactory.DefaultElementLocator.findElement(DefaultElementLocator.java:69)
	at org.openqa.selenium.support.pagefactory.internal.LocatingElementHandler.invoke(LocatingElementHandler.java:38)
	at com.sun.proxy.$Proxy7.isDisplayed(Unknown Source)
	at com.psc.Pages.P_1_LoginPage.validatepscImage(P_1_LoginPage.java:43)
	at com.psc.testcases.T_1_LoginPageTest.PSC_LogoImageTest(T_1_LoginPageTest.java:52)
	at java.util.ArrayList.forEach(ArrayList.java:1249)
... Removed 34 stack frames
</div> <!-- stack-trace -->
                </div> <!-- method-content -->
              </div> <!-- method -->
            </div> <!-- main-panel-content rounded-window-bottom -->
          </div> <!-- suite-PrestaShop_Application_Automation_Test_For_Suite_Test_-class-failed -->
          <div class="suite-PrestaShop_Application_Automation_Test_For_Suite_Test_-class-passed">
            <div class="main-panel-header rounded-window-top">
              <img src="passed.png"/>
              <span class="class-name">com.psc.testcases.T_2_HomePageTest</span>
            </div> <!-- main-panel-header rounded-window-top -->
            <div class="main-panel-content rounded-window-bottom">
              <div class="method">
                <div class="method-content">
                  <a name="CustomerPage">
                  </a> <!-- CustomerPage -->
                  <span class="method-name">CustomerPage</span>
                </div> <!-- method-content -->
              </div> <!-- method -->
              <div class="method">
                <div class="method-content">
                  <a name="ValidatHomePageTitleTest">
                  </a> <!-- ValidatHomePageTitleTest -->
                  <span class="method-name">ValidatHomePageTitleTest</span>
                </div> <!-- method-content -->
              </div> <!-- method -->
              <div class="method">
                <div class="method-content">
                  <a name="ValidatManufacturersTest">
                  </a> <!-- ValidatManufacturersTest -->
                  <span class="method-name">ValidatManufacturersTest</span>
                </div> <!-- method-content -->
              </div> <!-- method -->
              <div class="method">
                <div class="method-content">
                  <a name="ValidatMonitoringTest">
                  </a> <!-- ValidatMonitoringTest -->
                  <span class="method-name">ValidatMonitoringTest</span>
                </div> <!-- method-content -->
              </div> <!-- method -->
              <div class="method">
                <div class="method-content">
                  <a name="ValidatProductAttributesTest">
                  </a> <!-- ValidatProductAttributesTest -->
                  <span class="method-name">ValidatProductAttributesTest</span>
                </div> <!-- method-content -->
              </div> <!-- method -->
              <div class="method">
                <div class="method-content">
                  <a name="ValidatProductCategoriesTest">
                  </a> <!-- ValidatProductCategoriesTest -->
                  <span class="method-name">ValidatProductCategoriesTest</span>
                </div> <!-- method-content -->
              </div> <!-- method -->
              <div class="method">
                <div class="method-content">
                  <a name="ValidatProductFeaturesTest">
                  </a> <!-- ValidatProductFeaturesTest -->
                  <span class="method-name">ValidatProductFeaturesTest</span>
                </div> <!-- method-content -->
              </div> <!-- method -->
              <div class="method">
                <div class="method-content">
                  <a name="ValidatProductsTest(Search only, shubhm, 54321.0, 654321.0, 654321.0)">
                  </a> <!-- ValidatProductsTest(Search only, shubhm, 54321.0, 654321.0, 654321.0) -->
                  <span class="method-name">ValidatProductsTest</span>
                  <span class="parameters">(Search only, shubhm, 54321.0, 654321.0, 654321.0)</span>
                </div> <!-- method-content -->
              </div> <!-- method -->
              <div class="method">
                <div class="method-content">
                  <a name="ValidatProductsTest(Catalog only, kiran, 12345.0, 123456.0, 123467.0)">
                  </a> <!-- ValidatProductsTest(Catalog only, kiran, 12345.0, 123456.0, 123467.0) -->
                  <span class="method-name">ValidatProductsTest</span>
                  <span class="parameters">(Catalog only, kiran, 12345.0, 123456.0, 123467.0)</span>
                </div> <!-- method-content -->
              </div> <!-- method -->
              <div class="method">
                <div class="method-content">
                  <a name="ValidatProductsTest(Nowhere, ashish, 44325.0, 345621.0, 654231.0)">
                  </a> <!-- ValidatProductsTest(Nowhere, ashish, 44325.0, 345621.0, 654231.0) -->
                  <span class="method-name">ValidatProductsTest</span>
                  <span class="parameters">(Nowhere, ashish, 44325.0, 345621.0, 654231.0)</span>
                </div> <!-- method-content -->
              </div> <!-- method -->
              <div class="method">
                <div class="method-content">
                  <a name="validatDashBoardTest">
                  </a> <!-- validatDashBoardTest -->
                  <span class="method-name">validatDashBoardTest</span>
                </div> <!-- method-content -->
              </div> <!-- method -->
            </div> <!-- main-panel-content rounded-window-bottom -->
          </div> <!-- suite-PrestaShop_Application_Automation_Test_For_Suite_Test_-class-passed -->
          <div class="suite-PrestaShop_Application_Automation_Test_For_Suite_Test_-class-passed">
            <div class="main-panel-header rounded-window-top">
              <img src="passed.png"/>
              <span class="class-name">com.psc.testcases.T_5_PaymentShippingTest</span>
            </div> <!-- main-panel-header rounded-window-top -->
            <div class="main-panel-content rounded-window-bottom">
              <div class="method">
                <div class="method-content">
                  <a name="CalenderPage">
                  </a> <!-- CalenderPage -->
                  <span class="method-name">CalenderPage</span>
                </div> <!-- method-content -->
              </div> <!-- method -->
              <div class="method">
                <div class="method-content">
                  <a name="ValidatAdminCarriersTest">
                  </a> <!-- ValidatAdminCarriersTest -->
                  <span class="method-name">ValidatAdminCarriersTest</span>
                </div> <!-- method-content -->
              </div> <!-- method -->
              <div class="method">
                <div class="method-content">
                  <a name="ValidatModulesServicesTest">
                  </a> <!-- ValidatModulesServicesTest -->
                  <span class="method-name">ValidatModulesServicesTest</span>
                </div> <!-- method-content -->
              </div> <!-- method -->
              <div class="method">
                <div class="method-content">
                  <a name="ValidatModules_ThemesCatalogTest">
                  </a> <!-- ValidatModules_ThemesCatalogTest -->
                  <span class="method-name">ValidatModules_ThemesCatalogTest</span>
                </div> <!-- method-content -->
              </div> <!-- method -->
              <div class="method">
                <div class="method-content">
                  <a name="ValidatMyshop">
                  </a> <!-- ValidatMyshop -->
                  <span class="method-name">ValidatMyshop</span>
                </div> <!-- method-content -->
              </div> <!-- method -->
              <div class="method">
                <div class="method-content">
                  <a name="ValidatPaymentTest">
                  </a> <!-- ValidatPaymentTest -->
                  <span class="method-name">ValidatPaymentTest</span>
                </div> <!-- method-content -->
              </div> <!-- method -->
              <div class="method">
                <div class="method-content">
                  <a name="ValidatPositionsTest">
                  </a> <!-- ValidatPositionsTest -->
                  <span class="method-name">ValidatPositionsTest</span>
                </div> <!-- method-content -->
              </div> <!-- method -->
              <div class="method">
                <div class="method-content">
                  <a name="ValidatPreferences">
                  </a> <!-- ValidatPreferences -->
                  <span class="method-name">ValidatPreferences</span>
                </div> <!-- method-content -->
              </div> <!-- method -->
            </div> <!-- main-panel-content rounded-window-bottom -->
          </div> <!-- suite-PrestaShop_Application_Automation_Test_For_Suite_Test_-class-passed -->
          <div class="suite-PrestaShop_Application_Automation_Test_For_Suite_Test_-class-passed">
            <div class="main-panel-header rounded-window-top">
              <img src="passed.png"/>
              <span class="class-name">com.psc.testcases.T_4_OrdersPageTest</span>
            </div> <!-- main-panel-header rounded-window-top -->
            <div class="main-panel-content rounded-window-bottom">
              <div class="method">
                <div class="method-content">
                  <a name="Payment_Shipping_Page">
                  </a> <!-- Payment_Shipping_Page -->
                  <span class="method-name">Payment_Shipping_Page</span>
                </div> <!-- method-content -->
              </div> <!-- method -->
              <div class="method">
                <div class="method-content">
                  <a name="ValidatCreditSlipsTest">
                  </a> <!-- ValidatCreditSlipsTest -->
                  <span class="method-name">ValidatCreditSlipsTest</span>
                </div> <!-- method-content -->
              </div> <!-- method -->
              <div class="method">
                <div class="method-content">
                  <a name="ValidatInvoicesTest">
                  </a> <!-- ValidatInvoicesTest -->
                  <span class="method-name">ValidatInvoicesTest</span>
                </div> <!-- method-content -->
              </div> <!-- method -->
              <div class="method">
                <div class="method-content">
                  <a name="ValidatMerchandiseReturnsTest">
                  </a> <!-- ValidatMerchandiseReturnsTest -->
                  <span class="method-name">ValidatMerchandiseReturnsTest</span>
                </div> <!-- method-content -->
              </div> <!-- method -->
              <div class="method">
                <div class="method-content">
                  <a name="ValidatOrderMessagesTest">
                  </a> <!-- ValidatOrderMessagesTest -->
                  <span class="method-name">ValidatOrderMessagesTest</span>
                </div> <!-- method-content -->
              </div> <!-- method -->
              <div class="method">
                <div class="method-content">
                  <a name="ValidatOrdersTest">
                  </a> <!-- ValidatOrdersTest -->
                  <span class="method-name">ValidatOrdersTest</span>
                </div> <!-- method-content -->
              </div> <!-- method -->
              <div class="method">
                <div class="method-content">
                  <a name="ValidatStatusesTest">
                  </a> <!-- ValidatStatusesTest -->
                  <span class="method-name">ValidatStatusesTest</span>
                </div> <!-- method-content -->
              </div> <!-- method -->
            </div> <!-- main-panel-content rounded-window-bottom -->
          </div> <!-- suite-PrestaShop_Application_Automation_Test_For_Suite_Test_-class-passed -->
          <div class="suite-PrestaShop_Application_Automation_Test_For_Suite_Test_-class-passed">
            <div class="main-panel-header rounded-window-top">
              <img src="passed.png"/>
              <span class="class-name">com.psc.testcases.T_3_CustomerPageTest</span>
            </div> <!-- main-panel-header rounded-window-top -->
            <div class="main-panel-content rounded-window-bottom">
              <div class="method">
                <div class="method-content">
                  <a name="OrdersPage">
                  </a> <!-- OrdersPage -->
                  <span class="method-name">OrdersPage</span>
                </div> <!-- method-content -->
              </div> <!-- method -->
              <div class="method">
                <div class="method-content">
                  <a name="ValidatAddressesTest">
                  </a> <!-- ValidatAddressesTest -->
                  <span class="method-name">ValidatAddressesTest</span>
                </div> <!-- method-content -->
              </div> <!-- method -->
              <div class="method">
                <div class="method-content">
                  <a name="ValidatContactsTest">
                  </a> <!-- ValidatContactsTest -->
                  <span class="method-name">ValidatContactsTest</span>
                </div> <!-- method-content -->
              </div> <!-- method -->
              <div class="method">
                <div class="method-content">
                  <a name="ValidatCustomerServicesTest">
                  </a> <!-- ValidatCustomerServicesTest -->
                  <span class="method-name">ValidatCustomerServicesTest</span>
                </div> <!-- method-content -->
              </div> <!-- method -->
              <div class="method">
                <div class="method-content">
                  <a name="ValidatCustomerTest(Ashish, Unhale, Visitor)">
                  </a> <!-- ValidatCustomerTest(Ashish, Unhale, Visitor) -->
                  <span class="method-name">ValidatCustomerTest</span>
                  <span class="parameters">(Ashish, Unhale, Visitor)</span>
                </div> <!-- method-content -->
              </div> <!-- method -->
              <div class="method">
                <div class="method-content">
                  <a name="ValidatCustomerTest(Pradip, Dighole, Customer)">
                  </a> <!-- ValidatCustomerTest(Pradip, Dighole, Customer) -->
                  <span class="method-name">ValidatCustomerTest</span>
                  <span class="parameters">(Pradip, Dighole, Customer)</span>
                </div> <!-- method-content -->
              </div> <!-- method -->
              <div class="method">
                <div class="method-content">
                  <a name="ValidatGroupsTest">
                  </a> <!-- ValidatGroupsTest -->
                  <span class="method-name">ValidatGroupsTest</span>
                </div> <!-- method-content -->
              </div> <!-- method -->
              <div class="method">
                <div class="method-content">
                  <a name="ValidatShippingCartsTest">
                  </a> <!-- ValidatShippingCartsTest -->
                  <span class="method-name">ValidatShippingCartsTest</span>
                </div> <!-- method-content -->
              </div> <!-- method -->
              <div class="method">
                <div class="method-content">
                  <a name="VerifyHomePageCustomer">
                  </a> <!-- VerifyHomePageCustomer -->
                  <span class="method-name">VerifyHomePageCustomer</span>
                </div> <!-- method-content -->
              </div> <!-- method -->
              <div class="method">
                <div class="method-content">
                  <a name="validatTittlesTest">
                  </a> <!-- validatTittlesTest -->
                  <span class="method-name">validatTittlesTest</span>
                </div> <!-- method-content -->
              </div> <!-- method -->
            </div> <!-- main-panel-content rounded-window-bottom -->
          </div> <!-- suite-PrestaShop_Application_Automation_Test_For_Suite_Test_-class-passed -->
          <div class="suite-PrestaShop_Application_Automation_Test_For_Suite_Test_-class-passed">
            <div class="main-panel-header rounded-window-top">
              <img src="passed.png"/>
              <span class="class-name">com.psc.testcases.T_1_LoginPageTest</span>
            </div> <!-- main-panel-header rounded-window-top -->
            <div class="main-panel-content rounded-window-bottom">
              <div class="method">
                <div class="method-content">
                  <a name="HomePage">
                  </a> <!-- HomePage -->
                  <span class="method-name">HomePage</span>
                </div> <!-- method-content -->
              </div> <!-- method -->
              <div class="method">
                <div class="method-content">
                  <a name="LoginTest(admin@javaclassesinpune.com, password)">
                  </a> <!-- LoginTest(admin@javaclassesinpune.com, password) -->
                  <span class="method-name">LoginTest</span>
                  <span class="parameters">(admin@javaclassesinpune.com, password)</span>
                </div> <!-- method-content -->
              </div> <!-- method -->
              <div class="method">
                <div class="method-content">
                  <a name="loginPageTitleTest">
                  </a> <!-- loginPageTitleTest -->
                  <span class="method-name">loginPageTitleTest</span>
                </div> <!-- method-content -->
              </div> <!-- method -->
            </div> <!-- main-panel-content rounded-window-bottom -->
          </div> <!-- suite-PrestaShop_Application_Automation_Test_For_Suite_Test_-class-passed -->
        </div> <!-- panel PrestaShop_Application_Automation_Test_For_Suite_Test_ -->
        <div panel-name="test-xml-PrestaShop_Application_Automation_Test_For_Suite_Test_" class="panel">
          <div class="main-panel-header rounded-window-top">
            <span class="header-content">D:\Presta_shop\Presta_Shop_Cart\testng.xml</span>
          </div> <!-- main-panel-header rounded-window-top -->
          <div class="main-panel-content rounded-window-bottom">
            <pre>
&lt;?xml version=&quot;1.0&quot; encoding=&quot;UTF-8&quot;?&gt;
&lt;!DOCTYPE suite SYSTEM &quot;https://testng.org/testng-1.0.dtd&quot;&gt;
&lt;suite guice-stage=&quot;DEVELOPMENT&quot; verbose=&quot;0&quot; name=&quot;PrestaShop Application Automation Test For Suite Test &quot;&gt;
  &lt;test thread-count=&quot;5&quot; verbose=&quot;0&quot; name=&quot;PrestaShop Application Test&quot;&gt;
    &lt;classes&gt;
      &lt;class name=&quot;com.psc.testcases.T_1_LoginPageTest&quot;/&gt;
      &lt;class name=&quot;com.psc.testcases.T_2_HomePageTest&quot;/&gt;
      &lt;class name=&quot;com.psc.testcases.T_3_CustomerPageTest&quot;/&gt;
      &lt;class name=&quot;com.psc.testcases.T_4_OrdersPageTest&quot;/&gt;
      &lt;class name=&quot;com.psc.testcases.T_5_PaymentShippingTest&quot;/&gt;
    &lt;/classes&gt;
  &lt;/test&gt; &lt;!-- PrestaShop Application Test --&gt;
&lt;/suite&gt; &lt;!-- PrestaShop Application Automation Test For Suite Test  --&gt;
            </pre>
          </div> <!-- main-panel-content rounded-window-bottom -->
        </div> <!-- panel -->
        <div panel-name="testlist-PrestaShop_Application_Automation_Test_For_Suite_Test_" class="panel">
          <div class="main-panel-header rounded-window-top">
            <span class="header-content">Tests for PrestaShop Application Automation Test For Suite Test </span>
          </div> <!-- main-panel-header rounded-window-top -->
          <div class="main-panel-content rounded-window-bottom">
            <ul>
              <li>
                <span class="test-name">PrestaShop Application Test (5 classes)</span>
              </li>
            </ul>
          </div> <!-- main-panel-content rounded-window-bottom -->
        </div> <!-- panel -->
        <div panel-name="group-PrestaShop_Application_Automation_Test_For_Suite_Test_" class="panel">
          <div class="main-panel-header rounded-window-top">
            <span class="header-content">Groups for PrestaShop Application Automation Test For Suite Test </span>
          </div> <!-- main-panel-header rounded-window-top -->
          <div class="main-panel-content rounded-window-bottom">
          </div> <!-- main-panel-content rounded-window-bottom -->
        </div> <!-- panel -->
        <div panel-name="times-PrestaShop_Application_Automation_Test_For_Suite_Test_" class="panel">
          <div class="main-panel-header rounded-window-top">
            <span class="header-content">Times for PrestaShop Application Automation Test For Suite Test </span>
          </div> <!-- main-panel-header rounded-window-top -->
          <div class="main-panel-content rounded-window-bottom">
            <div class="times-div">
              <script type="text/javascript">
suiteTableInitFunctions.push('tableData_PrestaShop_Application_Automation_Test_For_Suite_Test_');
function tableData_PrestaShop_Application_Automation_Test_For_Suite_Test_() {
var data = new google.visualization.DataTable();
data.addColumn('number', 'Number');
data.addColumn('string', 'Method');
data.addColumn('string', 'Class');
data.addColumn('number', 'Time (ms)');
data.addRows(43);
data.setCell(0, 0, 0)
data.setCell(0, 1, 'ValidatProductsTest')
data.setCell(0, 2, 'com.psc.testcases.T_2_HomePageTest')
data.setCell(0, 3, 81606);
data.setCell(1, 0, 1)
data.setCell(1, 1, 'ValidatCustomerTest')
data.setCell(1, 2, 'com.psc.testcases.T_3_CustomerPageTest')
data.setCell(1, 3, 74108);
data.setCell(2, 0, 2)
data.setCell(2, 1, 'PSC_LogoImageTest')
data.setCell(2, 2, 'com.psc.testcases.T_1_LoginPageTest')
data.setCell(2, 3, 50194);
data.setCell(3, 0, 3)
data.setCell(3, 1, 'ValidatDeliverySlipsTest')
data.setCell(3, 2, 'com.psc.testcases.T_4_OrdersPageTest')
data.setCell(3, 3, 50083);
data.setCell(4, 0, 4)
data.setCell(4, 1, 'ValidatModules_ThemesCatalogTest')
data.setCell(4, 2, 'com.psc.testcases.T_5_PaymentShippingTest')
data.setCell(4, 3, 35366);
data.setCell(5, 0, 5)
data.setCell(5, 1, 'ValidatPositionsTest')
data.setCell(5, 2, 'com.psc.testcases.T_5_PaymentShippingTest')
data.setCell(5, 3, 26174);
data.setCell(6, 0, 6)
data.setCell(6, 1, 'ValidatProductsTest')
data.setCell(6, 2, 'com.psc.testcases.T_2_HomePageTest')
data.setCell(6, 3, 13255);
data.setCell(7, 0, 7)
data.setCell(7, 1, 'ValidatProductsTest')
data.setCell(7, 2, 'com.psc.testcases.T_2_HomePageTest')
data.setCell(7, 3, 12696);
data.setCell(8, 0, 8)
data.setCell(8, 1, 'ValidatOrdersTest')
data.setCell(8, 2, 'com.psc.testcases.T_4_OrdersPageTest')
data.setCell(8, 3, 12396);
data.setCell(9, 0, 9)
data.setCell(9, 1, 'ValidatStatusesTest')
data.setCell(9, 2, 'com.psc.testcases.T_4_OrdersPageTest')
data.setCell(9, 3, 11950);
data.setCell(10, 0, 10)
data.setCell(10, 1, 'ValidatModulesServicesTest')
data.setCell(10, 2, 'com.psc.testcases.T_5_PaymentShippingTest')
data.setCell(10, 3, 11458);
data.setCell(11, 0, 11)
data.setCell(11, 1, 'ValidatProductsTest')
data.setCell(11, 2, 'com.psc.testcases.T_2_HomePageTest')
data.setCell(11, 3, 11327);
data.setCell(12, 0, 12)
data.setCell(12, 1, 'ValidatGroupsTest')
data.setCell(12, 2, 'com.psc.testcases.T_3_CustomerPageTest')
data.setCell(12, 3, 11160);
data.setCell(13, 0, 13)
data.setCell(13, 1, 'ValidatProductCategoriesTest')
data.setCell(13, 2, 'com.psc.testcases.T_2_HomePageTest')
data.setCell(13, 3, 11050);
data.setCell(14, 0, 14)
data.setCell(14, 1, 'validatDashBoardTest')
data.setCell(14, 2, 'com.psc.testcases.T_2_HomePageTest')
data.setCell(14, 3, 10568);
data.setCell(15, 0, 15)
data.setCell(15, 1, 'ValidatPreferences')
data.setCell(15, 2, 'com.psc.testcases.T_5_PaymentShippingTest')
data.setCell(15, 3, 10403);
data.setCell(16, 0, 16)
data.setCell(16, 1, 'ValidatCustomerTest')
data.setCell(16, 2, 'com.psc.testcases.T_3_CustomerPageTest')
data.setCell(16, 3, 10254);
data.setCell(17, 0, 17)
data.setCell(17, 1, 'ValidatContactsTest')
data.setCell(17, 2, 'com.psc.testcases.T_3_CustomerPageTest')
data.setCell(17, 3, 10090);
data.setCell(18, 0, 18)
data.setCell(18, 1, 'ValidatCreditSlipsTest')
data.setCell(18, 2, 'com.psc.testcases.T_4_OrdersPageTest')
data.setCell(18, 3, 9743);
data.setCell(19, 0, 19)
data.setCell(19, 1, 'ValidatCustomerServicesTest')
data.setCell(19, 2, 'com.psc.testcases.T_3_CustomerPageTest')
data.setCell(19, 3, 9632);
data.setCell(20, 0, 20)
data.setCell(20, 1, 'ValidatProductAttributesTest')
data.setCell(20, 2, 'com.psc.testcases.T_2_HomePageTest')
data.setCell(20, 3, 9009);
data.setCell(21, 0, 21)
data.setCell(21, 1, 'validatTittlesTest')
data.setCell(21, 2, 'com.psc.testcases.T_3_CustomerPageTest')
data.setCell(21, 3, 8912);
data.setCell(22, 0, 22)
data.setCell(22, 1, 'ValidatCustomerTest')
data.setCell(22, 2, 'com.psc.testcases.T_3_CustomerPageTest')
data.setCell(22, 3, 8789);
data.setCell(23, 0, 23)
data.setCell(23, 1, 'ValidatShippingCartsTest')
data.setCell(23, 2, 'com.psc.testcases.T_3_CustomerPageTest')
data.setCell(23, 3, 8740);
data.setCell(24, 0, 24)
data.setCell(24, 1, 'ValidatMonitoringTest')
data.setCell(24, 2, 'com.psc.testcases.T_2_HomePageTest')
data.setCell(24, 3, 8278);
data.setCell(25, 0, 25)
data.setCell(25, 1, 'ValidatMerchandiseReturnsTest')
data.setCell(25, 2, 'com.psc.testcases.T_4_OrdersPageTest')
data.setCell(25, 3, 7735);
data.setCell(26, 0, 26)
data.setCell(26, 1, 'ValidatPaymentTest')
data.setCell(26, 2, 'com.psc.testcases.T_5_PaymentShippingTest')
data.setCell(26, 3, 7575);
data.setCell(27, 0, 27)
data.setCell(27, 1, 'ValidatOrderMessagesTest')
data.setCell(27, 2, 'com.psc.testcases.T_4_OrdersPageTest')
data.setCell(27, 3, 7497);
data.setCell(28, 0, 28)
data.setCell(28, 1, 'ValidatProductFeaturesTest')
data.setCell(28, 2, 'com.psc.testcases.T_2_HomePageTest')
data.setCell(28, 3, 7247);
data.setCell(29, 0, 29)
data.setCell(29, 1, 'ValidatInvoicesTest')
data.setCell(29, 2, 'com.psc.testcases.T_4_OrdersPageTest')
data.setCell(29, 3, 7144);
data.setCell(30, 0, 30)
data.setCell(30, 1, 'ValidatAdminCarriersTest')
data.setCell(30, 2, 'com.psc.testcases.T_5_PaymentShippingTest')
data.setCell(30, 3, 6101);
data.setCell(31, 0, 31)
data.setCell(31, 1, 'ValidatAddressesTest')
data.setCell(31, 2, 'com.psc.testcases.T_3_CustomerPageTest')
data.setCell(31, 3, 5634);
data.setCell(32, 0, 32)
data.setCell(32, 1, 'ValidatManufacturersTest')
data.setCell(32, 2, 'com.psc.testcases.T_2_HomePageTest')
data.setCell(32, 3, 5267);
data.setCell(33, 0, 33)
data.setCell(33, 1, 'ValidatMyshop')
data.setCell(33, 2, 'com.psc.testcases.T_5_PaymentShippingTest')
data.setCell(33, 3, 4897);
data.setCell(34, 0, 34)
data.setCell(34, 1, 'LoginTest')
data.setCell(34, 2, 'com.psc.testcases.T_1_LoginPageTest')
data.setCell(34, 3, 965);
data.setCell(35, 0, 35)
data.setCell(35, 1, 'HomePage')
data.setCell(35, 2, 'com.psc.testcases.T_1_LoginPageTest')
data.setCell(35, 3, 192);
data.setCell(36, 0, 36)
data.setCell(36, 1, 'CalenderPage')
data.setCell(36, 2, 'com.psc.testcases.T_5_PaymentShippingTest')
data.setCell(36, 3, 66);
data.setCell(37, 0, 37)
data.setCell(37, 1, 'ValidatHomePageTitleTest')
data.setCell(37, 2, 'com.psc.testcases.T_2_HomePageTest')
data.setCell(37, 3, 51);
data.setCell(38, 0, 38)
data.setCell(38, 1, 'loginPageTitleTest')
data.setCell(38, 2, 'com.psc.testcases.T_1_LoginPageTest')
data.setCell(38, 3, 35);
data.setCell(39, 0, 39)
data.setCell(39, 1, 'VerifyHomePageCustomer')
data.setCell(39, 2, 'com.psc.testcases.T_3_CustomerPageTest')
data.setCell(39, 3, 22);
data.setCell(40, 0, 40)
data.setCell(40, 1, 'Payment_Shipping_Page')
data.setCell(40, 2, 'com.psc.testcases.T_4_OrdersPageTest')
data.setCell(40, 3, 2);
data.setCell(41, 0, 41)
data.setCell(41, 1, 'OrdersPage')
data.setCell(41, 2, 'com.psc.testcases.T_3_CustomerPageTest')
data.setCell(41, 3, 1);
data.setCell(42, 0, 42)
data.setCell(42, 1, 'CustomerPage')
data.setCell(42, 2, 'com.psc.testcases.T_2_HomePageTest')
data.setCell(42, 3, 1);
window.suiteTableData['PrestaShop_Application_Automation_Test_For_Suite_Test_']= { tableData: data, tableDiv: 'times-div-PrestaShop_Application_Automation_Test_For_Suite_Test_'}
return data;
}
              </script>
              <span class="suite-total-time">Total running time: 9 minutes</span>
              <div id="times-div-PrestaShop_Application_Automation_Test_For_Suite_Test_">
              </div> <!-- times-div-PrestaShop_Application_Automation_Test_For_Suite_Test_ -->
            </div> <!-- times-div -->
          </div> <!-- main-panel-content rounded-window-bottom -->
        </div> <!-- panel -->
        <div panel-name="reporter-PrestaShop_Application_Automation_Test_For_Suite_Test_" class="panel">
          <div class="main-panel-header rounded-window-top">
            <span class="header-content">Reporter output for PrestaShop Application Automation Test For Suite Test </span>
          </div> <!-- main-panel-header rounded-window-top -->
          <div class="main-panel-content rounded-window-bottom">
          </div> <!-- main-panel-content rounded-window-bottom -->
        </div> <!-- panel -->
        <div panel-name="ignored-methods-PrestaShop_Application_Automation_Test_For_Suite_Test_" class="panel">
          <div class="main-panel-header rounded-window-top">
            <span class="header-content">0 ignored methods</span>
          </div> <!-- main-panel-header rounded-window-top -->
          <div class="main-panel-content rounded-window-bottom">
          </div> <!-- main-panel-content rounded-window-bottom -->
        </div> <!-- panel -->
        <div panel-name="chronological-PrestaShop_Application_Automation_Test_For_Suite_Test_" class="panel">
          <div class="main-panel-header rounded-window-top">
            <span class="header-content">Methods in chronological order</span>
          </div> <!-- main-panel-header rounded-window-top -->
          <div class="main-panel-content rounded-window-bottom">
            <div class="chronological-class">
              <div class="chronological-class-name">com.psc.testcases.T_1_LoginPageTest</div> <!-- chronological-class-name -->
              <div class="configuration-method before">
                <span class="method-name">setUp</span>
                <span class="method-start">0 ms</span>
              </div> <!-- configuration-method before -->
              <div class="test-method">
                <span class="method-name">loginPageTitleTest</span>
                <span class="method-start">22436 ms</span>
              </div> <!-- test-method -->
              <div class="configuration-method after">
                <span class="method-name">ExitPath</span>
                <span class="method-start">22475 ms</span>
              </div> <!-- configuration-method after -->
              <div class="configuration-method before">
                <span class="method-name">setUp</span>
                <span class="method-start">24224 ms</span>
              </div> <!-- configuration-method before -->
              <div class="test-method">
                <img src="failed.png">
                </img>
                <span class="method-name">PSC_LogoImageTest</span>
                <span class="method-start">39718 ms</span>
              </div> <!-- test-method -->
              <div class="configuration-method after">
                <span class="method-name">ExitPath</span>
                <span class="method-start">90750 ms</span>
              </div> <!-- configuration-method after -->
              <div class="configuration-method before">
                <span class="method-name">setUp</span>
                <span class="method-start">92313 ms</span>
              </div> <!-- configuration-method before -->
              <div class="test-method">
                <span class="method-name">LoginTest(admin@javaclassesinpune.com, password)</span>
                <span class="method-start">118303 ms</span>
              </div> <!-- test-method -->
              <div class="configuration-method after">
                <span class="method-name">ExitPath</span>
                <span class="method-start">119270 ms</span>
              </div> <!-- configuration-method after -->
              <div class="configuration-method before">
                <span class="method-name">setUp</span>
                <span class="method-start">120656 ms</span>
              </div> <!-- configuration-method before -->
              <div class="test-method">
                <span class="method-name">HomePage</span>
                <span class="method-start">135942 ms</span>
              </div> <!-- test-method -->
              <div class="configuration-method after">
                <span class="method-name">ExitPath</span>
                <span class="method-start">136134 ms</span>
              </div> <!-- configuration-method after -->
            </div> <!-- chronological-class -->
            <div class="chronological-class">
              <div class="chronological-class-name">com.psc.testcases.T_2_HomePageTest</div> <!-- chronological-class-name -->
              <div class="configuration-method before">
                <span class="method-name">setUp</span>
                <span class="method-start">137321 ms</span>
              </div> <!-- configuration-method before -->
              <div class="test-method">
                <span class="method-name">validatDashBoardTest</span>
                <span class="method-start">150357 ms</span>
              </div> <!-- test-method -->
              <div class="configuration-method after">
                <span class="method-name">ExitPath</span>
                <span class="method-start">160927 ms</span>
              </div> <!-- configuration-method after -->
              <div class="configuration-method before">
                <span class="method-name">setUp</span>
                <span class="method-start">162489 ms</span>
              </div> <!-- configuration-method before -->
              <div class="test-method">
                <span class="method-name">ValidatHomePageTitleTest</span>
                <span class="method-start">177211 ms</span>
              </div> <!-- test-method -->
              <div class="configuration-method after">
                <span class="method-name">ExitPath</span>
                <span class="method-start">177263 ms</span>
              </div> <!-- configuration-method after -->
              <div class="configuration-method before">
                <span class="method-name">setUp</span>
                <span class="method-start">181024 ms</span>
              </div> <!-- configuration-method before -->
              <div class="test-method">
                <span class="method-name">ValidatProductsTest(Catalog only, kiran, 12345.0, 123456.0, 123467.0)</span>
                <span class="method-start">199048 ms</span>
              </div> <!-- test-method -->
              <div class="configuration-method after">
                <span class="method-name">ExitPath</span>
                <span class="method-start">212304 ms</span>
              </div> <!-- configuration-method after -->
              <div class="configuration-method before">
                <span class="method-name">setUp</span>
                <span class="method-start">213699 ms</span>
              </div> <!-- configuration-method before -->
              <div class="test-method">
                <span class="method-name">ValidatProductsTest(Search only, shubhm, 54321.0, 654321.0, 654321.0)</span>
                <span class="method-start">227711 ms</span>
              </div> <!-- test-method -->
              <div class="configuration-method after">
                <span class="method-name">ExitPath</span>
                <span class="method-start">239040 ms</span>
              </div> <!-- configuration-method after -->
              <div class="configuration-method before">
                <span class="method-name">setUp</span>
                <span class="method-start">240477 ms</span>
              </div> <!-- configuration-method before -->
              <div class="test-method">
                <span class="method-name">ValidatProductsTest(Nowhere, ashish, 44325.0, 345621.0, 654231.0)</span>
                <span class="method-start">253063 ms</span>
              </div> <!-- test-method -->
              <div class="configuration-method after">
                <span class="method-name">ExitPath</span>
                <span class="method-start">265760 ms</span>
              </div> <!-- configuration-method after -->
              <div class="configuration-method before">
                <span class="method-name">setUp</span>
                <span class="method-start">267263 ms</span>
              </div> <!-- configuration-method before -->
              <div class="test-method">
                <img src="failed.png">
                </img>
                <span class="method-name">ValidatProductsTest(Everywhere, Nidhi, 56326.0, 556666.0, 188855.0)</span>
                <span class="method-start">281454 ms</span>
              </div> <!-- test-method -->
              <div class="configuration-method after">
                <span class="method-name">ExitPath</span>
                <span class="method-start">363996 ms</span>
              </div> <!-- configuration-method after -->
              <div class="configuration-method before">
                <span class="method-name">setUp</span>
                <span class="method-start">365985 ms</span>
              </div> <!-- configuration-method before -->
              <div class="test-method">
                <span class="method-name">ValidatProductCategoriesTest</span>
                <span class="method-start">385753 ms</span>
              </div> <!-- test-method -->
              <div class="configuration-method after">
                <span class="method-name">ExitPath</span>
                <span class="method-start">396804 ms</span>
              </div> <!-- configuration-method after -->
              <div class="configuration-method before">
                <span class="method-name">setUp</span>
                <span class="method-start">398603 ms</span>
              </div> <!-- configuration-method before -->
              <div class="test-method">
                <span class="method-name">ValidatMonitoringTest</span>
                <span class="method-start">413030 ms</span>
              </div> <!-- test-method -->
              <div class="configuration-method after">
                <span class="method-name">ExitPath</span>
                <span class="method-start">421309 ms</span>
              </div> <!-- configuration-method after -->
              <div class="configuration-method before">
                <span class="method-name">setUp</span>
                <span class="method-start">423029 ms</span>
              </div> <!-- configuration-method before -->
              <div class="test-method">
                <span class="method-name">ValidatProductAttributesTest</span>
                <span class="method-start">439824 ms</span>
              </div> <!-- test-method -->
              <div class="configuration-method after">
                <span class="method-name">ExitPath</span>
                <span class="method-start">448835 ms</span>
              </div> <!-- configuration-method after -->
              <div class="configuration-method before">
                <span class="method-name">setUp</span>
                <span class="method-start">451616 ms</span>
              </div> <!-- configuration-method before -->
              <div class="test-method">
                <span class="method-name">ValidatProductFeaturesTest</span>
                <span class="method-start">476012 ms</span>
              </div> <!-- test-method -->
              <div class="configuration-method after">
                <span class="method-name">ExitPath</span>
                <span class="method-start">483260 ms</span>
              </div> <!-- configuration-method after -->
              <div class="configuration-method before">
                <span class="method-name">setUp</span>
                <span class="method-start">484985 ms</span>
              </div> <!-- configuration-method before -->
              <div class="test-method">
                <span class="method-name">ValidatManufacturersTest</span>
                <span class="method-start">508547 ms</span>
              </div> <!-- test-method -->
              <div class="configuration-method after">
                <span class="method-name">ExitPath</span>
                <span class="method-start">513815 ms</span>
              </div> <!-- configuration-method after -->
              <div class="configuration-method before">
                <span class="method-name">setUp</span>
                <span class="method-start">515377 ms</span>
              </div> <!-- configuration-method before -->
              <div class="test-method">
                <span class="method-name">CustomerPage</span>
                <span class="method-start">528414 ms</span>
              </div> <!-- test-method -->
              <div class="configuration-method after">
                <span class="method-name">ExitPath</span>
                <span class="method-start">528416 ms</span>
              </div> <!-- configuration-method after -->
            </div> <!-- chronological-class -->
            <div class="chronological-class">
              <div class="chronological-class-name">com.psc.testcases.T_3_CustomerPageTest</div> <!-- chronological-class-name -->
              <div class="configuration-method before">
                <span class="method-name">setUp</span>
                <span class="method-start">529458 ms</span>
              </div> <!-- configuration-method before -->
              <div class="test-method">
                <span class="method-name">VerifyHomePageCustomer</span>
                <span class="method-start">541703 ms</span>
              </div> <!-- test-method -->
              <div class="configuration-method after">
                <span class="method-name">ExitPath</span>
                <span class="method-start">541726 ms</span>
              </div> <!-- configuration-method after -->
              <div class="configuration-method before">
                <span class="method-name">setUp</span>
                <span class="method-start">543792 ms</span>
              </div> <!-- configuration-method before -->
              <div class="test-method">
                <span class="method-name">ValidatCustomerTest(Ashish, Unhale, Visitor)</span>
                <span class="method-start">567459 ms</span>
              </div> <!-- test-method -->
              <div class="configuration-method after">
                <span class="method-name">ExitPath</span>
                <span class="method-start">576249 ms</span>
              </div> <!-- configuration-method after -->
              <div class="configuration-method before">
                <span class="method-name">setUp</span>
                <span class="method-start">577780 ms</span>
              </div> <!-- configuration-method before -->
              <div class="test-method">
                <img src="failed.png">
                </img>
                <span class="method-name">ValidatCustomerTest(Shubham, Giri, Guest)</span>
                <span class="method-start">593457 ms</span>
              </div> <!-- test-method -->
              <div class="configuration-method after">
                <span class="method-name">ExitPath</span>
                <span class="method-start">668475 ms</span>
              </div> <!-- configuration-method after -->
              <div class="configuration-method before">
                <span class="method-name">setUp</span>
                <span class="method-start">670364 ms</span>
              </div> <!-- configuration-method before -->
              <div class="test-method">
                <span class="method-name">ValidatCustomerTest(Pradip, Dighole, Customer)</span>
                <span class="method-start">686028 ms</span>
              </div> <!-- test-method -->
              <div class="configuration-method after">
                <span class="method-name">ExitPath</span>
                <span class="method-start">696283 ms</span>
              </div> <!-- configuration-method after -->
              <div class="configuration-method before">
                <span class="method-name">setUp</span>
                <span class="method-start">698453 ms</span>
              </div> <!-- configuration-method before -->
              <div class="test-method">
                <span class="method-name">ValidatAddressesTest</span>
                <span class="method-start">712903 ms</span>
              </div> <!-- test-method -->
              <div class="configuration-method after">
                <span class="method-name">ExitPath</span>
                <span class="method-start">718538 ms</span>
              </div> <!-- configuration-method after -->
              <div class="configuration-method before">
                <span class="method-name">setUp</span>
                <span class="method-start">719935 ms</span>
              </div> <!-- configuration-method before -->
              <div class="test-method">
                <span class="method-name">ValidatGroupsTest</span>
                <span class="method-start">732961 ms</span>
              </div> <!-- test-method -->
              <div class="configuration-method after">
                <span class="method-name">ExitPath</span>
                <span class="method-start">744121 ms</span>
              </div> <!-- configuration-method after -->
              <div class="configuration-method before">
                <span class="method-name">setUp</span>
                <span class="method-start">745722 ms</span>
              </div> <!-- configuration-method before -->
              <div class="test-method">
                <span class="method-name">ValidatShippingCartsTest</span>
                <span class="method-start">761831 ms</span>
              </div> <!-- test-method -->
              <div class="configuration-method after">
                <span class="method-name">ExitPath</span>
                <span class="method-start">770572 ms</span>
              </div> <!-- configuration-method after -->
              <div class="configuration-method before">
                <span class="method-name">setUp</span>
                <span class="method-start">771795 ms</span>
              </div> <!-- configuration-method before -->
              <div class="test-method">
                <span class="method-name">ValidatCustomerServicesTest</span>
                <span class="method-start">784843 ms</span>
              </div> <!-- test-method -->
              <div class="configuration-method after">
                <span class="method-name">ExitPath</span>
                <span class="method-start">794477 ms</span>
              </div> <!-- configuration-method after -->
              <div class="configuration-method before">
                <span class="method-name">setUp</span>
                <span class="method-start">796298 ms</span>
              </div> <!-- configuration-method before -->
              <div class="test-method">
                <span class="method-name">ValidatContactsTest</span>
                <span class="method-start">810748 ms</span>
              </div> <!-- test-method -->
              <div class="configuration-method after">
                <span class="method-name">ExitPath</span>
                <span class="method-start">820840 ms</span>
              </div> <!-- configuration-method after -->
              <div class="configuration-method before">
                <span class="method-name">setUp</span>
                <span class="method-start">822631 ms</span>
              </div> <!-- configuration-method before -->
              <div class="test-method">
                <span class="method-name">validatTittlesTest</span>
                <span class="method-start">837467 ms</span>
              </div> <!-- test-method -->
              <div class="configuration-method after">
                <span class="method-name">ExitPath</span>
                <span class="method-start">846380 ms</span>
              </div> <!-- configuration-method after -->
              <div class="configuration-method before">
                <span class="method-name">setUp</span>
                <span class="method-start">848729 ms</span>
              </div> <!-- configuration-method before -->
              <div class="test-method">
                <span class="method-name">OrdersPage</span>
                <span class="method-start">863376 ms</span>
              </div> <!-- test-method -->
              <div class="configuration-method after">
                <span class="method-name">ExitPath</span>
                <span class="method-start">863378 ms</span>
              </div> <!-- configuration-method after -->
            </div> <!-- chronological-class -->
            <div class="chronological-class">
              <div class="chronological-class-name">com.psc.testcases.T_4_OrdersPageTest</div> <!-- chronological-class-name -->
              <div class="configuration-method before">
                <span class="method-name">setUp</span>
                <span class="method-start">864389 ms</span>
              </div> <!-- configuration-method before -->
              <div class="test-method">
                <span class="method-name">ValidatOrdersTest</span>
                <span class="method-start">878872 ms</span>
              </div> <!-- test-method -->
              <div class="configuration-method after">
                <span class="method-name">ExitPath</span>
                <span class="method-start">891269 ms</span>
              </div> <!-- configuration-method after -->
              <div class="configuration-method before">
                <span class="method-name">setUp</span>
                <span class="method-start">892834 ms</span>
              </div> <!-- configuration-method before -->
              <div class="test-method">
                <span class="method-name">ValidatInvoicesTest</span>
                <span class="method-start">907165 ms</span>
              </div> <!-- test-method -->
              <div class="configuration-method after">
                <span class="method-name">ExitPath</span>
                <span class="method-start">914310 ms</span>
              </div> <!-- configuration-method after -->
              <div class="configuration-method before">
                <span class="method-name">setUp</span>
                <span class="method-start">915795 ms</span>
              </div> <!-- configuration-method before -->
              <div class="test-method">
                <span class="method-name">ValidatMerchandiseReturnsTest</span>
                <span class="method-start">930342 ms</span>
              </div> <!-- test-method -->
              <div class="configuration-method after">
                <span class="method-name">ExitPath</span>
                <span class="method-start">938078 ms</span>
              </div> <!-- configuration-method after -->
              <div class="configuration-method before">
                <span class="method-name">setUp</span>
                <span class="method-start">939531 ms</span>
              </div> <!-- configuration-method before -->
              <div class="test-method">
                <img src="failed.png">
                </img>
                <span class="method-name">ValidatDeliverySlipsTest</span>
                <span class="method-start">970270 ms</span>
              </div> <!-- test-method -->
              <div class="configuration-method after">
                <span class="method-name">ExitPath</span>
                <span class="method-start">1020732 ms</span>
              </div> <!-- configuration-method after -->
              <div class="configuration-method before">
                <span class="method-name">setUp</span>
                <span class="method-start">1022466 ms</span>
              </div> <!-- configuration-method before -->
              <div class="test-method">
                <span class="method-name">ValidatCreditSlipsTest</span>
                <span class="method-start">1039103 ms</span>
              </div> <!-- test-method -->
              <div class="configuration-method after">
                <span class="method-name">ExitPath</span>
                <span class="method-start">1048847 ms</span>
              </div> <!-- configuration-method after -->
              <div class="configuration-method before">
                <span class="method-name">setUp</span>
                <span class="method-start">1050260 ms</span>
              </div> <!-- configuration-method before -->
              <div class="test-method">
                <span class="method-name">ValidatStatusesTest</span>
                <span class="method-start">1067702 ms</span>
              </div> <!-- test-method -->
              <div class="configuration-method after">
                <span class="method-name">ExitPath</span>
                <span class="method-start">1079653 ms</span>
              </div> <!-- configuration-method after -->
              <div class="configuration-method before">
                <span class="method-name">setUp</span>
                <span class="method-start">1081159 ms</span>
              </div> <!-- configuration-method before -->
              <div class="test-method">
                <span class="method-name">ValidatOrderMessagesTest</span>
                <span class="method-start">1096378 ms</span>
              </div> <!-- test-method -->
              <div class="configuration-method after">
                <span class="method-name">ExitPath</span>
                <span class="method-start">1103876 ms</span>
              </div> <!-- configuration-method after -->
              <div class="configuration-method before">
                <span class="method-name">setUp</span>
                <span class="method-start">1105153 ms</span>
              </div> <!-- configuration-method before -->
              <div class="test-method">
                <span class="method-name">Payment_Shipping_Page</span>
                <span class="method-start">1119953 ms</span>
              </div> <!-- test-method -->
              <div class="configuration-method after">
                <span class="method-name">ExitPath</span>
                <span class="method-start">1119955 ms</span>
              </div> <!-- configuration-method after -->
            </div> <!-- chronological-class -->
            <div class="chronological-class">
              <div class="chronological-class-name">com.psc.testcases.T_5_PaymentShippingTest</div> <!-- chronological-class-name -->
              <div class="configuration-method before">
                <span class="method-name">setUp</span>
                <span class="method-start">1120966 ms</span>
              </div> <!-- configuration-method before -->
              <div class="test-method">
                <span class="method-name">ValidatModulesServicesTest</span>
                <span class="method-start">1134131 ms</span>
              </div> <!-- test-method -->
              <div class="configuration-method after">
                <span class="method-name">ExitPath</span>
                <span class="method-start">1145590 ms</span>
              </div> <!-- configuration-method after -->
              <div class="configuration-method before">
                <span class="method-name">setUp</span>
                <span class="method-start">1146770 ms</span>
              </div> <!-- configuration-method before -->
              <div class="test-method">
                <span class="method-name">ValidatModules_ThemesCatalogTest</span>
                <span class="method-start">1160548 ms</span>
              </div> <!-- test-method -->
              <div class="configuration-method after">
                <span class="method-name">ExitPath</span>
                <span class="method-start">1195915 ms</span>
              </div> <!-- configuration-method after -->
              <div class="configuration-method before">
                <span class="method-name">setUp</span>
                <span class="method-start">1197730 ms</span>
              </div> <!-- configuration-method before -->
              <div class="test-method">
                <span class="method-name">ValidatPositionsTest</span>
                <span class="method-start">1224043 ms</span>
              </div> <!-- test-method -->
              <div class="configuration-method after">
                <span class="method-name">ExitPath</span>
                <span class="method-start">1250218 ms</span>
              </div> <!-- configuration-method after -->
              <div class="configuration-method before">
                <span class="method-name">setUp</span>
                <span class="method-start">1251680 ms</span>
              </div> <!-- configuration-method before -->
              <div class="test-method">
                <span class="method-name">ValidatPaymentTest</span>
                <span class="method-start">1266856 ms</span>
              </div> <!-- test-method -->
              <div class="configuration-method after">
                <span class="method-name">ExitPath</span>
                <span class="method-start">1274432 ms</span>
              </div> <!-- configuration-method after -->
              <div class="configuration-method before">
                <span class="method-name">setUp</span>
                <span class="method-start">1275448 ms</span>
              </div> <!-- configuration-method before -->
              <div class="test-method">
                <span class="method-name">ValidatAdminCarriersTest</span>
                <span class="method-start">1288840 ms</span>
              </div> <!-- test-method -->
              <div class="configuration-method after">
                <span class="method-name">ExitPath</span>
                <span class="method-start">1294942 ms</span>
              </div> <!-- configuration-method after -->
              <div class="configuration-method before">
                <span class="method-name">setUp</span>
                <span class="method-start">1296013 ms</span>
              </div> <!-- configuration-method before -->
              <div class="test-method">
                <span class="method-name">ValidatPreferences</span>
                <span class="method-start">1307951 ms</span>
              </div> <!-- test-method -->
              <div class="configuration-method after">
                <span class="method-name">ExitPath</span>
                <span class="method-start">1318355 ms</span>
              </div> <!-- configuration-method after -->
              <div class="configuration-method before">
                <span class="method-name">setUp</span>
                <span class="method-start">1319380 ms</span>
              </div> <!-- configuration-method before -->
              <div class="test-method">
                <span class="method-name">ValidatMyshop</span>
                <span class="method-start">1333845 ms</span>
              </div> <!-- test-method -->
              <div class="configuration-method after">
                <span class="method-name">ExitPath</span>
                <span class="method-start">1338743 ms</span>
              </div> <!-- configuration-method after -->
              <div class="configuration-method before">
                <span class="method-name">setUp</span>
                <span class="method-start">1339832 ms</span>
              </div> <!-- configuration-method before -->
              <div class="test-method">
                <span class="method-name">CalenderPage</span>
                <span class="method-start">1351580 ms</span>
              </div> <!-- test-method -->
              <div class="configuration-method after">
                <span class="method-name">ExitPath</span>
                <span class="method-start">1351647 ms</span>
              </div> <!-- configuration-method after -->
          </div> <!-- main-panel-content rounded-window-bottom -->
        </div> <!-- panel -->
      </div> <!-- main-panel-root -->
    </div> <!-- wrapper -->
  </body>
</html>
