<?xml version="1.0" encoding="UTF-8"?>
<testng-results skipped="0" failed="4" ignored="0" total="43" passed="39">
  <reporter-output>
  </reporter-output>
  <suite name="PrestaShop Application Automation Test For Suite Test " duration-ms="1353265" started-at="2019-12-18T17:04:21 IST" finished-at="2019-12-18T17:26:54 IST">
    <groups>
    </groups>
    <test name="PrestaShop Application Test" duration-ms="1353265" started-at="2019-12-18T17:04:21 IST" finished-at="2019-12-18T17:26:54 IST">
      <class name="com.psc.testcases.T_4_OrdersPageTest">
        <test-method status="PASS" signature="setUp()[pri:0, instance:com.psc.testcases.T_4_OrdersPageTest@4ae82894]" name="setUp" is-config="true" duration-ms="14482" started-at="2019-12-18T17:18:46 IST" finished-at="2019-12-18T17:19:00 IST">
          <reporter-output>
          </reporter-output>
        </test-method> <!-- setUp -->
        <test-method status="PASS" signature="ValidatOrdersTest()[pri:0, instance:com.psc.testcases.T_4_OrdersPageTest@4ae82894]" name="ValidatOrdersTest" duration-ms="12396" started-at="2019-12-18T17:19:00 IST" finished-at="2019-12-18T17:19:12 IST">
          <reporter-output>
          </reporter-output>
        </test-method> <!-- ValidatOrdersTest -->
        <test-method status="PASS" signature="ExitPath()[pri:0, instance:com.psc.testcases.T_4_OrdersPageTest@4ae82894]" name="ExitPath" is-config="true" duration-ms="1564" started-at="2019-12-18T17:19:12 IST" finished-at="2019-12-18T17:19:14 IST">
          <reporter-output>
          </reporter-output>
        </test-method> <!-- ExitPath -->
        <test-method status="PASS" signature="setUp()[pri:0, instance:com.psc.testcases.T_4_OrdersPageTest@4ae82894]" name="setUp" is-config="true" duration-ms="14331" started-at="2019-12-18T17:19:14 IST" finished-at="2019-12-18T17:19:28 IST">
          <reporter-output>
          </reporter-output>
        </test-method> <!-- setUp -->
        <test-method status="PASS" signature="ValidatInvoicesTest()[pri:1, instance:com.psc.testcases.T_4_OrdersPageTest@4ae82894]" name="ValidatInvoicesTest" duration-ms="7144" started-at="2019-12-18T17:19:28 IST" finished-at="2019-12-18T17:19:35 IST">
          <reporter-output>
          </reporter-output>
        </test-method> <!-- ValidatInvoicesTest -->
        <test-method status="PASS" signature="ExitPath()[pri:0, instance:com.psc.testcases.T_4_OrdersPageTest@4ae82894]" name="ExitPath" is-config="true" duration-ms="1485" started-at="2019-12-18T17:19:35 IST" finished-at="2019-12-18T17:19:37 IST">
          <reporter-output>
          </reporter-output>
        </test-method> <!-- ExitPath -->
        <test-method status="PASS" signature="setUp()[pri:0, instance:com.psc.testcases.T_4_OrdersPageTest@4ae82894]" name="setUp" is-config="true" duration-ms="14547" started-at="2019-12-18T17:19:37 IST" finished-at="2019-12-18T17:19:51 IST">
          <reporter-output>
          </reporter-output>
        </test-method> <!-- setUp -->
        <test-method status="PASS" signature="ValidatMerchandiseReturnsTest()[pri:2, instance:com.psc.testcases.T_4_OrdersPageTest@4ae82894]" name="ValidatMerchandiseReturnsTest" duration-ms="7735" started-at="2019-12-18T17:19:51 IST" finished-at="2019-12-18T17:19:59 IST">
          <reporter-output>
          </reporter-output>
        </test-method> <!-- ValidatMerchandiseReturnsTest -->
        <test-method status="PASS" signature="ExitPath()[pri:0, instance:com.psc.testcases.T_4_OrdersPageTest@4ae82894]" name="ExitPath" is-config="true" duration-ms="1453" started-at="2019-12-18T17:19:59 IST" finished-at="2019-12-18T17:20:01 IST">
          <reporter-output>
          </reporter-output>
        </test-method> <!-- ExitPath -->
        <test-method status="PASS" signature="setUp()[pri:0, instance:com.psc.testcases.T_4_OrdersPageTest@4ae82894]" name="setUp" is-config="true" duration-ms="30739" started-at="2019-12-18T17:20:01 IST" finished-at="2019-12-18T17:20:31 IST">
          <reporter-output>
          </reporter-output>
        </test-method> <!-- setUp -->
        <test-method status="FAIL" signature="ValidatDeliverySlipsTest()[pri:3, instance:com.psc.testcases.T_4_OrdersPageTest@4ae82894]" name="ValidatDeliverySlipsTest" duration-ms="50083" started-at="2019-12-18T17:20:31 IST" finished-at="2019-12-18T17:21:22 IST">
          <exception class="org.openqa.selenium.NoSuchElementException">
            <message>
              <![CDATA[no such element: Unable to locate element: {"method":"xpath","selector":"//*[@id="maintab-AdminParentOrders"]/a/span"}
  (Session info: chrome=78.0.3904.108)
  (Driver info: chromedriver=78.0.3904.70 (edb9c9f3de0247fd912a77b7f6cae7447f6d3ad5-refs/branch-heads/3904@{#800}),platform=Windows NT 10.0.18362 x86_64) (WARNING: The server did not provide any stacktrace information)
Command duration or timeout: 50.08 seconds
For documentation on this error, please visit: http://seleniumhq.org/exceptions/no_such_element.html
Build info: version: '2.52.0', revision: '4c2593cfc3689a7fcd7be52549167e5ccc93ad28', time: '2016-02-11 11:22:43'
System info: host: 'DESKTOP-U9QO90T', ip: '192.168.1.224', os.name: 'Windows 10', os.arch: 'amd64', os.version: '10.0', java.version: '1.8.0_121'
Driver info: org.openqa.selenium.chrome.ChromeDriver
Capabilities [{mobileEmulationEnabled=false, timeouts={implicit=0, pageLoad=300000, script=30000}, hasTouchScreen=false, platform=XP, acceptSslCerts=false, goog:chromeOptions={debuggerAddress=localhost:65489}, acceptInsecureCerts=false, webStorageEnabled=true, browserName=chrome, takesScreenshot=true, javascriptEnabled=true, setWindowRect=true, unexpectedAlertBehaviour=ignore, applicationCacheEnabled=false, rotatable=false, networkConnectionEnabled=false, chrome={chromedriverVersion=78.0.3904.70 (edb9c9f3de0247fd912a77b7f6cae7447f6d3ad5-refs/branch-heads/3904@{#800}), userDataDir=C:\Users\SHUBHA~1\AppData\Local\Temp\scoped_dir7200_1900174422}, takesHeapSnapshot=true, pageLoadStrategy=normal, strictFileInteractability=false, databaseEnabled=false, handlesAlerts=true, version=78.0.3904.108, browserConnectionEnabled=false, proxy={}, nativeEvents=true, locationContextEnabled=true, cssSelectorsEnabled=true}]
Session ID: f28c0852f12a6336ad590ab2a41e796e
*** Element info: {Using=xpath, value=//*[@id="maintab-AdminParentOrders"]/a/span}]]>
            </message>
            <full-stacktrace>
              <![CDATA[org.openqa.selenium.NoSuchElementException: no such element: Unable to locate element: {"method":"xpath","selector":"//*[@id="maintab-AdminParentOrders"]/a/span"}
  (Session info: chrome=78.0.3904.108)
  (Driver info: chromedriver=78.0.3904.70 (edb9c9f3de0247fd912a77b7f6cae7447f6d3ad5-refs/branch-heads/3904@{#800}),platform=Windows NT 10.0.18362 x86_64) (WARNING: The server did not provide any stacktrace information)
Command duration or timeout: 50.08 seconds
For documentation on this error, please visit: http://seleniumhq.org/exceptions/no_such_element.html
Build info: version: '2.52.0', revision: '4c2593cfc3689a7fcd7be52549167e5ccc93ad28', time: '2016-02-11 11:22:43'
System info: host: 'DESKTOP-U9QO90T', ip: '192.168.1.224', os.name: 'Windows 10', os.arch: 'amd64', os.version: '10.0', java.version: '1.8.0_121'
Driver info: org.openqa.selenium.chrome.ChromeDriver
Capabilities [{mobileEmulationEnabled=false, timeouts={implicit=0, pageLoad=300000, script=30000}, hasTouchScreen=false, platform=XP, acceptSslCerts=false, goog:chromeOptions={debuggerAddress=localhost:65489}, acceptInsecureCerts=false, webStorageEnabled=true, browserName=chrome, takesScreenshot=true, javascriptEnabled=true, setWindowRect=true, unexpectedAlertBehaviour=ignore, applicationCacheEnabled=false, rotatable=false, networkConnectionEnabled=false, chrome={chromedriverVersion=78.0.3904.70 (edb9c9f3de0247fd912a77b7f6cae7447f6d3ad5-refs/branch-heads/3904@{#800}), userDataDir=C:\Users\SHUBHA~1\AppData\Local\Temp\scoped_dir7200_1900174422}, takesHeapSnapshot=true, pageLoadStrategy=normal, strictFileInteractability=false, databaseEnabled=false, handlesAlerts=true, version=78.0.3904.108, browserConnectionEnabled=false, proxy={}, nativeEvents=true, locationContextEnabled=true, cssSelectorsEnabled=true}]
Session ID: f28c0852f12a6336ad590ab2a41e796e
*** Element info: {Using=xpath, value=//*[@id="maintab-AdminParentOrders"]/a/span}
at sun.reflect.NativeConstructorAccessorImpl.newInstance0(Native Method)
at sun.reflect.NativeConstructorAccessorImpl.newInstance(NativeConstructorAccessorImpl.java:62)
at sun.reflect.DelegatingConstructorAccessorImpl.newInstance(DelegatingConstructorAccessorImpl.java:45)
at java.lang.reflect.Constructor.newInstance(Constructor.java:423)
at org.openqa.selenium.remote.ErrorHandler.createThrowable(ErrorHandler.java:206)
at org.openqa.selenium.remote.ErrorHandler.throwIfResponseFailed(ErrorHandler.java:158)
at org.openqa.selenium.remote.RemoteWebDriver.execute(RemoteWebDriver.java:678)
at org.openqa.selenium.remote.RemoteWebDriver.findElement(RemoteWebDriver.java:363)
at org.openqa.selenium.remote.RemoteWebDriver.findElementByXPath(RemoteWebDriver.java:500)
at org.openqa.selenium.By$ByXPath.findElement(By.java:361)
at org.openqa.selenium.remote.RemoteWebDriver.findElement(RemoteWebDriver.java:355)
at org.openqa.selenium.support.pagefactory.DefaultElementLocator.findElement(DefaultElementLocator.java:69)
at org.openqa.selenium.support.pagefactory.internal.LocatingElementHandler.invoke(LocatingElementHandler.java:38)
at com.sun.proxy.$Proxy7.getCoordinates(Unknown Source)
at org.openqa.selenium.interactions.internal.MouseAction.getActionLocation(MouseAction.java:51)
at org.openqa.selenium.interactions.MoveMouseAction.perform(MoveMouseAction.java:39)
at org.openqa.selenium.interactions.CompositeAction.perform(CompositeAction.java:50)
at com.psc.Pages.P_4_OrdersPage.VerifyDeliverySlips(P_4_OrdersPage.java:59)
at com.psc.testcases.T_4_OrdersPageTest.ValidatDeliverySlipsTest(T_4_OrdersPageTest.java:62)
at sun.reflect.NativeMethodAccessorImpl.invoke0(Native Method)
at sun.reflect.NativeMethodAccessorImpl.invoke(NativeMethodAccessorImpl.java:62)
at sun.reflect.DelegatingMethodAccessorImpl.invoke(DelegatingMethodAccessorImpl.java:43)
at java.lang.reflect.Method.invoke(Method.java:498)
at org.testng.internal.MethodInvocationHelper.invokeMethod(MethodInvocationHelper.java:133)
at org.testng.internal.TestInvoker.invokeMethod(TestInvoker.java:584)
at org.testng.internal.TestInvoker.invokeTestMethod(TestInvoker.java:172)
at org.testng.internal.MethodRunner.runInSequence(MethodRunner.java:46)
at org.testng.internal.TestInvoker$MethodInvocationAgent.invoke(TestInvoker.java:804)
at org.testng.internal.TestInvoker.invokeTestMethods(TestInvoker.java:145)
at org.testng.internal.TestMethodWorker.invokeTestMethods(TestMethodWorker.java:146)
at org.testng.internal.TestMethodWorker.run(TestMethodWorker.java:128)
at java.util.ArrayList.forEach(ArrayList.java:1249)
at org.testng.TestRunner.privateRun(TestRunner.java:770)
at org.testng.TestRunner.run(TestRunner.java:591)
at org.testng.SuiteRunner.runTest(SuiteRunner.java:402)
at org.testng.SuiteRunner.runSequentially(SuiteRunner.java:396)
at org.testng.SuiteRunner.privateRun(SuiteRunner.java:355)
at org.testng.SuiteRunner.run(SuiteRunner.java:304)
at org.testng.SuiteRunnerWorker.runSuite(SuiteRunnerWorker.java:53)
at org.testng.SuiteRunnerWorker.run(SuiteRunnerWorker.java:96)
at org.testng.TestNG.runSuitesSequentially(TestNG.java:1180)
at org.testng.TestNG.runSuitesLocally(TestNG.java:1102)
at org.testng.TestNG.runSuites(TestNG.java:1032)
at org.testng.TestNG.run(TestNG.java:1000)
at org.apache.maven.surefire.testng.TestNGExecutor.run(TestNGExecutor.java:282)
at org.apache.maven.surefire.testng.TestNGXmlTestSuite.execute(TestNGXmlTestSuite.java:83)
at org.apache.maven.surefire.testng.TestNGProvider.invoke(TestNGProvider.java:114)
at org.apache.maven.surefire.booter.ForkedBooter.invokeProviderInSameClassLoader(ForkedBooter.java:286)
at org.apache.maven.surefire.booter.ForkedBooter.runSuitesInProcess(ForkedBooter.java:240)
at org.apache.maven.surefire.booter.ForkedBooter.main(ForkedBooter.java:121)
]]>
            </full-stacktrace>
          </exception> <!-- org.openqa.selenium.NoSuchElementException -->
          <reporter-output>
          </reporter-output>
        </test-method> <!-- ValidatDeliverySlipsTest -->
        <test-method status="PASS" signature="ExitPath()[pri:0, instance:com.psc.testcases.T_4_OrdersPageTest@4ae82894]" name="ExitPath" is-config="true" duration-ms="1734" started-at="2019-12-18T17:21:22 IST" finished-at="2019-12-18T17:21:24 IST">
          <reporter-output>
          </reporter-output>
        </test-method> <!-- ExitPath -->
        <test-method status="PASS" signature="setUp()[pri:0, instance:com.psc.testcases.T_4_OrdersPageTest@4ae82894]" name="setUp" is-config="true" duration-ms="16637" started-at="2019-12-18T17:21:24 IST" finished-at="2019-12-18T17:21:40 IST">
          <reporter-output>
          </reporter-output>
        </test-method> <!-- setUp -->
        <test-method status="PASS" signature="ValidatCreditSlipsTest()[pri:4, instance:com.psc.testcases.T_4_OrdersPageTest@4ae82894]" name="ValidatCreditSlipsTest" duration-ms="9743" started-at="2019-12-18T17:21:40 IST" finished-at="2019-12-18T17:21:50 IST">
          <reporter-output>
          </reporter-output>
        </test-method> <!-- ValidatCreditSlipsTest -->
        <test-method status="PASS" signature="ExitPath()[pri:0, instance:com.psc.testcases.T_4_OrdersPageTest@4ae82894]" name="ExitPath" is-config="true" duration-ms="1413" started-at="2019-12-18T17:21:50 IST" finished-at="2019-12-18T17:21:51 IST">
          <reporter-output>
          </reporter-output>
        </test-method> <!-- ExitPath -->
        <test-method status="PASS" signature="setUp()[pri:0, instance:com.psc.testcases.T_4_OrdersPageTest@4ae82894]" name="setUp" is-config="true" duration-ms="17441" started-at="2019-12-18T17:21:51 IST" finished-at="2019-12-18T17:22:09 IST">
          <reporter-output>
          </reporter-output>
        </test-method> <!-- setUp -->
        <test-method status="PASS" signature="ValidatStatusesTest()[pri:5, instance:com.psc.testcases.T_4_OrdersPageTest@4ae82894]" name="ValidatStatusesTest" duration-ms="11950" started-at="2019-12-18T17:22:09 IST" finished-at="2019-12-18T17:22:21 IST">
          <reporter-output>
          </reporter-output>
        </test-method> <!-- ValidatStatusesTest -->
        <test-method status="PASS" signature="ExitPath()[pri:0, instance:com.psc.testcases.T_4_OrdersPageTest@4ae82894]" name="ExitPath" is-config="true" duration-ms="1506" started-at="2019-12-18T17:22:21 IST" finished-at="2019-12-18T17:22:22 IST">
          <reporter-output>
          </reporter-output>
        </test-method> <!-- ExitPath -->
        <test-method status="PASS" signature="setUp()[pri:0, instance:com.psc.testcases.T_4_OrdersPageTest@4ae82894]" name="setUp" is-config="true" duration-ms="15219" started-at="2019-12-18T17:22:22 IST" finished-at="2019-12-18T17:22:38 IST">
          <reporter-output>
          </reporter-output>
        </test-method> <!-- setUp -->
        <test-method status="PASS" signature="ValidatOrderMessagesTest()[pri:6, instance:com.psc.testcases.T_4_OrdersPageTest@4ae82894]" name="ValidatOrderMessagesTest" duration-ms="7497" started-at="2019-12-18T17:22:38 IST" finished-at="2019-12-18T17:22:45 IST">
          <reporter-output>
          </reporter-output>
        </test-method> <!-- ValidatOrderMessagesTest -->
        <test-method status="PASS" signature="ExitPath()[pri:0, instance:com.psc.testcases.T_4_OrdersPageTest@4ae82894]" name="ExitPath" is-config="true" duration-ms="1277" started-at="2019-12-18T17:22:45 IST" finished-at="2019-12-18T17:22:46 IST">
          <reporter-output>
          </reporter-output>
        </test-method> <!-- ExitPath -->
        <test-method status="PASS" signature="setUp()[pri:0, instance:com.psc.testcases.T_4_OrdersPageTest@4ae82894]" name="setUp" is-config="true" duration-ms="14800" started-at="2019-12-18T17:22:46 IST" finished-at="2019-12-18T17:23:01 IST">
          <reporter-output>
          </reporter-output>
        </test-method> <!-- setUp -->
        <test-method status="PASS" signature="Payment_Shipping_Page()[pri:7, instance:com.psc.testcases.T_4_OrdersPageTest@4ae82894]" name="Payment_Shipping_Page" duration-ms="2" started-at="2019-12-18T17:23:01 IST" finished-at="2019-12-18T17:23:01 IST">
          <reporter-output>
          </reporter-output>
        </test-method> <!-- Payment_Shipping_Page -->
        <test-method status="PASS" signature="ExitPath()[pri:0, instance:com.psc.testcases.T_4_OrdersPageTest@4ae82894]" name="ExitPath" is-config="true" duration-ms="1011" started-at="2019-12-18T17:23:01 IST" finished-at="2019-12-18T17:23:02 IST">
          <reporter-output>
          </reporter-output>
        </test-method> <!-- ExitPath -->
      </class> <!-- com.psc.testcases.T_4_OrdersPageTest -->
      <class name="com.psc.testcases.T_2_HomePageTest">
        <test-method status="PASS" signature="setUp()[pri:0, instance:com.psc.testcases.T_2_HomePageTest@587c290d]" name="setUp" is-config="true" duration-ms="13035" started-at="2019-12-18T17:06:38 IST" finished-at="2019-12-18T17:06:52 IST">
          <reporter-output>
          </reporter-output>
        </test-method> <!-- setUp -->
        <test-method status="PASS" signature="validatDashBoardTest()[pri:0, instance:com.psc.testcases.T_2_HomePageTest@587c290d]" name="validatDashBoardTest" duration-ms="10568" started-at="2019-12-18T17:06:52 IST" finished-at="2019-12-18T17:07:02 IST">
          <reporter-output>
          </reporter-output>
        </test-method> <!-- validatDashBoardTest -->
        <test-method status="PASS" signature="ExitPath()[pri:0, instance:com.psc.testcases.T_2_HomePageTest@587c290d]" name="ExitPath" is-config="true" duration-ms="1561" started-at="2019-12-18T17:07:02 IST" finished-at="2019-12-18T17:07:04 IST">
          <reporter-output>
          </reporter-output>
        </test-method> <!-- ExitPath -->
        <test-method status="PASS" signature="setUp()[pri:0, instance:com.psc.testcases.T_2_HomePageTest@587c290d]" name="setUp" is-config="true" duration-ms="14722" started-at="2019-12-18T17:07:04 IST" finished-at="2019-12-18T17:07:18 IST">
          <reporter-output>
          </reporter-output>
        </test-method> <!-- setUp -->
        <test-method status="PASS" signature="ValidatHomePageTitleTest()[pri:1, instance:com.psc.testcases.T_2_HomePageTest@587c290d]" name="ValidatHomePageTitleTest" duration-ms="51" started-at="2019-12-18T17:07:18 IST" finished-at="2019-12-18T17:07:18 IST">
          <reporter-output>
          </reporter-output>
        </test-method> <!-- ValidatHomePageTitleTest -->
        <test-method status="PASS" signature="ExitPath()[pri:0, instance:com.psc.testcases.T_2_HomePageTest@587c290d]" name="ExitPath" is-config="true" duration-ms="1288" started-at="2019-12-18T17:07:18 IST" finished-at="2019-12-18T17:07:20 IST">
          <reporter-output>
          </reporter-output>
        </test-method> <!-- ExitPath -->
        <test-method status="PASS" signature="setUp()[pri:0, instance:com.psc.testcases.T_2_HomePageTest@587c290d]" name="setUp" is-config="true" duration-ms="18024" started-at="2019-12-18T17:07:22 IST" finished-at="2019-12-18T17:07:40 IST">
          <reporter-output>
          </reporter-output>
        </test-method> <!-- setUp -->
        <test-method status="PASS" signature="ValidatProductsTest(java.lang.String, java.lang.String, java.lang.String, java.lang.String, java.lang.String)[pri:2, instance:com.psc.testcases.T_2_HomePageTest@587c290d]" name="ValidatProductsTest" duration-ms="13255" started-at="2019-12-18T17:07:40 IST" data-provider="getPSCTestData" finished-at="2019-12-18T17:07:53 IST">
          <params>
            <param index="0">
              <value>
                <![CDATA[Catalog only]]>
              </value>
            </param>
            <param index="1">
              <value>
                <![CDATA[kiran]]>
              </value>
            </param>
            <param index="2">
              <value>
                <![CDATA[12345.0]]>
              </value>
            </param>
            <param index="3">
              <value>
                <![CDATA[123456.0]]>
              </value>
            </param>
            <param index="4">
              <value>
                <![CDATA[123467.0]]>
              </value>
            </param>
          </params>
          <reporter-output>
          </reporter-output>
        </test-method> <!-- ValidatProductsTest -->
        <test-method status="PASS" signature="ExitPath()[pri:0, instance:com.psc.testcases.T_2_HomePageTest@587c290d]" name="ExitPath" is-config="true" duration-ms="1395" started-at="2019-12-18T17:07:53 IST" finished-at="2019-12-18T17:07:55 IST">
          <reporter-output>
          </reporter-output>
        </test-method> <!-- ExitPath -->
        <test-method status="PASS" signature="setUp()[pri:0, instance:com.psc.testcases.T_2_HomePageTest@587c290d]" name="setUp" is-config="true" duration-ms="14012" started-at="2019-12-18T17:07:55 IST" finished-at="2019-12-18T17:08:09 IST">
          <reporter-output>
          </reporter-output>
        </test-method> <!-- setUp -->
        <test-method status="PASS" signature="ValidatProductsTest(java.lang.String, java.lang.String, java.lang.String, java.lang.String, java.lang.String)[pri:2, instance:com.psc.testcases.T_2_HomePageTest@587c290d]" name="ValidatProductsTest" duration-ms="11327" started-at="2019-12-18T17:08:09 IST" data-provider="getPSCTestData" finished-at="2019-12-18T17:08:20 IST">
          <params>
            <param index="0">
              <value>
                <![CDATA[Search only]]>
              </value>
            </param>
            <param index="1">
              <value>
                <![CDATA[shubhm]]>
              </value>
            </param>
            <param index="2">
              <value>
                <![CDATA[54321.0]]>
              </value>
            </param>
            <param index="3">
              <value>
                <![CDATA[654321.0]]>
              </value>
            </param>
            <param index="4">
              <value>
                <![CDATA[654321.0]]>
              </value>
            </param>
          </params>
          <reporter-output>
          </reporter-output>
        </test-method> <!-- ValidatProductsTest -->
        <test-method status="PASS" signature="ExitPath()[pri:0, instance:com.psc.testcases.T_2_HomePageTest@587c290d]" name="ExitPath" is-config="true" duration-ms="1437" started-at="2019-12-18T17:08:20 IST" finished-at="2019-12-18T17:08:22 IST">
          <reporter-output>
          </reporter-output>
        </test-method> <!-- ExitPath -->
        <test-method status="PASS" signature="setUp()[pri:0, instance:com.psc.testcases.T_2_HomePageTest@587c290d]" name="setUp" is-config="true" duration-ms="12586" started-at="2019-12-18T17:08:22 IST" finished-at="2019-12-18T17:08:34 IST">
          <reporter-output>
          </reporter-output>
        </test-method> <!-- setUp -->
        <test-method status="PASS" signature="ValidatProductsTest(java.lang.String, java.lang.String, java.lang.String, java.lang.String, java.lang.String)[pri:2, instance:com.psc.testcases.T_2_HomePageTest@587c290d]" name="ValidatProductsTest" duration-ms="12696" started-at="2019-12-18T17:08:34 IST" data-provider="getPSCTestData" finished-at="2019-12-18T17:08:47 IST">
          <params>
            <param index="0">
              <value>
                <![CDATA[Nowhere]]>
              </value>
            </param>
            <param index="1">
              <value>
                <![CDATA[ashish]]>
              </value>
            </param>
            <param index="2">
              <value>
                <![CDATA[44325.0]]>
              </value>
            </param>
            <param index="3">
              <value>
                <![CDATA[345621.0]]>
              </value>
            </param>
            <param index="4">
              <value>
                <![CDATA[654231.0]]>
              </value>
            </param>
          </params>
          <reporter-output>
          </reporter-output>
        </test-method> <!-- ValidatProductsTest -->
        <test-method status="PASS" signature="ExitPath()[pri:0, instance:com.psc.testcases.T_2_HomePageTest@587c290d]" name="ExitPath" is-config="true" duration-ms="1503" started-at="2019-12-18T17:08:47 IST" finished-at="2019-12-18T17:08:48 IST">
          <reporter-output>
          </reporter-output>
        </test-method> <!-- ExitPath -->
        <test-method status="PASS" signature="setUp()[pri:0, instance:com.psc.testcases.T_2_HomePageTest@587c290d]" name="setUp" is-config="true" duration-ms="14191" started-at="2019-12-18T17:08:48 IST" finished-at="2019-12-18T17:09:03 IST">
          <reporter-output>
          </reporter-output>
        </test-method> <!-- setUp -->
        <test-method status="FAIL" signature="ValidatProductsTest(java.lang.String, java.lang.String, java.lang.String, java.lang.String, java.lang.String)[pri:2, instance:com.psc.testcases.T_2_HomePageTest@587c290d]" name="ValidatProductsTest" duration-ms="81606" started-at="2019-12-18T17:09:03 IST" data-provider="getPSCTestData" finished-at="2019-12-18T17:10:24 IST">
          <params>
            <param index="0">
              <value>
                <![CDATA[Everywhere]]>
              </value>
            </param>
            <param index="1">
              <value>
                <![CDATA[Nidhi]]>
              </value>
            </param>
            <param index="2">
              <value>
                <![CDATA[56326.0]]>
              </value>
            </param>
            <param index="3">
              <value>
                <![CDATA[556666.0]]>
              </value>
            </param>
            <param index="4">
              <value>
                <![CDATA[188855.0]]>
              </value>
            </param>
          </params>
          <exception class="org.openqa.selenium.NoSuchElementException">
            <message>
              <![CDATA[no such element: Unable to locate element: {"method":"xpath","selector":"//input[@id='virtual_product']"}
  (Session info: chrome=78.0.3904.108)
  (Driver info: chromedriver=78.0.3904.70 (edb9c9f3de0247fd912a77b7f6cae7447f6d3ad5-refs/branch-heads/3904@{#800}),platform=Windows NT 10.0.18362 x86_64) (WARNING: The server did not provide any stacktrace information)
Command duration or timeout: 50.10 seconds
For documentation on this error, please visit: http://seleniumhq.org/exceptions/no_such_element.html
Build info: version: '2.52.0', revision: '4c2593cfc3689a7fcd7be52549167e5ccc93ad28', time: '2016-02-11 11:22:43'
System info: host: 'DESKTOP-U9QO90T', ip: '192.168.1.224', os.name: 'Windows 10', os.arch: 'amd64', os.version: '10.0', java.version: '1.8.0_121'
Driver info: org.openqa.selenium.chrome.ChromeDriver
Capabilities [{mobileEmulationEnabled=false, timeouts={implicit=0, pageLoad=300000, script=30000}, hasTouchScreen=false, platform=XP, acceptSslCerts=false, goog:chromeOptions={debuggerAddress=localhost:64409}, acceptInsecureCerts=false, webStorageEnabled=true, browserName=chrome, takesScreenshot=true, javascriptEnabled=true, setWindowRect=true, unexpectedAlertBehaviour=ignore, applicationCacheEnabled=false, rotatable=false, networkConnectionEnabled=false, chrome={chromedriverVersion=78.0.3904.70 (edb9c9f3de0247fd912a77b7f6cae7447f6d3ad5-refs/branch-heads/3904@{#800}), userDataDir=C:\Users\SHUBHA~1\AppData\Local\Temp\scoped_dir13332_263166827}, takesHeapSnapshot=true, pageLoadStrategy=normal, strictFileInteractability=false, databaseEnabled=false, handlesAlerts=true, version=78.0.3904.108, browserConnectionEnabled=false, proxy={}, nativeEvents=true, locationContextEnabled=true, cssSelectorsEnabled=true}]
Session ID: c0367be027707aa0f9cf12ca12691179
*** Element info: {Using=xpath, value=//input[@id='virtual_product']}]]>
            </message>
            <full-stacktrace>
              <![CDATA[org.openqa.selenium.NoSuchElementException: no such element: Unable to locate element: {"method":"xpath","selector":"//input[@id='virtual_product']"}
  (Session info: chrome=78.0.3904.108)
  (Driver info: chromedriver=78.0.3904.70 (edb9c9f3de0247fd912a77b7f6cae7447f6d3ad5-refs/branch-heads/3904@{#800}),platform=Windows NT 10.0.18362 x86_64) (WARNING: The server did not provide any stacktrace information)
Command duration or timeout: 50.10 seconds
For documentation on this error, please visit: http://seleniumhq.org/exceptions/no_such_element.html
Build info: version: '2.52.0', revision: '4c2593cfc3689a7fcd7be52549167e5ccc93ad28', time: '2016-02-11 11:22:43'
System info: host: 'DESKTOP-U9QO90T', ip: '192.168.1.224', os.name: 'Windows 10', os.arch: 'amd64', os.version: '10.0', java.version: '1.8.0_121'
Driver info: org.openqa.selenium.chrome.ChromeDriver
Capabilities [{mobileEmulationEnabled=false, timeouts={implicit=0, pageLoad=300000, script=30000}, hasTouchScreen=false, platform=XP, acceptSslCerts=false, goog:chromeOptions={debuggerAddress=localhost:64409}, acceptInsecureCerts=false, webStorageEnabled=true, browserName=chrome, takesScreenshot=true, javascriptEnabled=true, setWindowRect=true, unexpectedAlertBehaviour=ignore, applicationCacheEnabled=false, rotatable=false, networkConnectionEnabled=false, chrome={chromedriverVersion=78.0.3904.70 (edb9c9f3de0247fd912a77b7f6cae7447f6d3ad5-refs/branch-heads/3904@{#800}), userDataDir=C:\Users\SHUBHA~1\AppData\Local\Temp\scoped_dir13332_263166827}, takesHeapSnapshot=true, pageLoadStrategy=normal, strictFileInteractability=false, databaseEnabled=false, handlesAlerts=true, version=78.0.3904.108, browserConnectionEnabled=false, proxy={}, nativeEvents=true, locationContextEnabled=true, cssSelectorsEnabled=true}]
Session ID: c0367be027707aa0f9cf12ca12691179
*** Element info: {Using=xpath, value=//input[@id='virtual_product']}
at sun.reflect.NativeConstructorAccessorImpl.newInstance0(Native Method)
at sun.reflect.NativeConstructorAccessorImpl.newInstance(NativeConstructorAccessorImpl.java:62)
at sun.reflect.DelegatingConstructorAccessorImpl.newInstance(DelegatingConstructorAccessorImpl.java:45)
at java.lang.reflect.Constructor.newInstance(Constructor.java:423)
at org.openqa.selenium.remote.ErrorHandler.createThrowable(ErrorHandler.java:206)
at org.openqa.selenium.remote.ErrorHandler.throwIfResponseFailed(ErrorHandler.java:158)
at org.openqa.selenium.remote.RemoteWebDriver.execute(RemoteWebDriver.java:678)
at org.openqa.selenium.remote.RemoteWebDriver.findElement(RemoteWebDriver.java:363)
at org.openqa.selenium.remote.RemoteWebDriver.findElementByXPath(RemoteWebDriver.java:500)
at org.openqa.selenium.By$ByXPath.findElement(By.java:361)
at org.openqa.selenium.remote.RemoteWebDriver.findElement(RemoteWebDriver.java:355)
at org.openqa.selenium.support.pagefactory.DefaultElementLocator.findElement(DefaultElementLocator.java:69)
at org.openqa.selenium.support.pagefactory.internal.LocatingElementHandler.invoke(LocatingElementHandler.java:38)
at com.sun.proxy.$Proxy7.click(Unknown Source)
at com.psc.Pages.P_2_HomePage.VerifyProducts(P_2_HomePage.java:87)
at com.psc.testcases.T_2_HomePageTest.ValidatProductsTest(T_2_HomePageTest.java:75)
at sun.reflect.NativeMethodAccessorImpl.invoke0(Native Method)
at sun.reflect.NativeMethodAccessorImpl.invoke(NativeMethodAccessorImpl.java:62)
at sun.reflect.DelegatingMethodAccessorImpl.invoke(DelegatingMethodAccessorImpl.java:43)
at java.lang.reflect.Method.invoke(Method.java:498)
at org.testng.internal.MethodInvocationHelper.invokeMethod(MethodInvocationHelper.java:133)
at org.testng.internal.TestInvoker.invokeMethod(TestInvoker.java:584)
at org.testng.internal.TestInvoker.invokeTestMethod(TestInvoker.java:172)
at org.testng.internal.MethodRunner.runInSequence(MethodRunner.java:46)
at org.testng.internal.TestInvoker$MethodInvocationAgent.invoke(TestInvoker.java:804)
at org.testng.internal.TestInvoker.invokeTestMethods(TestInvoker.java:145)
at org.testng.internal.TestMethodWorker.invokeTestMethods(TestMethodWorker.java:146)
at org.testng.internal.TestMethodWorker.run(TestMethodWorker.java:128)
at java.util.ArrayList.forEach(ArrayList.java:1249)
at org.testng.TestRunner.privateRun(TestRunner.java:770)
at org.testng.TestRunner.run(TestRunner.java:591)
at org.testng.SuiteRunner.runTest(SuiteRunner.java:402)
at org.testng.SuiteRunner.runSequentially(SuiteRunner.java:396)
at org.testng.SuiteRunner.privateRun(SuiteRunner.java:355)
at org.testng.SuiteRunner.run(SuiteRunner.java:304)
at org.testng.SuiteRunnerWorker.runSuite(SuiteRunnerWorker.java:53)
at org.testng.SuiteRunnerWorker.run(SuiteRunnerWorker.java:96)
at org.testng.TestNG.runSuitesSequentially(TestNG.java:1180)
at org.testng.TestNG.runSuitesLocally(TestNG.java:1102)
at org.testng.TestNG.runSuites(TestNG.java:1032)
at org.testng.TestNG.run(TestNG.java:1000)
at org.apache.maven.surefire.testng.TestNGExecutor.run(TestNGExecutor.java:282)
at org.apache.maven.surefire.testng.TestNGXmlTestSuite.execute(TestNGXmlTestSuite.java:83)
at org.apache.maven.surefire.testng.TestNGProvider.invoke(TestNGProvider.java:114)
at org.apache.maven.surefire.booter.ForkedBooter.invokeProviderInSameClassLoader(ForkedBooter.java:286)
at org.apache.maven.surefire.booter.ForkedBooter.runSuitesInProcess(ForkedBooter.java:240)
at org.apache.maven.surefire.booter.ForkedBooter.main(ForkedBooter.java:121)
]]>
            </full-stacktrace>
          </exception> <!-- org.openqa.selenium.NoSuchElementException -->
          <reporter-output>
          </reporter-output>
        </test-method> <!-- ValidatProductsTest -->
        <test-method status="PASS" signature="ExitPath()[pri:0, instance:com.psc.testcases.T_2_HomePageTest@587c290d]" name="ExitPath" is-config="true" duration-ms="1989" started-at="2019-12-18T17:10:25 IST" finished-at="2019-12-18T17:10:27 IST">
          <reporter-output>
          </reporter-output>
        </test-method> <!-- ExitPath -->
        <test-method status="PASS" signature="setUp()[pri:0, instance:com.psc.testcases.T_2_HomePageTest@587c290d]" name="setUp" is-config="true" duration-ms="19768" started-at="2019-12-18T17:10:27 IST" finished-at="2019-12-18T17:10:47 IST">
          <reporter-output>
          </reporter-output>
        </test-method> <!-- setUp -->
        <test-method status="PASS" signature="ValidatProductCategoriesTest()[pri:3, instance:com.psc.testcases.T_2_HomePageTest@587c290d]" name="ValidatProductCategoriesTest" duration-ms="11050" started-at="2019-12-18T17:10:47 IST" finished-at="2019-12-18T17:10:58 IST">
          <reporter-output>
          </reporter-output>
        </test-method> <!-- ValidatProductCategoriesTest -->
        <test-method status="PASS" signature="ExitPath()[pri:0, instance:com.psc.testcases.T_2_HomePageTest@587c290d]" name="ExitPath" is-config="true" duration-ms="1798" started-at="2019-12-18T17:10:58 IST" finished-at="2019-12-18T17:11:00 IST">
          <reporter-output>
          </reporter-output>
        </test-method> <!-- ExitPath -->
        <test-method status="PASS" signature="setUp()[pri:0, instance:com.psc.testcases.T_2_HomePageTest@587c290d]" name="setUp" is-config="true" duration-ms="14427" started-at="2019-12-18T17:11:00 IST" finished-at="2019-12-18T17:11:14 IST">
          <reporter-output>
          </reporter-output>
        </test-method> <!-- setUp -->
        <test-method status="PASS" signature="ValidatMonitoringTest()[pri:4, instance:com.psc.testcases.T_2_HomePageTest@587c290d]" name="ValidatMonitoringTest" duration-ms="8278" started-at="2019-12-18T17:11:14 IST" finished-at="2019-12-18T17:11:22 IST">
          <reporter-output>
          </reporter-output>
        </test-method> <!-- ValidatMonitoringTest -->
        <test-method status="PASS" signature="ExitPath()[pri:0, instance:com.psc.testcases.T_2_HomePageTest@587c290d]" name="ExitPath" is-config="true" duration-ms="1719" started-at="2019-12-18T17:11:22 IST" finished-at="2019-12-18T17:11:24 IST">
          <reporter-output>
          </reporter-output>
        </test-method> <!-- ExitPath -->
        <test-method status="PASS" signature="setUp()[pri:0, instance:com.psc.testcases.T_2_HomePageTest@587c290d]" name="setUp" is-config="true" duration-ms="16795" started-at="2019-12-18T17:11:24 IST" finished-at="2019-12-18T17:11:41 IST">
          <reporter-output>
          </reporter-output>
        </test-method> <!-- setUp -->
        <test-method status="PASS" signature="ValidatProductAttributesTest()[pri:5, instance:com.psc.testcases.T_2_HomePageTest@587c290d]" name="ValidatProductAttributesTest" duration-ms="9009" started-at="2019-12-18T17:11:41 IST" finished-at="2019-12-18T17:11:50 IST">
          <reporter-output>
          </reporter-output>
        </test-method> <!-- ValidatProductAttributesTest -->
        <test-method status="PASS" signature="ExitPath()[pri:0, instance:com.psc.testcases.T_2_HomePageTest@587c290d]" name="ExitPath" is-config="true" duration-ms="2781" started-at="2019-12-18T17:11:50 IST" finished-at="2019-12-18T17:11:53 IST">
          <reporter-output>
          </reporter-output>
        </test-method> <!-- ExitPath -->
        <test-method status="PASS" signature="setUp()[pri:0, instance:com.psc.testcases.T_2_HomePageTest@587c290d]" name="setUp" is-config="true" duration-ms="24395" started-at="2019-12-18T17:11:53 IST" finished-at="2019-12-18T17:12:17 IST">
          <reporter-output>
          </reporter-output>
        </test-method> <!-- setUp -->
        <test-method status="PASS" signature="ValidatProductFeaturesTest()[pri:6, instance:com.psc.testcases.T_2_HomePageTest@587c290d]" name="ValidatProductFeaturesTest" duration-ms="7247" started-at="2019-12-18T17:12:17 IST" finished-at="2019-12-18T17:12:24 IST">
          <reporter-output>
          </reporter-output>
        </test-method> <!-- ValidatProductFeaturesTest -->
        <test-method status="PASS" signature="ExitPath()[pri:0, instance:com.psc.testcases.T_2_HomePageTest@587c290d]" name="ExitPath" is-config="true" duration-ms="1725" started-at="2019-12-18T17:12:24 IST" finished-at="2019-12-18T17:12:26 IST">
          <reporter-output>
          </reporter-output>
        </test-method> <!-- ExitPath -->
        <test-method status="PASS" signature="setUp()[pri:0, instance:com.psc.testcases.T_2_HomePageTest@587c290d]" name="setUp" is-config="true" duration-ms="23562" started-at="2019-12-18T17:12:26 IST" finished-at="2019-12-18T17:12:50 IST">
          <reporter-output>
          </reporter-output>
        </test-method> <!-- setUp -->
        <test-method status="PASS" signature="ValidatManufacturersTest()[pri:7, instance:com.psc.testcases.T_2_HomePageTest@587c290d]" name="ValidatManufacturersTest" duration-ms="5267" started-at="2019-12-18T17:12:50 IST" finished-at="2019-12-18T17:12:55 IST">
          <reporter-output>
          </reporter-output>
        </test-method> <!-- ValidatManufacturersTest -->
        <test-method status="PASS" signature="ExitPath()[pri:0, instance:com.psc.testcases.T_2_HomePageTest@587c290d]" name="ExitPath" is-config="true" duration-ms="1561" started-at="2019-12-18T17:12:55 IST" finished-at="2019-12-18T17:12:57 IST">
          <reporter-output>
          </reporter-output>
        </test-method> <!-- ExitPath -->
        <test-method status="PASS" signature="setUp()[pri:0, instance:com.psc.testcases.T_2_HomePageTest@587c290d]" name="setUp" is-config="true" duration-ms="13036" started-at="2019-12-18T17:12:57 IST" finished-at="2019-12-18T17:13:10 IST">
          <reporter-output>
          </reporter-output>
        </test-method> <!-- setUp -->
        <test-method status="PASS" signature="CustomerPage()[pri:8, instance:com.psc.testcases.T_2_HomePageTest@587c290d]" name="CustomerPage" duration-ms="1" started-at="2019-12-18T17:13:10 IST" finished-at="2019-12-18T17:13:10 IST">
          <reporter-output>
          </reporter-output>
        </test-method> <!-- CustomerPage -->
        <test-method status="PASS" signature="ExitPath()[pri:0, instance:com.psc.testcases.T_2_HomePageTest@587c290d]" name="ExitPath" is-config="true" duration-ms="1041" started-at="2019-12-18T17:13:10 IST" finished-at="2019-12-18T17:13:11 IST">
          <reporter-output>
          </reporter-output>
        </test-method> <!-- ExitPath -->
      </class> <!-- com.psc.testcases.T_2_HomePageTest -->
      <class name="com.psc.testcases.T_1_LoginPageTest">
        <test-method status="PASS" signature="setUp()[pri:0, instance:com.psc.testcases.T_1_LoginPageTest@103f852]" name="setUp" is-config="true" duration-ms="22434" started-at="2019-12-18T17:04:21 IST" finished-at="2019-12-18T17:04:44 IST">
          <reporter-output>
          </reporter-output>
        </test-method> <!-- setUp -->
        <test-method status="PASS" signature="loginPageTitleTest()[pri:1, instance:com.psc.testcases.T_1_LoginPageTest@103f852]" name="loginPageTitleTest" duration-ms="35" started-at="2019-12-18T17:04:44 IST" finished-at="2019-12-18T17:04:44 IST">
          <reporter-output>
          </reporter-output>
        </test-method> <!-- loginPageTitleTest -->
        <test-method status="PASS" signature="ExitPath()[pri:0, instance:com.psc.testcases.T_1_LoginPageTest@103f852]" name="ExitPath" is-config="true" duration-ms="1749" started-at="2019-12-18T17:04:44 IST" finished-at="2019-12-18T17:04:45 IST">
          <reporter-output>
          </reporter-output>
        </test-method> <!-- ExitPath -->
        <test-method status="PASS" signature="setUp()[pri:0, instance:com.psc.testcases.T_1_LoginPageTest@103f852]" name="setUp" is-config="true" duration-ms="15494" started-at="2019-12-18T17:04:45 IST" finished-at="2019-12-18T17:05:01 IST">
          <reporter-output>
          </reporter-output>
        </test-method> <!-- setUp -->
        <test-method status="FAIL" signature="PSC_LogoImageTest()[pri:2, instance:com.psc.testcases.T_1_LoginPageTest@103f852]" name="PSC_LogoImageTest" duration-ms="50194" started-at="2019-12-18T17:05:01 IST" finished-at="2019-12-18T17:05:51 IST">
          <exception class="org.openqa.selenium.NoSuchElementException">
            <message>
              <![CDATA[no such element: Unable to locate element: {"method":"id","selector":"sho-img"}
  (Session info: chrome=78.0.3904.108)
  (Driver info: chromedriver=78.0.3904.70 (edb9c9f3de0247fd912a77b7f6cae7447f6d3ad5-refs/branch-heads/3904@{#800}),platform=Windows NT 10.0.18362 x86_64) (WARNING: The server did not provide any stacktrace information)
Command duration or timeout: 50.12 seconds
For documentation on this error, please visit: http://seleniumhq.org/exceptions/no_such_element.html
Build info: version: '2.52.0', revision: '4c2593cfc3689a7fcd7be52549167e5ccc93ad28', time: '2016-02-11 11:22:43'
System info: host: 'DESKTOP-U9QO90T', ip: '192.168.1.224', os.name: 'Windows 10', os.arch: 'amd64', os.version: '10.0', java.version: '1.8.0_121'
Driver info: org.openqa.selenium.chrome.ChromeDriver
Capabilities [{mobileEmulationEnabled=false, timeouts={implicit=0, pageLoad=300000, script=30000}, hasTouchScreen=false, platform=XP, acceptSslCerts=false, goog:chromeOptions={debuggerAddress=localhost:64006}, acceptInsecureCerts=false, webStorageEnabled=true, browserName=chrome, takesScreenshot=true, javascriptEnabled=true, setWindowRect=true, unexpectedAlertBehaviour=ignore, applicationCacheEnabled=false, rotatable=false, networkConnectionEnabled=false, chrome={chromedriverVersion=78.0.3904.70 (edb9c9f3de0247fd912a77b7f6cae7447f6d3ad5-refs/branch-heads/3904@{#800}), userDataDir=C:\Users\SHUBHA~1\AppData\Local\Temp\scoped_dir8968_663525486}, takesHeapSnapshot=true, pageLoadStrategy=normal, strictFileInteractability=false, databaseEnabled=false, handlesAlerts=true, version=78.0.3904.108, browserConnectionEnabled=false, proxy={}, nativeEvents=true, locationContextEnabled=true, cssSelectorsEnabled=true}]
Session ID: f1620b531f5cbbee819d210176d05297
*** Element info: {Using=id, value=sho-img}]]>
            </message>
            <full-stacktrace>
              <![CDATA[org.openqa.selenium.NoSuchElementException: no such element: Unable to locate element: {"method":"id","selector":"sho-img"}
  (Session info: chrome=78.0.3904.108)
  (Driver info: chromedriver=78.0.3904.70 (edb9c9f3de0247fd912a77b7f6cae7447f6d3ad5-refs/branch-heads/3904@{#800}),platform=Windows NT 10.0.18362 x86_64) (WARNING: The server did not provide any stacktrace information)
Command duration or timeout: 50.12 seconds
For documentation on this error, please visit: http://seleniumhq.org/exceptions/no_such_element.html
Build info: version: '2.52.0', revision: '4c2593cfc3689a7fcd7be52549167e5ccc93ad28', time: '2016-02-11 11:22:43'
System info: host: 'DESKTOP-U9QO90T', ip: '192.168.1.224', os.name: 'Windows 10', os.arch: 'amd64', os.version: '10.0', java.version: '1.8.0_121'
Driver info: org.openqa.selenium.chrome.ChromeDriver
Capabilities [{mobileEmulationEnabled=false, timeouts={implicit=0, pageLoad=300000, script=30000}, hasTouchScreen=false, platform=XP, acceptSslCerts=false, goog:chromeOptions={debuggerAddress=localhost:64006}, acceptInsecureCerts=false, webStorageEnabled=true, browserName=chrome, takesScreenshot=true, javascriptEnabled=true, setWindowRect=true, unexpectedAlertBehaviour=ignore, applicationCacheEnabled=false, rotatable=false, networkConnectionEnabled=false, chrome={chromedriverVersion=78.0.3904.70 (edb9c9f3de0247fd912a77b7f6cae7447f6d3ad5-refs/branch-heads/3904@{#800}), userDataDir=C:\Users\SHUBHA~1\AppData\Local\Temp\scoped_dir8968_663525486}, takesHeapSnapshot=true, pageLoadStrategy=normal, strictFileInteractability=false, databaseEnabled=false, handlesAlerts=true, version=78.0.3904.108, browserConnectionEnabled=false, proxy={}, nativeEvents=true, locationContextEnabled=true, cssSelectorsEnabled=true}]
Session ID: f1620b531f5cbbee819d210176d05297
*** Element info: {Using=id, value=sho-img}
at sun.reflect.NativeConstructorAccessorImpl.newInstance0(Native Method)
at sun.reflect.NativeConstructorAccessorImpl.newInstance(NativeConstructorAccessorImpl.java:62)
at sun.reflect.DelegatingConstructorAccessorImpl.newInstance(DelegatingConstructorAccessorImpl.java:45)
at java.lang.reflect.Constructor.newInstance(Constructor.java:423)
at org.openqa.selenium.remote.ErrorHandler.createThrowable(ErrorHandler.java:206)
at org.openqa.selenium.remote.ErrorHandler.throwIfResponseFailed(ErrorHandler.java:158)
at org.openqa.selenium.remote.RemoteWebDriver.execute(RemoteWebDriver.java:678)
at org.openqa.selenium.remote.RemoteWebDriver.findElement(RemoteWebDriver.java:363)
at org.openqa.selenium.remote.RemoteWebDriver.findElementById(RemoteWebDriver.java:413)
at org.openqa.selenium.By$ById.findElement(By.java:218)
at org.openqa.selenium.remote.RemoteWebDriver.findElement(RemoteWebDriver.java:355)
at org.openqa.selenium.support.pagefactory.DefaultElementLocator.findElement(DefaultElementLocator.java:69)
at org.openqa.selenium.support.pagefactory.internal.LocatingElementHandler.invoke(LocatingElementHandler.java:38)
at com.sun.proxy.$Proxy7.isDisplayed(Unknown Source)
at com.psc.Pages.P_1_LoginPage.validatepscImage(P_1_LoginPage.java:43)
at com.psc.testcases.T_1_LoginPageTest.PSC_LogoImageTest(T_1_LoginPageTest.java:52)
at sun.reflect.NativeMethodAccessorImpl.invoke0(Native Method)
at sun.reflect.NativeMethodAccessorImpl.invoke(NativeMethodAccessorImpl.java:62)
at sun.reflect.DelegatingMethodAccessorImpl.invoke(DelegatingMethodAccessorImpl.java:43)
at java.lang.reflect.Method.invoke(Method.java:498)
at org.testng.internal.MethodInvocationHelper.invokeMethod(MethodInvocationHelper.java:133)
at org.testng.internal.TestInvoker.invokeMethod(TestInvoker.java:584)
at org.testng.internal.TestInvoker.invokeTestMethod(TestInvoker.java:172)
at org.testng.internal.MethodRunner.runInSequence(MethodRunner.java:46)
at org.testng.internal.TestInvoker$MethodInvocationAgent.invoke(TestInvoker.java:804)
at org.testng.internal.TestInvoker.invokeTestMethods(TestInvoker.java:145)
at org.testng.internal.TestMethodWorker.invokeTestMethods(TestMethodWorker.java:146)
at org.testng.internal.TestMethodWorker.run(TestMethodWorker.java:128)
at java.util.ArrayList.forEach(ArrayList.java:1249)
at org.testng.TestRunner.privateRun(TestRunner.java:770)
at org.testng.TestRunner.run(TestRunner.java:591)
at org.testng.SuiteRunner.runTest(SuiteRunner.java:402)
at org.testng.SuiteRunner.runSequentially(SuiteRunner.java:396)
at org.testng.SuiteRunner.privateRun(SuiteRunner.java:355)
at org.testng.SuiteRunner.run(SuiteRunner.java:304)
at org.testng.SuiteRunnerWorker.runSuite(SuiteRunnerWorker.java:53)
at org.testng.SuiteRunnerWorker.run(SuiteRunnerWorker.java:96)
at org.testng.TestNG.runSuitesSequentially(TestNG.java:1180)
at org.testng.TestNG.runSuitesLocally(TestNG.java:1102)
at org.testng.TestNG.runSuites(TestNG.java:1032)
at org.testng.TestNG.run(TestNG.java:1000)
at org.apache.maven.surefire.testng.TestNGExecutor.run(TestNGExecutor.java:282)
at org.apache.maven.surefire.testng.TestNGXmlTestSuite.execute(TestNGXmlTestSuite.java:83)
at org.apache.maven.surefire.testng.TestNGProvider.invoke(TestNGProvider.java:114)
at org.apache.maven.surefire.booter.ForkedBooter.invokeProviderInSameClassLoader(ForkedBooter.java:286)
at org.apache.maven.surefire.booter.ForkedBooter.runSuitesInProcess(ForkedBooter.java:240)
at org.apache.maven.surefire.booter.ForkedBooter.main(ForkedBooter.java:121)
]]>
            </full-stacktrace>
          </exception> <!-- org.openqa.selenium.NoSuchElementException -->
          <reporter-output>
          </reporter-output>
        </test-method> <!-- PSC_LogoImageTest -->
        <test-method status="PASS" signature="ExitPath()[pri:0, instance:com.psc.testcases.T_1_LoginPageTest@103f852]" name="ExitPath" is-config="true" duration-ms="1405" started-at="2019-12-18T17:05:52 IST" finished-at="2019-12-18T17:05:53 IST">
          <reporter-output>
          </reporter-output>
        </test-method> <!-- ExitPath -->
        <test-method status="PASS" signature="setUp()[pri:0, instance:com.psc.testcases.T_1_LoginPageTest@103f852]" name="setUp" is-config="true" duration-ms="25990" started-at="2019-12-18T17:05:53 IST" finished-at="2019-12-18T17:06:19 IST">
          <reporter-output>
          </reporter-output>
        </test-method> <!-- setUp -->
        <test-method status="PASS" signature="LoginTest(java.lang.String, java.lang.String)[pri:3, instance:com.psc.testcases.T_1_LoginPageTest@103f852]" name="LoginTest" duration-ms="965" started-at="2019-12-18T17:06:19 IST" data-provider="login_Data" finished-at="2019-12-18T17:06:20 IST">
          <params>
            <param index="0">
              <value>
                <![CDATA[admin@javaclassesinpune.com]]>
              </value>
            </param>
            <param index="1">
              <value>
                <![CDATA[password]]>
              </value>
            </param>
          </params>
          <reporter-output>
          </reporter-output>
        </test-method> <!-- LoginTest -->
        <test-method status="PASS" signature="ExitPath()[pri:0, instance:com.psc.testcases.T_1_LoginPageTest@103f852]" name="ExitPath" is-config="true" duration-ms="1386" started-at="2019-12-18T17:06:20 IST" finished-at="2019-12-18T17:06:22 IST">
          <reporter-output>
          </reporter-output>
        </test-method> <!-- ExitPath -->
        <test-method status="PASS" signature="setUp()[pri:0, instance:com.psc.testcases.T_1_LoginPageTest@103f852]" name="setUp" is-config="true" duration-ms="15286" started-at="2019-12-18T17:06:22 IST" finished-at="2019-12-18T17:06:37 IST">
          <reporter-output>
          </reporter-output>
        </test-method> <!-- setUp -->
        <test-method status="PASS" signature="HomePage()[pri:4, instance:com.psc.testcases.T_1_LoginPageTest@103f852]" name="HomePage" duration-ms="192" started-at="2019-12-18T17:06:37 IST" finished-at="2019-12-18T17:06:37 IST">
          <reporter-output>
          </reporter-output>
        </test-method> <!-- HomePage -->
        <test-method status="PASS" signature="ExitPath()[pri:0, instance:com.psc.testcases.T_1_LoginPageTest@103f852]" name="ExitPath" is-config="true" duration-ms="1187" started-at="2019-12-18T17:06:37 IST" finished-at="2019-12-18T17:06:38 IST">
          <reporter-output>
          </reporter-output>
        </test-method> <!-- ExitPath -->
      </class> <!-- com.psc.testcases.T_1_LoginPageTest -->
      <class name="com.psc.testcases.T_5_PaymentShippingTest">
        <test-method status="PASS" signature="setUp()[pri:0, instance:com.psc.testcases.T_5_PaymentShippingTest@543788f3]" name="setUp" is-config="true" duration-ms="13164" started-at="2019-12-18T17:23:02 IST" finished-at="2019-12-18T17:23:15 IST">
          <reporter-output>
          </reporter-output>
        </test-method> <!-- setUp -->
        <test-method status="PASS" signature="ValidatModulesServicesTest()[pri:1, instance:com.psc.testcases.T_5_PaymentShippingTest@543788f3]" name="ValidatModulesServicesTest" duration-ms="11458" started-at="2019-12-18T17:23:15 IST" finished-at="2019-12-18T17:23:27 IST">
          <reporter-output>
          </reporter-output>
        </test-method> <!-- ValidatModulesServicesTest -->
        <test-method status="PASS" signature="ExitPath()[pri:0, instance:com.psc.testcases.T_5_PaymentShippingTest@543788f3]" name="ExitPath" is-config="true" duration-ms="1180" started-at="2019-12-18T17:23:27 IST" finished-at="2019-12-18T17:23:28 IST">
          <reporter-output>
          </reporter-output>
        </test-method> <!-- ExitPath -->
        <test-method status="PASS" signature="setUp()[pri:0, instance:com.psc.testcases.T_5_PaymentShippingTest@543788f3]" name="setUp" is-config="true" duration-ms="13778" started-at="2019-12-18T17:23:28 IST" finished-at="2019-12-18T17:23:42 IST">
          <reporter-output>
          </reporter-output>
        </test-method> <!-- setUp -->
        <test-method status="PASS" signature="ValidatModules_ThemesCatalogTest()[pri:2, instance:com.psc.testcases.T_5_PaymentShippingTest@543788f3]" name="ValidatModules_ThemesCatalogTest" duration-ms="35366" started-at="2019-12-18T17:23:42 IST" finished-at="2019-12-18T17:24:17 IST">
          <reporter-output>
          </reporter-output>
        </test-method> <!-- ValidatModules_ThemesCatalogTest -->
        <test-method status="PASS" signature="ExitPath()[pri:0, instance:com.psc.testcases.T_5_PaymentShippingTest@543788f3]" name="ExitPath" is-config="true" duration-ms="1815" started-at="2019-12-18T17:24:17 IST" finished-at="2019-12-18T17:24:19 IST">
          <reporter-output>
          </reporter-output>
        </test-method> <!-- ExitPath -->
        <test-method status="PASS" signature="setUp()[pri:0, instance:com.psc.testcases.T_5_PaymentShippingTest@543788f3]" name="setUp" is-config="true" duration-ms="26313" started-at="2019-12-18T17:24:19 IST" finished-at="2019-12-18T17:24:45 IST">
          <reporter-output>
          </reporter-output>
        </test-method> <!-- setUp -->
        <test-method status="PASS" signature="ValidatPositionsTest()[pri:3, instance:com.psc.testcases.T_5_PaymentShippingTest@543788f3]" name="ValidatPositionsTest" duration-ms="26174" started-at="2019-12-18T17:24:45 IST" finished-at="2019-12-18T17:25:11 IST">
          <reporter-output>
          </reporter-output>
        </test-method> <!-- ValidatPositionsTest -->
        <test-method status="PASS" signature="ExitPath()[pri:0, instance:com.psc.testcases.T_5_PaymentShippingTest@543788f3]" name="ExitPath" is-config="true" duration-ms="1461" started-at="2019-12-18T17:25:11 IST" finished-at="2019-12-18T17:25:13 IST">
          <reporter-output>
          </reporter-output>
        </test-method> <!-- ExitPath -->
        <test-method status="PASS" signature="setUp()[pri:0, instance:com.psc.testcases.T_5_PaymentShippingTest@543788f3]" name="setUp" is-config="true" duration-ms="15176" started-at="2019-12-18T17:25:13 IST" finished-at="2019-12-18T17:25:28 IST">
          <reporter-output>
          </reporter-output>
        </test-method> <!-- setUp -->
        <test-method status="PASS" signature="ValidatPaymentTest()[pri:4, instance:com.psc.testcases.T_5_PaymentShippingTest@543788f3]" name="ValidatPaymentTest" duration-ms="7575" started-at="2019-12-18T17:25:28 IST" finished-at="2019-12-18T17:25:36 IST">
          <reporter-output>
          </reporter-output>
        </test-method> <!-- ValidatPaymentTest -->
        <test-method status="PASS" signature="ExitPath()[pri:0, instance:com.psc.testcases.T_5_PaymentShippingTest@543788f3]" name="ExitPath" is-config="true" duration-ms="1016" started-at="2019-12-18T17:25:36 IST" finished-at="2019-12-18T17:25:37 IST">
          <reporter-output>
          </reporter-output>
        </test-method> <!-- ExitPath -->
        <test-method status="PASS" signature="setUp()[pri:0, instance:com.psc.testcases.T_5_PaymentShippingTest@543788f3]" name="setUp" is-config="true" duration-ms="13392" started-at="2019-12-18T17:25:37 IST" finished-at="2019-12-18T17:25:50 IST">
          <reporter-output>
          </reporter-output>
        </test-method> <!-- setUp -->
        <test-method status="PASS" signature="ValidatAdminCarriersTest()[pri:5, instance:com.psc.testcases.T_5_PaymentShippingTest@543788f3]" name="ValidatAdminCarriersTest" duration-ms="6101" started-at="2019-12-18T17:25:50 IST" finished-at="2019-12-18T17:25:56 IST">
          <reporter-output>
          </reporter-output>
        </test-method> <!-- ValidatAdminCarriersTest -->
        <test-method status="PASS" signature="ExitPath()[pri:0, instance:com.psc.testcases.T_5_PaymentShippingTest@543788f3]" name="ExitPath" is-config="true" duration-ms="1071" started-at="2019-12-18T17:25:56 IST" finished-at="2019-12-18T17:25:57 IST">
          <reporter-output>
          </reporter-output>
        </test-method> <!-- ExitPath -->
        <test-method status="PASS" signature="setUp()[pri:0, instance:com.psc.testcases.T_5_PaymentShippingTest@543788f3]" name="setUp" is-config="true" duration-ms="11938" started-at="2019-12-18T17:25:57 IST" finished-at="2019-12-18T17:26:09 IST">
          <reporter-output>
          </reporter-output>
        </test-method> <!-- setUp -->
        <test-method status="PASS" signature="ValidatPreferences()[pri:6, instance:com.psc.testcases.T_5_PaymentShippingTest@543788f3]" name="ValidatPreferences" duration-ms="10403" started-at="2019-12-18T17:26:09 IST" finished-at="2019-12-18T17:26:20 IST">
          <reporter-output>
          </reporter-output>
        </test-method> <!-- ValidatPreferences -->
        <test-method status="PASS" signature="ExitPath()[pri:0, instance:com.psc.testcases.T_5_PaymentShippingTest@543788f3]" name="ExitPath" is-config="true" duration-ms="1025" started-at="2019-12-18T17:26:20 IST" finished-at="2019-12-18T17:26:21 IST">
          <reporter-output>
          </reporter-output>
        </test-method> <!-- ExitPath -->
        <test-method status="PASS" signature="setUp()[pri:0, instance:com.psc.testcases.T_5_PaymentShippingTest@543788f3]" name="setUp" is-config="true" duration-ms="14465" started-at="2019-12-18T17:26:21 IST" finished-at="2019-12-18T17:26:35 IST">
          <reporter-output>
          </reporter-output>
        </test-method> <!-- setUp -->
        <test-method status="PASS" signature="ValidatMyshop()[pri:7, instance:com.psc.testcases.T_5_PaymentShippingTest@543788f3]" name="ValidatMyshop" duration-ms="4897" started-at="2019-12-18T17:26:35 IST" finished-at="2019-12-18T17:26:40 IST">
          <reporter-output>
          </reporter-output>
        </test-method> <!-- ValidatMyshop -->
        <test-method status="PASS" signature="ExitPath()[pri:0, instance:com.psc.testcases.T_5_PaymentShippingTest@543788f3]" name="ExitPath" is-config="true" duration-ms="1089" started-at="2019-12-18T17:26:40 IST" finished-at="2019-12-18T17:26:41 IST">
          <reporter-output>
          </reporter-output>
        </test-method> <!-- ExitPath -->
        <test-method status="PASS" signature="setUp()[pri:0, instance:com.psc.testcases.T_5_PaymentShippingTest@543788f3]" name="setUp" is-config="true" duration-ms="11748" started-at="2019-12-18T17:26:41 IST" finished-at="2019-12-18T17:26:53 IST">
          <reporter-output>
          </reporter-output>
        </test-method> <!-- setUp -->
        <test-method status="PASS" signature="CalenderPage()[pri:8, instance:com.psc.testcases.T_5_PaymentShippingTest@543788f3]" name="CalenderPage" duration-ms="66" started-at="2019-12-18T17:26:53 IST" finished-at="2019-12-18T17:26:53 IST">
          <reporter-output>
          </reporter-output>
        </test-method> <!-- CalenderPage -->
        <test-method status="PASS" signature="ExitPath()[pri:0, instance:com.psc.testcases.T_5_PaymentShippingTest@543788f3]" name="ExitPath" is-config="true" duration-ms="1260" started-at="2019-12-18T17:26:53 IST" finished-at="2019-12-18T17:26:54 IST">
          <reporter-output>
          </reporter-output>
        </test-method> <!-- ExitPath -->
      </class> <!-- com.psc.testcases.T_5_PaymentShippingTest -->
      <class name="com.psc.testcases.T_3_CustomerPageTest">
        <test-method status="PASS" signature="setUp()[pri:0, instance:com.psc.testcases.T_3_CustomerPageTest@4516af24]" name="setUp" is-config="true" duration-ms="12245" started-at="2019-12-18T17:13:11 IST" finished-at="2019-12-18T17:13:23 IST">
          <reporter-output>
          </reporter-output>
        </test-method> <!-- setUp -->
        <test-method status="PASS" signature="VerifyHomePageCustomer()[pri:1, instance:com.psc.testcases.T_3_CustomerPageTest@4516af24]" name="VerifyHomePageCustomer" duration-ms="22" started-at="2019-12-18T17:13:23 IST" finished-at="2019-12-18T17:13:23 IST">
          <reporter-output>
          </reporter-output>
        </test-method> <!-- VerifyHomePageCustomer -->
        <test-method status="PASS" signature="ExitPath()[pri:0, instance:com.psc.testcases.T_3_CustomerPageTest@4516af24]" name="ExitPath" is-config="true" duration-ms="1639" started-at="2019-12-18T17:13:23 IST" finished-at="2019-12-18T17:13:25 IST">
          <reporter-output>
          </reporter-output>
        </test-method> <!-- ExitPath -->
        <test-method status="PASS" signature="setUp()[pri:0, instance:com.psc.testcases.T_3_CustomerPageTest@4516af24]" name="setUp" is-config="true" duration-ms="23667" started-at="2019-12-18T17:13:25 IST" finished-at="2019-12-18T17:13:49 IST">
          <reporter-output>
          </reporter-output>
        </test-method> <!-- setUp -->
        <test-method status="PASS" signature="ValidatCustomerTest(java.lang.String, java.lang.String, java.lang.String)[pri:2, instance:com.psc.testcases.T_3_CustomerPageTest@4516af24]" name="ValidatCustomerTest" duration-ms="8789" started-at="2019-12-18T17:13:49 IST" data-provider="getPSCTestData" finished-at="2019-12-18T17:13:57 IST">
          <params>
            <param index="0">
              <value>
                <![CDATA[Ashish]]>
              </value>
            </param>
            <param index="1">
              <value>
                <![CDATA[Unhale]]>
              </value>
            </param>
            <param index="2">
              <value>
                <![CDATA[Visitor]]>
              </value>
            </param>
          </params>
          <reporter-output>
          </reporter-output>
        </test-method> <!-- ValidatCustomerTest -->
        <test-method status="PASS" signature="ExitPath()[pri:0, instance:com.psc.testcases.T_3_CustomerPageTest@4516af24]" name="ExitPath" is-config="true" duration-ms="1531" started-at="2019-12-18T17:13:57 IST" finished-at="2019-12-18T17:13:59 IST">
          <reporter-output>
          </reporter-output>
        </test-method> <!-- ExitPath -->
        <test-method status="PASS" signature="setUp()[pri:0, instance:com.psc.testcases.T_3_CustomerPageTest@4516af24]" name="setUp" is-config="true" duration-ms="15677" started-at="2019-12-18T17:13:59 IST" finished-at="2019-12-18T17:14:15 IST">
          <reporter-output>
          </reporter-output>
        </test-method> <!-- setUp -->
        <test-method status="FAIL" signature="ValidatCustomerTest(java.lang.String, java.lang.String, java.lang.String)[pri:2, instance:com.psc.testcases.T_3_CustomerPageTest@4516af24]" name="ValidatCustomerTest" duration-ms="74108" started-at="2019-12-18T17:14:15 IST" data-provider="getPSCTestData" finished-at="2019-12-18T17:15:29 IST">
          <params>
            <param index="0">
              <value>
                <![CDATA[Shubham]]>
              </value>
            </param>
            <param index="1">
              <value>
                <![CDATA[Giri]]>
              </value>
            </param>
            <param index="2">
              <value>
                <![CDATA[Guest]]>
              </value>
            </param>
          </params>
          <exception class="org.openqa.selenium.NoSuchElementException">
            <message>
              <![CDATA[no such element: Unable to locate element: {"method":"id","selector":"gender_1"}
  (Session info: chrome=78.0.3904.108)
  (Driver info: chromedriver=78.0.3904.70 (edb9c9f3de0247fd912a77b7f6cae7447f6d3ad5-refs/branch-heads/3904@{#800}),platform=Windows NT 10.0.18362 x86_64) (WARNING: The server did not provide any stacktrace information)
Command duration or timeout: 50.05 seconds
For documentation on this error, please visit: http://seleniumhq.org/exceptions/no_such_element.html
Build info: version: '2.52.0', revision: '4c2593cfc3689a7fcd7be52549167e5ccc93ad28', time: '2016-02-11 11:22:43'
System info: host: 'DESKTOP-U9QO90T', ip: '192.168.1.224', os.name: 'Windows 10', os.arch: 'amd64', os.version: '10.0', java.version: '1.8.0_121'
Driver info: org.openqa.selenium.chrome.ChromeDriver
Capabilities [{mobileEmulationEnabled=false, timeouts={implicit=0, pageLoad=300000, script=30000}, hasTouchScreen=false, platform=XP, acceptSslCerts=false, goog:chromeOptions={debuggerAddress=localhost:64901}, acceptInsecureCerts=false, webStorageEnabled=true, browserName=chrome, takesScreenshot=true, javascriptEnabled=true, setWindowRect=true, unexpectedAlertBehaviour=ignore, applicationCacheEnabled=false, rotatable=false, networkConnectionEnabled=false, chrome={chromedriverVersion=78.0.3904.70 (edb9c9f3de0247fd912a77b7f6cae7447f6d3ad5-refs/branch-heads/3904@{#800}), userDataDir=C:\Users\SHUBHA~1\AppData\Local\Temp\scoped_dir2988_803230701}, takesHeapSnapshot=true, pageLoadStrategy=normal, strictFileInteractability=false, databaseEnabled=false, handlesAlerts=true, version=78.0.3904.108, browserConnectionEnabled=false, proxy={}, nativeEvents=true, locationContextEnabled=true, cssSelectorsEnabled=true}]
Session ID: 062bfadd0aea18026d72760c0e937dc5
*** Element info: {Using=id, value=gender_1}]]>
            </message>
            <full-stacktrace>
              <![CDATA[org.openqa.selenium.NoSuchElementException: no such element: Unable to locate element: {"method":"id","selector":"gender_1"}
  (Session info: chrome=78.0.3904.108)
  (Driver info: chromedriver=78.0.3904.70 (edb9c9f3de0247fd912a77b7f6cae7447f6d3ad5-refs/branch-heads/3904@{#800}),platform=Windows NT 10.0.18362 x86_64) (WARNING: The server did not provide any stacktrace information)
Command duration or timeout: 50.05 seconds
For documentation on this error, please visit: http://seleniumhq.org/exceptions/no_such_element.html
Build info: version: '2.52.0', revision: '4c2593cfc3689a7fcd7be52549167e5ccc93ad28', time: '2016-02-11 11:22:43'
System info: host: 'DESKTOP-U9QO90T', ip: '192.168.1.224', os.name: 'Windows 10', os.arch: 'amd64', os.version: '10.0', java.version: '1.8.0_121'
Driver info: org.openqa.selenium.chrome.ChromeDriver
Capabilities [{mobileEmulationEnabled=false, timeouts={implicit=0, pageLoad=300000, script=30000}, hasTouchScreen=false, platform=XP, acceptSslCerts=false, goog:chromeOptions={debuggerAddress=localhost:64901}, acceptInsecureCerts=false, webStorageEnabled=true, browserName=chrome, takesScreenshot=true, javascriptEnabled=true, setWindowRect=true, unexpectedAlertBehaviour=ignore, applicationCacheEnabled=false, rotatable=false, networkConnectionEnabled=false, chrome={chromedriverVersion=78.0.3904.70 (edb9c9f3de0247fd912a77b7f6cae7447f6d3ad5-refs/branch-heads/3904@{#800}), userDataDir=C:\Users\SHUBHA~1\AppData\Local\Temp\scoped_dir2988_803230701}, takesHeapSnapshot=true, pageLoadStrategy=normal, strictFileInteractability=false, databaseEnabled=false, handlesAlerts=true, version=78.0.3904.108, browserConnectionEnabled=false, proxy={}, nativeEvents=true, locationContextEnabled=true, cssSelectorsEnabled=true}]
Session ID: 062bfadd0aea18026d72760c0e937dc5
*** Element info: {Using=id, value=gender_1}
at sun.reflect.NativeConstructorAccessorImpl.newInstance0(Native Method)
at sun.reflect.NativeConstructorAccessorImpl.newInstance(NativeConstructorAccessorImpl.java:62)
at sun.reflect.DelegatingConstructorAccessorImpl.newInstance(DelegatingConstructorAccessorImpl.java:45)
at java.lang.reflect.Constructor.newInstance(Constructor.java:423)
at org.openqa.selenium.remote.ErrorHandler.createThrowable(ErrorHandler.java:206)
at org.openqa.selenium.remote.ErrorHandler.throwIfResponseFailed(ErrorHandler.java:158)
at org.openqa.selenium.remote.RemoteWebDriver.execute(RemoteWebDriver.java:678)
at org.openqa.selenium.remote.RemoteWebDriver.findElement(RemoteWebDriver.java:363)
at org.openqa.selenium.remote.RemoteWebDriver.findElementById(RemoteWebDriver.java:413)
at org.openqa.selenium.By$ById.findElement(By.java:218)
at org.openqa.selenium.remote.RemoteWebDriver.findElement(RemoteWebDriver.java:355)
at com.psc.Pages.P_3_CustomerPage.VerifyCustomer(P_3_CustomerPage.java:43)
at com.psc.testcases.T_3_CustomerPageTest.ValidatCustomerTest(T_3_CustomerPageTest.java:64)
at sun.reflect.NativeMethodAccessorImpl.invoke0(Native Method)
at sun.reflect.NativeMethodAccessorImpl.invoke(NativeMethodAccessorImpl.java:62)
at sun.reflect.DelegatingMethodAccessorImpl.invoke(DelegatingMethodAccessorImpl.java:43)
at java.lang.reflect.Method.invoke(Method.java:498)
at org.testng.internal.MethodInvocationHelper.invokeMethod(MethodInvocationHelper.java:133)
at org.testng.internal.TestInvoker.invokeMethod(TestInvoker.java:584)
at org.testng.internal.TestInvoker.invokeTestMethod(TestInvoker.java:172)
at org.testng.internal.MethodRunner.runInSequence(MethodRunner.java:46)
at org.testng.internal.TestInvoker$MethodInvocationAgent.invoke(TestInvoker.java:804)
at org.testng.internal.TestInvoker.invokeTestMethods(TestInvoker.java:145)
at org.testng.internal.TestMethodWorker.invokeTestMethods(TestMethodWorker.java:146)
at org.testng.internal.TestMethodWorker.run(TestMethodWorker.java:128)
at java.util.ArrayList.forEach(ArrayList.java:1249)
at org.testng.TestRunner.privateRun(TestRunner.java:770)
at org.testng.TestRunner.run(TestRunner.java:591)
at org.testng.SuiteRunner.runTest(SuiteRunner.java:402)
at org.testng.SuiteRunner.runSequentially(SuiteRunner.java:396)
at org.testng.SuiteRunner.privateRun(SuiteRunner.java:355)
at org.testng.SuiteRunner.run(SuiteRunner.java:304)
at org.testng.SuiteRunnerWorker.runSuite(SuiteRunnerWorker.java:53)
at org.testng.SuiteRunnerWorker.run(SuiteRunnerWorker.java:96)
at org.testng.TestNG.runSuitesSequentially(TestNG.java:1180)
at org.testng.TestNG.runSuitesLocally(TestNG.java:1102)
at org.testng.TestNG.runSuites(TestNG.java:1032)
at org.testng.TestNG.run(TestNG.java:1000)
at org.apache.maven.surefire.testng.TestNGExecutor.run(TestNGExecutor.java:282)
at org.apache.maven.surefire.testng.TestNGXmlTestSuite.execute(TestNGXmlTestSuite.java:83)
at org.apache.maven.surefire.testng.TestNGProvider.invoke(TestNGProvider.java:114)
at org.apache.maven.surefire.booter.ForkedBooter.invokeProviderInSameClassLoader(ForkedBooter.java:286)
at org.apache.maven.surefire.booter.ForkedBooter.runSuitesInProcess(ForkedBooter.java:240)
at org.apache.maven.surefire.booter.ForkedBooter.main(ForkedBooter.java:121)
]]>
            </full-stacktrace>
          </exception> <!-- org.openqa.selenium.NoSuchElementException -->
          <reporter-output>
          </reporter-output>
        </test-method> <!-- ValidatCustomerTest -->
        <test-method status="PASS" signature="ExitPath()[pri:0, instance:com.psc.testcases.T_3_CustomerPageTest@4516af24]" name="ExitPath" is-config="true" duration-ms="1888" started-at="2019-12-18T17:15:30 IST" finished-at="2019-12-18T17:15:32 IST">
          <reporter-output>
          </reporter-output>
        </test-method> <!-- ExitPath -->
        <test-method status="PASS" signature="setUp()[pri:0, instance:com.psc.testcases.T_3_CustomerPageTest@4516af24]" name="setUp" is-config="true" duration-ms="15664" started-at="2019-12-18T17:15:32 IST" finished-at="2019-12-18T17:15:47 IST">
          <reporter-output>
          </reporter-output>
        </test-method> <!-- setUp -->
        <test-method status="PASS" signature="ValidatCustomerTest(java.lang.String, java.lang.String, java.lang.String)[pri:2, instance:com.psc.testcases.T_3_CustomerPageTest@4516af24]" name="ValidatCustomerTest" duration-ms="10254" started-at="2019-12-18T17:15:47 IST" data-provider="getPSCTestData" finished-at="2019-12-18T17:15:57 IST">
          <params>
            <param index="0">
              <value>
                <![CDATA[Pradip]]>
              </value>
            </param>
            <param index="1">
              <value>
                <![CDATA[Dighole]]>
              </value>
            </param>
            <param index="2">
              <value>
                <![CDATA[Customer]]>
              </value>
            </param>
          </params>
          <reporter-output>
          </reporter-output>
        </test-method> <!-- ValidatCustomerTest -->
        <test-method status="PASS" signature="ExitPath()[pri:0, instance:com.psc.testcases.T_3_CustomerPageTest@4516af24]" name="ExitPath" is-config="true" duration-ms="2169" started-at="2019-12-18T17:15:57 IST" finished-at="2019-12-18T17:16:00 IST">
          <reporter-output>
          </reporter-output>
        </test-method> <!-- ExitPath -->
        <test-method status="PASS" signature="setUp()[pri:0, instance:com.psc.testcases.T_3_CustomerPageTest@4516af24]" name="setUp" is-config="true" duration-ms="14449" started-at="2019-12-18T17:16:00 IST" finished-at="2019-12-18T17:16:14 IST">
          <reporter-output>
          </reporter-output>
        </test-method> <!-- setUp -->
        <test-method status="PASS" signature="ValidatAddressesTest()[pri:3, instance:com.psc.testcases.T_3_CustomerPageTest@4516af24]" name="ValidatAddressesTest" duration-ms="5634" started-at="2019-12-18T17:16:14 IST" finished-at="2019-12-18T17:16:20 IST">
          <reporter-output>
          </reporter-output>
        </test-method> <!-- ValidatAddressesTest -->
        <test-method status="PASS" signature="ExitPath()[pri:0, instance:com.psc.testcases.T_3_CustomerPageTest@4516af24]" name="ExitPath" is-config="true" duration-ms="1397" started-at="2019-12-18T17:16:20 IST" finished-at="2019-12-18T17:16:21 IST">
          <reporter-output>
          </reporter-output>
        </test-method> <!-- ExitPath -->
        <test-method status="PASS" signature="setUp()[pri:0, instance:com.psc.testcases.T_3_CustomerPageTest@4516af24]" name="setUp" is-config="true" duration-ms="13026" started-at="2019-12-18T17:16:21 IST" finished-at="2019-12-18T17:16:34 IST">
          <reporter-output>
          </reporter-output>
        </test-method> <!-- setUp -->
        <test-method status="PASS" signature="ValidatGroupsTest()[pri:4, instance:com.psc.testcases.T_3_CustomerPageTest@4516af24]" name="ValidatGroupsTest" duration-ms="11160" started-at="2019-12-18T17:16:34 IST" finished-at="2019-12-18T17:16:45 IST">
          <reporter-output>
          </reporter-output>
        </test-method> <!-- ValidatGroupsTest -->
        <test-method status="PASS" signature="ExitPath()[pri:0, instance:com.psc.testcases.T_3_CustomerPageTest@4516af24]" name="ExitPath" is-config="true" duration-ms="1601" started-at="2019-12-18T17:16:45 IST" finished-at="2019-12-18T17:16:47 IST">
          <reporter-output>
          </reporter-output>
        </test-method> <!-- ExitPath -->
        <test-method status="PASS" signature="setUp()[pri:0, instance:com.psc.testcases.T_3_CustomerPageTest@4516af24]" name="setUp" is-config="true" duration-ms="16109" started-at="2019-12-18T17:16:47 IST" finished-at="2019-12-18T17:17:03 IST">
          <reporter-output>
          </reporter-output>
        </test-method> <!-- setUp -->
        <test-method status="PASS" signature="ValidatShippingCartsTest()[pri:5, instance:com.psc.testcases.T_3_CustomerPageTest@4516af24]" name="ValidatShippingCartsTest" duration-ms="8740" started-at="2019-12-18T17:17:03 IST" finished-at="2019-12-18T17:17:12 IST">
          <reporter-output>
          </reporter-output>
        </test-method> <!-- ValidatShippingCartsTest -->
        <test-method status="PASS" signature="ExitPath()[pri:0, instance:com.psc.testcases.T_3_CustomerPageTest@4516af24]" name="ExitPath" is-config="true" duration-ms="1223" started-at="2019-12-18T17:17:12 IST" finished-at="2019-12-18T17:17:13 IST">
          <reporter-output>
          </reporter-output>
        </test-method> <!-- ExitPath -->
        <test-method status="PASS" signature="setUp()[pri:0, instance:com.psc.testcases.T_3_CustomerPageTest@4516af24]" name="setUp" is-config="true" duration-ms="13048" started-at="2019-12-18T17:17:13 IST" finished-at="2019-12-18T17:17:26 IST">
          <reporter-output>
          </reporter-output>
        </test-method> <!-- setUp -->
        <test-method status="PASS" signature="ValidatCustomerServicesTest()[pri:6, instance:com.psc.testcases.T_3_CustomerPageTest@4516af24]" name="ValidatCustomerServicesTest" duration-ms="9632" started-at="2019-12-18T17:17:26 IST" finished-at="2019-12-18T17:17:36 IST">
          <reporter-output>
          </reporter-output>
        </test-method> <!-- ValidatCustomerServicesTest -->
        <test-method status="PASS" signature="ExitPath()[pri:0, instance:com.psc.testcases.T_3_CustomerPageTest@4516af24]" name="ExitPath" is-config="true" duration-ms="1821" started-at="2019-12-18T17:17:36 IST" finished-at="2019-12-18T17:17:37 IST">
          <reporter-output>
          </reporter-output>
        </test-method> <!-- ExitPath -->
        <test-method status="PASS" signature="setUp()[pri:0, instance:com.psc.testcases.T_3_CustomerPageTest@4516af24]" name="setUp" is-config="true" duration-ms="14449" started-at="2019-12-18T17:17:37 IST" finished-at="2019-12-18T17:17:52 IST">
          <reporter-output>
          </reporter-output>
        </test-method> <!-- setUp -->
        <test-method status="PASS" signature="ValidatContactsTest()[pri:7, instance:com.psc.testcases.T_3_CustomerPageTest@4516af24]" name="ValidatContactsTest" duration-ms="10090" started-at="2019-12-18T17:17:52 IST" finished-at="2019-12-18T17:18:02 IST">
          <reporter-output>
          </reporter-output>
        </test-method> <!-- ValidatContactsTest -->
        <test-method status="PASS" signature="ExitPath()[pri:0, instance:com.psc.testcases.T_3_CustomerPageTest@4516af24]" name="ExitPath" is-config="true" duration-ms="1790" started-at="2019-12-18T17:18:02 IST" finished-at="2019-12-18T17:18:04 IST">
          <reporter-output>
          </reporter-output>
        </test-method> <!-- ExitPath -->
        <test-method status="PASS" signature="setUp()[pri:0, instance:com.psc.testcases.T_3_CustomerPageTest@4516af24]" name="setUp" is-config="true" duration-ms="14836" started-at="2019-12-18T17:18:04 IST" finished-at="2019-12-18T17:18:19 IST">
          <reporter-output>
          </reporter-output>
        </test-method> <!-- setUp -->
        <test-method status="PASS" signature="validatTittlesTest()[pri:8, instance:com.psc.testcases.T_3_CustomerPageTest@4516af24]" name="validatTittlesTest" duration-ms="8912" started-at="2019-12-18T17:18:19 IST" finished-at="2019-12-18T17:18:28 IST">
          <reporter-output>
          </reporter-output>
        </test-method> <!-- validatTittlesTest -->
        <test-method status="PASS" signature="ExitPath()[pri:0, instance:com.psc.testcases.T_3_CustomerPageTest@4516af24]" name="ExitPath" is-config="true" duration-ms="2349" started-at="2019-12-18T17:18:28 IST" finished-at="2019-12-18T17:18:30 IST">
          <reporter-output>
          </reporter-output>
        </test-method> <!-- ExitPath -->
        <test-method status="PASS" signature="setUp()[pri:0, instance:com.psc.testcases.T_3_CustomerPageTest@4516af24]" name="setUp" is-config="true" duration-ms="14647" started-at="2019-12-18T17:18:30 IST" finished-at="2019-12-18T17:18:45 IST">
          <reporter-output>
          </reporter-output>
        </test-method> <!-- setUp -->
        <test-method status="PASS" signature="OrdersPage()[pri:9, instance:com.psc.testcases.T_3_CustomerPageTest@4516af24]" name="OrdersPage" duration-ms="1" started-at="2019-12-18T17:18:45 IST" finished-at="2019-12-18T17:18:45 IST">
          <reporter-output>
          </reporter-output>
        </test-method> <!-- OrdersPage -->
        <test-method status="PASS" signature="ExitPath()[pri:0, instance:com.psc.testcases.T_3_CustomerPageTest@4516af24]" name="ExitPath" is-config="true" duration-ms="1011" started-at="2019-12-18T17:18:45 IST" finished-at="2019-12-18T17:18:46 IST">
          <reporter-output>
          </reporter-output>
        </test-method> <!-- ExitPath -->
      </class> <!-- com.psc.testcases.T_3_CustomerPageTest -->
    </test> <!-- PrestaShop Application Test -->
  </suite> <!-- PrestaShop Application Automation Test For Suite Test  -->
</testng-results>
